ARM GAS  C:\Users\moham\AppData\Local\Temp\ccMYzP8h.s 			page 1


   1              		.cpu cortex-m4
   2              		.arch armv7e-m
   3              		.fpu fpv4-sp-d16
   4              		.eabi_attribute 27, 1
   5              		.eabi_attribute 28, 1
   6              		.eabi_attribute 20, 1
   7              		.eabi_attribute 21, 1
   8              		.eabi_attribute 23, 3
   9              		.eabi_attribute 24, 1
  10              		.eabi_attribute 25, 1
  11              		.eabi_attribute 26, 1
  12              		.eabi_attribute 30, 1
  13              		.eabi_attribute 34, 1
  14              		.eabi_attribute 18, 4
  15              		.file	"stm32f4xx_it.c"
  16              		.text
  17              	.Ltext0:
  18              		.cfi_sections	.debug_frame
  19              		.file 1 "Core/Src/stm32f4xx_it.c"
  20              		.section	.text.NMI_Handler,"ax",%progbits
  21              		.align	1
  22              		.global	NMI_Handler
  23              		.syntax unified
  24              		.thumb
  25              		.thumb_func
  27              	NMI_Handler:
  28              	.LFB244:
   1:Core/Src/stm32f4xx_it.c **** /* USER CODE BEGIN Header */
   2:Core/Src/stm32f4xx_it.c **** /**
   3:Core/Src/stm32f4xx_it.c ****   ******************************************************************************
   4:Core/Src/stm32f4xx_it.c ****   * @file    stm32f4xx_it.c
   5:Core/Src/stm32f4xx_it.c ****   * @brief   Interrupt Service Routines.
   6:Core/Src/stm32f4xx_it.c ****   ******************************************************************************
   7:Core/Src/stm32f4xx_it.c ****   * @attention
   8:Core/Src/stm32f4xx_it.c ****   *
   9:Core/Src/stm32f4xx_it.c ****   * Copyright (c) 2025 STMicroelectronics.
  10:Core/Src/stm32f4xx_it.c ****   * All rights reserved.
  11:Core/Src/stm32f4xx_it.c ****   *
  12:Core/Src/stm32f4xx_it.c ****   * This software is licensed under terms that can be found in the LICENSE file
  13:Core/Src/stm32f4xx_it.c ****   * in the root directory of this software component.
  14:Core/Src/stm32f4xx_it.c ****   * If no LICENSE file comes with this software, it is provided AS-IS.
  15:Core/Src/stm32f4xx_it.c ****   *
  16:Core/Src/stm32f4xx_it.c ****   ******************************************************************************
  17:Core/Src/stm32f4xx_it.c ****   */
  18:Core/Src/stm32f4xx_it.c **** /* USER CODE END Header */
  19:Core/Src/stm32f4xx_it.c **** 
  20:Core/Src/stm32f4xx_it.c **** /* Includes ------------------------------------------------------------------*/
  21:Core/Src/stm32f4xx_it.c **** #include "main.h"
  22:Core/Src/stm32f4xx_it.c **** #include "stm32f4xx_it.h"
  23:Core/Src/stm32f4xx_it.c **** /* Private includes ----------------------------------------------------------*/
  24:Core/Src/stm32f4xx_it.c **** /* USER CODE BEGIN Includes */
  25:Core/Src/stm32f4xx_it.c **** #include "FreeRTOS.h"
  26:Core/Src/stm32f4xx_it.c **** #include "queue.h"
  27:Core/Src/stm32f4xx_it.c **** /* USER CODE END Includes */
  28:Core/Src/stm32f4xx_it.c **** 
  29:Core/Src/stm32f4xx_it.c **** /* Private typedef -----------------------------------------------------------*/
  30:Core/Src/stm32f4xx_it.c **** /* USER CODE BEGIN TD */
ARM GAS  C:\Users\moham\AppData\Local\Temp\ccMYzP8h.s 			page 2


  31:Core/Src/stm32f4xx_it.c **** 
  32:Core/Src/stm32f4xx_it.c **** /* USER CODE END TD */
  33:Core/Src/stm32f4xx_it.c **** 
  34:Core/Src/stm32f4xx_it.c **** /* Private define ------------------------------------------------------------*/
  35:Core/Src/stm32f4xx_it.c **** /* USER CODE BEGIN PD */
  36:Core/Src/stm32f4xx_it.c **** /* USER CODE END PD */
  37:Core/Src/stm32f4xx_it.c **** 
  38:Core/Src/stm32f4xx_it.c **** /* Private macro -------------------------------------------------------------*/
  39:Core/Src/stm32f4xx_it.c **** /* USER CODE BEGIN PM */
  40:Core/Src/stm32f4xx_it.c **** 
  41:Core/Src/stm32f4xx_it.c **** /* USER CODE END PM */
  42:Core/Src/stm32f4xx_it.c **** 
  43:Core/Src/stm32f4xx_it.c **** /* Private variables ---------------------------------------------------------*/
  44:Core/Src/stm32f4xx_it.c **** /* USER CODE BEGIN PV */
  45:Core/Src/stm32f4xx_it.c **** 
  46:Core/Src/stm32f4xx_it.c **** /* USER CODE END PV */
  47:Core/Src/stm32f4xx_it.c **** 
  48:Core/Src/stm32f4xx_it.c **** /* Private function prototypes -----------------------------------------------*/
  49:Core/Src/stm32f4xx_it.c **** /* USER CODE BEGIN PFP */
  50:Core/Src/stm32f4xx_it.c **** 
  51:Core/Src/stm32f4xx_it.c **** /* USER CODE END PFP */
  52:Core/Src/stm32f4xx_it.c **** 
  53:Core/Src/stm32f4xx_it.c **** /* Private user code ---------------------------------------------------------*/
  54:Core/Src/stm32f4xx_it.c **** /* USER CODE BEGIN 0 */
  55:Core/Src/stm32f4xx_it.c **** 
  56:Core/Src/stm32f4xx_it.c **** /* USER CODE END 0 */
  57:Core/Src/stm32f4xx_it.c **** 
  58:Core/Src/stm32f4xx_it.c **** /* External variables --------------------------------------------------------*/
  59:Core/Src/stm32f4xx_it.c **** extern HCD_HandleTypeDef hhcd_USB_OTG_HS;
  60:Core/Src/stm32f4xx_it.c **** extern DMA_HandleTypeDef hdma_adc1;
  61:Core/Src/stm32f4xx_it.c **** extern ADC_HandleTypeDef hadc1;
  62:Core/Src/stm32f4xx_it.c **** extern DMA2D_HandleTypeDef hdma2d;
  63:Core/Src/stm32f4xx_it.c **** extern LTDC_HandleTypeDef hltdc;
  64:Core/Src/stm32f4xx_it.c **** extern UART_HandleTypeDef huart1;
  65:Core/Src/stm32f4xx_it.c **** extern TIM_HandleTypeDef htim6;
  66:Core/Src/stm32f4xx_it.c **** 
  67:Core/Src/stm32f4xx_it.c **** /* USER CODE BEGIN EV */
  68:Core/Src/stm32f4xx_it.c **** 
  69:Core/Src/stm32f4xx_it.c **** /* USER CODE END EV */
  70:Core/Src/stm32f4xx_it.c **** 
  71:Core/Src/stm32f4xx_it.c **** /******************************************************************************/
  72:Core/Src/stm32f4xx_it.c **** /*           Cortex-M4 Processor Interruption and Exception Handlers          */
  73:Core/Src/stm32f4xx_it.c **** /******************************************************************************/
  74:Core/Src/stm32f4xx_it.c **** /**
  75:Core/Src/stm32f4xx_it.c ****   * @brief This function handles Non maskable interrupt.
  76:Core/Src/stm32f4xx_it.c ****   */
  77:Core/Src/stm32f4xx_it.c **** void NMI_Handler(void)
  78:Core/Src/stm32f4xx_it.c **** {
  29              		.loc 1 78 1 view -0
  30              		.cfi_startproc
  31              		@ Volatile: function does not return.
  32              		@ args = 0, pretend = 0, frame = 0
  33              		@ frame_needed = 0, uses_anonymous_args = 0
  34              		@ link register save eliminated.
  35              	.L2:
  79:Core/Src/stm32f4xx_it.c ****   /* USER CODE BEGIN NonMaskableInt_IRQn 0 */
  80:Core/Src/stm32f4xx_it.c **** 
ARM GAS  C:\Users\moham\AppData\Local\Temp\ccMYzP8h.s 			page 3


  81:Core/Src/stm32f4xx_it.c ****   /* USER CODE END NonMaskableInt_IRQn 0 */
  82:Core/Src/stm32f4xx_it.c ****   /* USER CODE BEGIN NonMaskableInt_IRQn 1 */
  83:Core/Src/stm32f4xx_it.c ****    while (1)
  36              		.loc 1 83 4 view .LVU1
  84:Core/Src/stm32f4xx_it.c ****   {
  85:Core/Src/stm32f4xx_it.c ****   }
  37              		.loc 1 85 3 view .LVU2
  83:Core/Src/stm32f4xx_it.c ****   {
  38              		.loc 1 83 10 view .LVU3
  39 0000 FEE7     		b	.L2
  40              		.cfi_endproc
  41              	.LFE244:
  43              		.section	.text.HardFault_Handler,"ax",%progbits
  44              		.align	1
  45              		.global	HardFault_Handler
  46              		.syntax unified
  47              		.thumb
  48              		.thumb_func
  50              	HardFault_Handler:
  51              	.LFB245:
  86:Core/Src/stm32f4xx_it.c ****   /* USER CODE END NonMaskableInt_IRQn 1 */
  87:Core/Src/stm32f4xx_it.c **** }
  88:Core/Src/stm32f4xx_it.c **** 
  89:Core/Src/stm32f4xx_it.c **** /**
  90:Core/Src/stm32f4xx_it.c ****   * @brief This function handles Hard fault interrupt.
  91:Core/Src/stm32f4xx_it.c ****   */
  92:Core/Src/stm32f4xx_it.c **** void HardFault_Handler(void)
  93:Core/Src/stm32f4xx_it.c **** {
  52              		.loc 1 93 1 view -0
  53              		.cfi_startproc
  54              		@ Volatile: function does not return.
  55              		@ args = 0, pretend = 0, frame = 0
  56              		@ frame_needed = 0, uses_anonymous_args = 0
  57              		@ link register save eliminated.
  58              	.L4:
  94:Core/Src/stm32f4xx_it.c ****   /* USER CODE BEGIN HardFault_IRQn 0 */
  95:Core/Src/stm32f4xx_it.c **** 
  96:Core/Src/stm32f4xx_it.c ****   /* USER CODE END HardFault_IRQn 0 */
  97:Core/Src/stm32f4xx_it.c ****   while (1)
  59              		.loc 1 97 3 view .LVU5
  98:Core/Src/stm32f4xx_it.c ****   {
  99:Core/Src/stm32f4xx_it.c ****     /* USER CODE BEGIN W1_HardFault_IRQn 0 */
 100:Core/Src/stm32f4xx_it.c ****     /* USER CODE END W1_HardFault_IRQn 0 */
 101:Core/Src/stm32f4xx_it.c ****   }
  60              		.loc 1 101 3 view .LVU6
  97:Core/Src/stm32f4xx_it.c ****   {
  61              		.loc 1 97 9 view .LVU7
  62 0000 FEE7     		b	.L4
  63              		.cfi_endproc
  64              	.LFE245:
  66              		.section	.text.MemManage_Handler,"ax",%progbits
  67              		.align	1
  68              		.global	MemManage_Handler
  69              		.syntax unified
  70              		.thumb
  71              		.thumb_func
  73              	MemManage_Handler:
ARM GAS  C:\Users\moham\AppData\Local\Temp\ccMYzP8h.s 			page 4


  74              	.LFB246:
 102:Core/Src/stm32f4xx_it.c **** }
 103:Core/Src/stm32f4xx_it.c **** 
 104:Core/Src/stm32f4xx_it.c **** /**
 105:Core/Src/stm32f4xx_it.c ****   * @brief This function handles Memory management fault.
 106:Core/Src/stm32f4xx_it.c ****   */
 107:Core/Src/stm32f4xx_it.c **** void MemManage_Handler(void)
 108:Core/Src/stm32f4xx_it.c **** {
  75              		.loc 1 108 1 view -0
  76              		.cfi_startproc
  77              		@ Volatile: function does not return.
  78              		@ args = 0, pretend = 0, frame = 0
  79              		@ frame_needed = 0, uses_anonymous_args = 0
  80              		@ link register save eliminated.
  81              	.L6:
 109:Core/Src/stm32f4xx_it.c ****   /* USER CODE BEGIN MemoryManagement_IRQn 0 */
 110:Core/Src/stm32f4xx_it.c **** 
 111:Core/Src/stm32f4xx_it.c ****   /* USER CODE END MemoryManagement_IRQn 0 */
 112:Core/Src/stm32f4xx_it.c ****   while (1)
  82              		.loc 1 112 3 view .LVU9
 113:Core/Src/stm32f4xx_it.c ****   {
 114:Core/Src/stm32f4xx_it.c ****     /* USER CODE BEGIN W1_MemoryManagement_IRQn 0 */
 115:Core/Src/stm32f4xx_it.c ****     /* USER CODE END W1_MemoryManagement_IRQn 0 */
 116:Core/Src/stm32f4xx_it.c ****   }
  83              		.loc 1 116 3 view .LVU10
 112:Core/Src/stm32f4xx_it.c ****   {
  84              		.loc 1 112 9 view .LVU11
  85 0000 FEE7     		b	.L6
  86              		.cfi_endproc
  87              	.LFE246:
  89              		.section	.text.BusFault_Handler,"ax",%progbits
  90              		.align	1
  91              		.global	BusFault_Handler
  92              		.syntax unified
  93              		.thumb
  94              		.thumb_func
  96              	BusFault_Handler:
  97              	.LFB247:
 117:Core/Src/stm32f4xx_it.c **** }
 118:Core/Src/stm32f4xx_it.c **** 
 119:Core/Src/stm32f4xx_it.c **** /**
 120:Core/Src/stm32f4xx_it.c ****   * @brief This function handles Pre-fetch fault, memory access fault.
 121:Core/Src/stm32f4xx_it.c ****   */
 122:Core/Src/stm32f4xx_it.c **** void BusFault_Handler(void)
 123:Core/Src/stm32f4xx_it.c **** {
  98              		.loc 1 123 1 view -0
  99              		.cfi_startproc
 100              		@ Volatile: function does not return.
 101              		@ args = 0, pretend = 0, frame = 0
 102              		@ frame_needed = 0, uses_anonymous_args = 0
 103              		@ link register save eliminated.
 104              	.L8:
 124:Core/Src/stm32f4xx_it.c ****   /* USER CODE BEGIN BusFault_IRQn 0 */
 125:Core/Src/stm32f4xx_it.c **** 
 126:Core/Src/stm32f4xx_it.c ****   /* USER CODE END BusFault_IRQn 0 */
 127:Core/Src/stm32f4xx_it.c ****   while (1)
 105              		.loc 1 127 3 view .LVU13
ARM GAS  C:\Users\moham\AppData\Local\Temp\ccMYzP8h.s 			page 5


 128:Core/Src/stm32f4xx_it.c ****   {
 129:Core/Src/stm32f4xx_it.c ****     /* USER CODE BEGIN W1_BusFault_IRQn 0 */
 130:Core/Src/stm32f4xx_it.c ****     /* USER CODE END W1_BusFault_IRQn 0 */
 131:Core/Src/stm32f4xx_it.c ****   }
 106              		.loc 1 131 3 view .LVU14
 127:Core/Src/stm32f4xx_it.c ****   {
 107              		.loc 1 127 9 view .LVU15
 108 0000 FEE7     		b	.L8
 109              		.cfi_endproc
 110              	.LFE247:
 112              		.section	.text.UsageFault_Handler,"ax",%progbits
 113              		.align	1
 114              		.global	UsageFault_Handler
 115              		.syntax unified
 116              		.thumb
 117              		.thumb_func
 119              	UsageFault_Handler:
 120              	.LFB248:
 132:Core/Src/stm32f4xx_it.c **** }
 133:Core/Src/stm32f4xx_it.c **** 
 134:Core/Src/stm32f4xx_it.c **** /**
 135:Core/Src/stm32f4xx_it.c ****   * @brief This function handles Undefined instruction or illegal state.
 136:Core/Src/stm32f4xx_it.c ****   */
 137:Core/Src/stm32f4xx_it.c **** void UsageFault_Handler(void)
 138:Core/Src/stm32f4xx_it.c **** {
 121              		.loc 1 138 1 view -0
 122              		.cfi_startproc
 123              		@ Volatile: function does not return.
 124              		@ args = 0, pretend = 0, frame = 0
 125              		@ frame_needed = 0, uses_anonymous_args = 0
 126              		@ link register save eliminated.
 127              	.L10:
 139:Core/Src/stm32f4xx_it.c ****   /* USER CODE BEGIN UsageFault_IRQn 0 */
 140:Core/Src/stm32f4xx_it.c **** 
 141:Core/Src/stm32f4xx_it.c ****   /* USER CODE END UsageFault_IRQn 0 */
 142:Core/Src/stm32f4xx_it.c ****   while (1)
 128              		.loc 1 142 3 view .LVU17
 143:Core/Src/stm32f4xx_it.c ****   {
 144:Core/Src/stm32f4xx_it.c ****     /* USER CODE BEGIN W1_UsageFault_IRQn 0 */
 145:Core/Src/stm32f4xx_it.c ****     /* USER CODE END W1_UsageFault_IRQn 0 */
 146:Core/Src/stm32f4xx_it.c ****   }
 129              		.loc 1 146 3 view .LVU18
 142:Core/Src/stm32f4xx_it.c ****   {
 130              		.loc 1 142 9 view .LVU19
 131 0000 FEE7     		b	.L10
 132              		.cfi_endproc
 133              	.LFE248:
 135              		.section	.text.DebugMon_Handler,"ax",%progbits
 136              		.align	1
 137              		.global	DebugMon_Handler
 138              		.syntax unified
 139              		.thumb
 140              		.thumb_func
 142              	DebugMon_Handler:
 143              	.LFB249:
 147:Core/Src/stm32f4xx_it.c **** }
 148:Core/Src/stm32f4xx_it.c **** 
ARM GAS  C:\Users\moham\AppData\Local\Temp\ccMYzP8h.s 			page 6


 149:Core/Src/stm32f4xx_it.c **** /**
 150:Core/Src/stm32f4xx_it.c ****   * @brief This function handles Debug monitor.
 151:Core/Src/stm32f4xx_it.c ****   */
 152:Core/Src/stm32f4xx_it.c **** void DebugMon_Handler(void)
 153:Core/Src/stm32f4xx_it.c **** {
 144              		.loc 1 153 1 view -0
 145              		.cfi_startproc
 146              		@ args = 0, pretend = 0, frame = 0
 147              		@ frame_needed = 0, uses_anonymous_args = 0
 148              		@ link register save eliminated.
 154:Core/Src/stm32f4xx_it.c ****   /* USER CODE BEGIN DebugMonitor_IRQn 0 */
 155:Core/Src/stm32f4xx_it.c **** 
 156:Core/Src/stm32f4xx_it.c ****   /* USER CODE END DebugMonitor_IRQn 0 */
 157:Core/Src/stm32f4xx_it.c ****   /* USER CODE BEGIN DebugMonitor_IRQn 1 */
 158:Core/Src/stm32f4xx_it.c **** 
 159:Core/Src/stm32f4xx_it.c ****   /* USER CODE END DebugMonitor_IRQn 1 */
 160:Core/Src/stm32f4xx_it.c **** }
 149              		.loc 1 160 1 view .LVU21
 150 0000 7047     		bx	lr
 151              		.cfi_endproc
 152              	.LFE249:
 154              		.section	.text.ADC_IRQHandler,"ax",%progbits
 155              		.align	1
 156              		.global	ADC_IRQHandler
 157              		.syntax unified
 158              		.thumb
 159              		.thumb_func
 161              	ADC_IRQHandler:
 162              	.LFB250:
 161:Core/Src/stm32f4xx_it.c **** 
 162:Core/Src/stm32f4xx_it.c **** /******************************************************************************/
 163:Core/Src/stm32f4xx_it.c **** /* STM32F4xx Peripheral Interrupt Handlers                                    */
 164:Core/Src/stm32f4xx_it.c **** /* Add here the Interrupt Handlers for the used peripherals.                  */
 165:Core/Src/stm32f4xx_it.c **** /* For the available peripheral interrupt handler names,                      */
 166:Core/Src/stm32f4xx_it.c **** /* please refer to the startup file (startup_stm32f4xx.s).                    */
 167:Core/Src/stm32f4xx_it.c **** /******************************************************************************/
 168:Core/Src/stm32f4xx_it.c **** 
 169:Core/Src/stm32f4xx_it.c **** /**
 170:Core/Src/stm32f4xx_it.c ****   * @brief This function handles ADC1, ADC2 and ADC3 global interrupts.
 171:Core/Src/stm32f4xx_it.c ****   */
 172:Core/Src/stm32f4xx_it.c **** void ADC_IRQHandler(void)
 173:Core/Src/stm32f4xx_it.c **** {
 163              		.loc 1 173 1 view -0
 164              		.cfi_startproc
 165              		@ args = 0, pretend = 0, frame = 0
 166              		@ frame_needed = 0, uses_anonymous_args = 0
 167 0000 08B5     		push	{r3, lr}
 168              	.LCFI0:
 169              		.cfi_def_cfa_offset 8
 170              		.cfi_offset 3, -8
 171              		.cfi_offset 14, -4
 174:Core/Src/stm32f4xx_it.c ****   /* USER CODE BEGIN ADC_IRQn 0 */
 175:Core/Src/stm32f4xx_it.c **** 
 176:Core/Src/stm32f4xx_it.c ****   /* USER CODE END ADC_IRQn 0 */
 177:Core/Src/stm32f4xx_it.c ****   HAL_ADC_IRQHandler(&hadc1);
 172              		.loc 1 177 3 view .LVU23
 173 0002 0248     		ldr	r0, .L14
ARM GAS  C:\Users\moham\AppData\Local\Temp\ccMYzP8h.s 			page 7


 174 0004 FFF7FEFF 		bl	HAL_ADC_IRQHandler
 175              	.LVL0:
 178:Core/Src/stm32f4xx_it.c ****   /* USER CODE BEGIN ADC_IRQn 1 */
 179:Core/Src/stm32f4xx_it.c **** 
 180:Core/Src/stm32f4xx_it.c ****   /* USER CODE END ADC_IRQn 1 */
 181:Core/Src/stm32f4xx_it.c **** }
 176              		.loc 1 181 1 is_stmt 0 view .LVU24
 177 0008 08BD     		pop	{r3, pc}
 178              	.L15:
 179 000a 00BF     		.align	2
 180              	.L14:
 181 000c 00000000 		.word	hadc1
 182              		.cfi_endproc
 183              	.LFE250:
 185              		.section	.text.USART1_IRQHandler,"ax",%progbits
 186              		.align	1
 187              		.global	USART1_IRQHandler
 188              		.syntax unified
 189              		.thumb
 190              		.thumb_func
 192              	USART1_IRQHandler:
 193              	.LFB251:
 182:Core/Src/stm32f4xx_it.c **** 
 183:Core/Src/stm32f4xx_it.c **** /**
 184:Core/Src/stm32f4xx_it.c ****   * @brief This function handles USART1 global interrupt.
 185:Core/Src/stm32f4xx_it.c ****   */
 186:Core/Src/stm32f4xx_it.c **** void USART1_IRQHandler(void)
 187:Core/Src/stm32f4xx_it.c **** {
 194              		.loc 1 187 1 is_stmt 1 view -0
 195              		.cfi_startproc
 196              		@ args = 0, pretend = 0, frame = 0
 197              		@ frame_needed = 0, uses_anonymous_args = 0
 198 0000 08B5     		push	{r3, lr}
 199              	.LCFI1:
 200              		.cfi_def_cfa_offset 8
 201              		.cfi_offset 3, -8
 202              		.cfi_offset 14, -4
 188:Core/Src/stm32f4xx_it.c ****   /* USER CODE BEGIN USART1_IRQn 0 */
 189:Core/Src/stm32f4xx_it.c **** 
 190:Core/Src/stm32f4xx_it.c ****   /* USER CODE END USART1_IRQn 0 */
 191:Core/Src/stm32f4xx_it.c ****   HAL_UART_IRQHandler(&huart1);
 203              		.loc 1 191 3 view .LVU26
 204 0002 0248     		ldr	r0, .L18
 205 0004 FFF7FEFF 		bl	HAL_UART_IRQHandler
 206              	.LVL1:
 192:Core/Src/stm32f4xx_it.c ****   /* USER CODE BEGIN USART1_IRQn 1 */
 193:Core/Src/stm32f4xx_it.c **** 
 194:Core/Src/stm32f4xx_it.c ****   /* USER CODE END USART1_IRQn 1 */
 195:Core/Src/stm32f4xx_it.c **** }
 207              		.loc 1 195 1 is_stmt 0 view .LVU27
 208 0008 08BD     		pop	{r3, pc}
 209              	.L19:
 210 000a 00BF     		.align	2
 211              	.L18:
 212 000c 00000000 		.word	huart1
 213              		.cfi_endproc
 214              	.LFE251:
ARM GAS  C:\Users\moham\AppData\Local\Temp\ccMYzP8h.s 			page 8


 216              		.section	.text.TIM6_DAC_IRQHandler,"ax",%progbits
 217              		.align	1
 218              		.global	TIM6_DAC_IRQHandler
 219              		.syntax unified
 220              		.thumb
 221              		.thumb_func
 223              	TIM6_DAC_IRQHandler:
 224              	.LFB252:
 196:Core/Src/stm32f4xx_it.c **** 
 197:Core/Src/stm32f4xx_it.c **** /**
 198:Core/Src/stm32f4xx_it.c ****   * @brief This function handles TIM6 global interrupt, DAC1 and DAC2 underrun error interrupts.
 199:Core/Src/stm32f4xx_it.c ****   */
 200:Core/Src/stm32f4xx_it.c **** void TIM6_DAC_IRQHandler(void)
 201:Core/Src/stm32f4xx_it.c **** {
 225              		.loc 1 201 1 is_stmt 1 view -0
 226              		.cfi_startproc
 227              		@ args = 0, pretend = 0, frame = 0
 228              		@ frame_needed = 0, uses_anonymous_args = 0
 229 0000 08B5     		push	{r3, lr}
 230              	.LCFI2:
 231              		.cfi_def_cfa_offset 8
 232              		.cfi_offset 3, -8
 233              		.cfi_offset 14, -4
 202:Core/Src/stm32f4xx_it.c ****   /* USER CODE BEGIN TIM6_DAC_IRQn 0 */
 203:Core/Src/stm32f4xx_it.c **** 
 204:Core/Src/stm32f4xx_it.c ****   /* USER CODE END TIM6_DAC_IRQn 0 */
 205:Core/Src/stm32f4xx_it.c ****   HAL_TIM_IRQHandler(&htim6);
 234              		.loc 1 205 3 view .LVU29
 235 0002 0248     		ldr	r0, .L22
 236 0004 FFF7FEFF 		bl	HAL_TIM_IRQHandler
 237              	.LVL2:
 206:Core/Src/stm32f4xx_it.c ****   /* USER CODE BEGIN TIM6_DAC_IRQn 1 */
 207:Core/Src/stm32f4xx_it.c **** 
 208:Core/Src/stm32f4xx_it.c ****   /* USER CODE END TIM6_DAC_IRQn 1 */
 209:Core/Src/stm32f4xx_it.c **** }
 238              		.loc 1 209 1 is_stmt 0 view .LVU30
 239 0008 08BD     		pop	{r3, pc}
 240              	.L23:
 241 000a 00BF     		.align	2
 242              	.L22:
 243 000c 00000000 		.word	htim6
 244              		.cfi_endproc
 245              	.LFE252:
 247              		.section	.text.DMA2_Stream0_IRQHandler,"ax",%progbits
 248              		.align	1
 249              		.global	DMA2_Stream0_IRQHandler
 250              		.syntax unified
 251              		.thumb
 252              		.thumb_func
 254              	DMA2_Stream0_IRQHandler:
 255              	.LFB253:
 210:Core/Src/stm32f4xx_it.c **** 
 211:Core/Src/stm32f4xx_it.c **** /**
 212:Core/Src/stm32f4xx_it.c ****   * @brief This function handles DMA2 stream0 global interrupt.
 213:Core/Src/stm32f4xx_it.c ****   */
 214:Core/Src/stm32f4xx_it.c **** void DMA2_Stream0_IRQHandler(void)
 215:Core/Src/stm32f4xx_it.c **** {
ARM GAS  C:\Users\moham\AppData\Local\Temp\ccMYzP8h.s 			page 9


 256              		.loc 1 215 1 is_stmt 1 view -0
 257              		.cfi_startproc
 258              		@ args = 0, pretend = 0, frame = 0
 259              		@ frame_needed = 0, uses_anonymous_args = 0
 260 0000 08B5     		push	{r3, lr}
 261              	.LCFI3:
 262              		.cfi_def_cfa_offset 8
 263              		.cfi_offset 3, -8
 264              		.cfi_offset 14, -4
 216:Core/Src/stm32f4xx_it.c ****   /* USER CODE BEGIN DMA2_Stream0_IRQn 0 */
 217:Core/Src/stm32f4xx_it.c **** 
 218:Core/Src/stm32f4xx_it.c ****   /* USER CODE END DMA2_Stream0_IRQn 0 */
 219:Core/Src/stm32f4xx_it.c ****   HAL_DMA_IRQHandler(&hdma_adc1);
 265              		.loc 1 219 3 view .LVU32
 266 0002 0248     		ldr	r0, .L26
 267 0004 FFF7FEFF 		bl	HAL_DMA_IRQHandler
 268              	.LVL3:
 220:Core/Src/stm32f4xx_it.c ****   /* USER CODE BEGIN DMA2_Stream0_IRQn 1 */
 221:Core/Src/stm32f4xx_it.c **** 
 222:Core/Src/stm32f4xx_it.c ****   /* USER CODE END DMA2_Stream0_IRQn 1 */
 223:Core/Src/stm32f4xx_it.c **** }
 269              		.loc 1 223 1 is_stmt 0 view .LVU33
 270 0008 08BD     		pop	{r3, pc}
 271              	.L27:
 272 000a 00BF     		.align	2
 273              	.L26:
 274 000c 00000000 		.word	hdma_adc1
 275              		.cfi_endproc
 276              	.LFE253:
 278              		.section	.text.OTG_HS_IRQHandler,"ax",%progbits
 279              		.align	1
 280              		.global	OTG_HS_IRQHandler
 281              		.syntax unified
 282              		.thumb
 283              		.thumb_func
 285              	OTG_HS_IRQHandler:
 286              	.LFB254:
 224:Core/Src/stm32f4xx_it.c **** 
 225:Core/Src/stm32f4xx_it.c **** /**
 226:Core/Src/stm32f4xx_it.c ****   * @brief This function handles USB On The Go HS global interrupt.
 227:Core/Src/stm32f4xx_it.c ****   */
 228:Core/Src/stm32f4xx_it.c **** void OTG_HS_IRQHandler(void)
 229:Core/Src/stm32f4xx_it.c **** {
 287              		.loc 1 229 1 is_stmt 1 view -0
 288              		.cfi_startproc
 289              		@ args = 0, pretend = 0, frame = 0
 290              		@ frame_needed = 0, uses_anonymous_args = 0
 291 0000 08B5     		push	{r3, lr}
 292              	.LCFI4:
 293              		.cfi_def_cfa_offset 8
 294              		.cfi_offset 3, -8
 295              		.cfi_offset 14, -4
 230:Core/Src/stm32f4xx_it.c ****   /* USER CODE BEGIN OTG_HS_IRQn 0 */
 231:Core/Src/stm32f4xx_it.c **** 
 232:Core/Src/stm32f4xx_it.c ****   /* USER CODE END OTG_HS_IRQn 0 */
 233:Core/Src/stm32f4xx_it.c ****   HAL_HCD_IRQHandler(&hhcd_USB_OTG_HS);
 296              		.loc 1 233 3 view .LVU35
ARM GAS  C:\Users\moham\AppData\Local\Temp\ccMYzP8h.s 			page 10


 297 0002 0248     		ldr	r0, .L30
 298 0004 FFF7FEFF 		bl	HAL_HCD_IRQHandler
 299              	.LVL4:
 234:Core/Src/stm32f4xx_it.c ****   /* USER CODE BEGIN OTG_HS_IRQn 1 */
 235:Core/Src/stm32f4xx_it.c **** 
 236:Core/Src/stm32f4xx_it.c ****   /* USER CODE END OTG_HS_IRQn 1 */
 237:Core/Src/stm32f4xx_it.c **** }
 300              		.loc 1 237 1 is_stmt 0 view .LVU36
 301 0008 08BD     		pop	{r3, pc}
 302              	.L31:
 303 000a 00BF     		.align	2
 304              	.L30:
 305 000c 00000000 		.word	hhcd_USB_OTG_HS
 306              		.cfi_endproc
 307              	.LFE254:
 309              		.section	.text.LTDC_IRQHandler,"ax",%progbits
 310              		.align	1
 311              		.global	LTDC_IRQHandler
 312              		.syntax unified
 313              		.thumb
 314              		.thumb_func
 316              	LTDC_IRQHandler:
 317              	.LFB255:
 238:Core/Src/stm32f4xx_it.c **** 
 239:Core/Src/stm32f4xx_it.c **** /**
 240:Core/Src/stm32f4xx_it.c ****   * @brief This function handles LTDC global interrupt.
 241:Core/Src/stm32f4xx_it.c ****   */
 242:Core/Src/stm32f4xx_it.c **** void LTDC_IRQHandler(void)
 243:Core/Src/stm32f4xx_it.c **** {
 318              		.loc 1 243 1 is_stmt 1 view -0
 319              		.cfi_startproc
 320              		@ args = 0, pretend = 0, frame = 0
 321              		@ frame_needed = 0, uses_anonymous_args = 0
 322 0000 08B5     		push	{r3, lr}
 323              	.LCFI5:
 324              		.cfi_def_cfa_offset 8
 325              		.cfi_offset 3, -8
 326              		.cfi_offset 14, -4
 244:Core/Src/stm32f4xx_it.c ****   /* USER CODE BEGIN LTDC_IRQn 0 */
 245:Core/Src/stm32f4xx_it.c **** 
 246:Core/Src/stm32f4xx_it.c ****   /* USER CODE END LTDC_IRQn 0 */
 247:Core/Src/stm32f4xx_it.c ****   HAL_LTDC_IRQHandler(&hltdc);
 327              		.loc 1 247 3 view .LVU38
 328 0002 0248     		ldr	r0, .L34
 329 0004 FFF7FEFF 		bl	HAL_LTDC_IRQHandler
 330              	.LVL5:
 248:Core/Src/stm32f4xx_it.c ****   /* USER CODE BEGIN LTDC_IRQn 1 */
 249:Core/Src/stm32f4xx_it.c **** 
 250:Core/Src/stm32f4xx_it.c ****   /* USER CODE END LTDC_IRQn 1 */
 251:Core/Src/stm32f4xx_it.c **** }
 331              		.loc 1 251 1 is_stmt 0 view .LVU39
 332 0008 08BD     		pop	{r3, pc}
 333              	.L35:
 334 000a 00BF     		.align	2
 335              	.L34:
 336 000c 00000000 		.word	hltdc
 337              		.cfi_endproc
ARM GAS  C:\Users\moham\AppData\Local\Temp\ccMYzP8h.s 			page 11


 338              	.LFE255:
 340              		.section	.text.DMA2D_IRQHandler,"ax",%progbits
 341              		.align	1
 342              		.global	DMA2D_IRQHandler
 343              		.syntax unified
 344              		.thumb
 345              		.thumb_func
 347              	DMA2D_IRQHandler:
 348              	.LFB256:
 252:Core/Src/stm32f4xx_it.c **** 
 253:Core/Src/stm32f4xx_it.c **** /**
 254:Core/Src/stm32f4xx_it.c ****   * @brief This function handles DMA2D global interrupt.
 255:Core/Src/stm32f4xx_it.c ****   */
 256:Core/Src/stm32f4xx_it.c **** void DMA2D_IRQHandler(void)
 257:Core/Src/stm32f4xx_it.c **** {
 349              		.loc 1 257 1 is_stmt 1 view -0
 350              		.cfi_startproc
 351              		@ args = 0, pretend = 0, frame = 0
 352              		@ frame_needed = 0, uses_anonymous_args = 0
 353 0000 08B5     		push	{r3, lr}
 354              	.LCFI6:
 355              		.cfi_def_cfa_offset 8
 356              		.cfi_offset 3, -8
 357              		.cfi_offset 14, -4
 258:Core/Src/stm32f4xx_it.c ****   /* USER CODE BEGIN DMA2D_IRQn 0 */
 259:Core/Src/stm32f4xx_it.c **** 
 260:Core/Src/stm32f4xx_it.c ****   /* USER CODE END DMA2D_IRQn 0 */
 261:Core/Src/stm32f4xx_it.c ****   HAL_DMA2D_IRQHandler(&hdma2d);
 358              		.loc 1 261 3 view .LVU41
 359 0002 0248     		ldr	r0, .L38
 360 0004 FFF7FEFF 		bl	HAL_DMA2D_IRQHandler
 361              	.LVL6:
 262:Core/Src/stm32f4xx_it.c ****   /* USER CODE BEGIN DMA2D_IRQn 1 */
 263:Core/Src/stm32f4xx_it.c **** 
 264:Core/Src/stm32f4xx_it.c ****   /* USER CODE END DMA2D_IRQn 1 */
 265:Core/Src/stm32f4xx_it.c **** }
 362              		.loc 1 265 1 is_stmt 0 view .LVU42
 363 0008 08BD     		pop	{r3, pc}
 364              	.L39:
 365 000a 00BF     		.align	2
 366              	.L38:
 367 000c 00000000 		.word	hdma2d
 368              		.cfi_endproc
 369              	.LFE256:
 371              		.section	.text.EXTI0_IRQHandler,"ax",%progbits
 372              		.align	1
 373              		.global	EXTI0_IRQHandler
 374              		.syntax unified
 375              		.thumb
 376              		.thumb_func
 378              	EXTI0_IRQHandler:
 379              	.LFB257:
 266:Core/Src/stm32f4xx_it.c **** 
 267:Core/Src/stm32f4xx_it.c **** /* USER CODE BEGIN 1 */
 268:Core/Src/stm32f4xx_it.c **** 
 269:Core/Src/stm32f4xx_it.c **** // Button interrupt handler - DISABLED (using FreeRTOS task polling)
 270:Core/Src/stm32f4xx_it.c **** void EXTI0_IRQHandler(void){
ARM GAS  C:\Users\moham\AppData\Local\Temp\ccMYzP8h.s 			page 12


 380              		.loc 1 270 28 is_stmt 1 view -0
 381              		.cfi_startproc
 382              		@ args = 0, pretend = 0, frame = 0
 383              		@ frame_needed = 0, uses_anonymous_args = 0
 384 0000 08B5     		push	{r3, lr}
 385              	.LCFI7:
 386              		.cfi_def_cfa_offset 8
 387              		.cfi_offset 3, -8
 388              		.cfi_offset 14, -4
 271:Core/Src/stm32f4xx_it.c ****   HAL_GPIO_EXTI_IRQHandler(GPIO_PIN_0);
 389              		.loc 1 271 3 view .LVU44
 390 0002 0120     		movs	r0, #1
 391 0004 FFF7FEFF 		bl	HAL_GPIO_EXTI_IRQHandler
 392              	.LVL7:
 272:Core/Src/stm32f4xx_it.c **** }
 393              		.loc 1 272 1 is_stmt 0 view .LVU45
 394 0008 08BD     		pop	{r3, pc}
 395              		.cfi_endproc
 396              	.LFE257:
 398              		.text
 399              	.Letext0:
 400              		.file 2 "C:/Program Files (x86)/Arm GNU Toolchain arm-none-eabi/14.3 rel1/arm-none-eabi/include/ma
 401              		.file 3 "C:/Program Files (x86)/Arm GNU Toolchain arm-none-eabi/14.3 rel1/arm-none-eabi/include/sy
 402              		.file 4 "Drivers/CMSIS/Device/ST/STM32F4xx/Include/stm32f429xx.h"
 403              		.file 5 "Drivers/CMSIS/Device/ST/STM32F4xx/Include/stm32f4xx.h"
 404              		.file 6 "Drivers/STM32F4xx_HAL_Driver/Inc/stm32f4xx_hal_def.h"
 405              		.file 7 "Drivers/STM32F4xx_HAL_Driver/Inc/stm32f4xx_hal_dma.h"
 406              		.file 8 "Drivers/STM32F4xx_HAL_Driver/Inc/stm32f4xx_hal_adc.h"
 407              		.file 9 "Drivers/STM32F4xx_HAL_Driver/Inc/stm32f4xx_hal_dma2d.h"
 408              		.file 10 "Drivers/STM32F4xx_HAL_Driver/Inc/stm32f4xx_hal_ltdc.h"
 409              		.file 11 "Drivers/STM32F4xx_HAL_Driver/Inc/stm32f4xx_hal_tim.h"
 410              		.file 12 "Drivers/STM32F4xx_HAL_Driver/Inc/stm32f4xx_hal_uart.h"
 411              		.file 13 "Drivers/STM32F4xx_HAL_Driver/Inc/stm32f4xx_ll_usb.h"
 412              		.file 14 "Drivers/STM32F4xx_HAL_Driver/Inc/stm32f4xx_hal_hcd.h"
 413              		.file 15 "Drivers/STM32F4xx_HAL_Driver/Inc/stm32f4xx_hal_gpio.h"
ARM GAS  C:\Users\moham\AppData\Local\Temp\ccMYzP8h.s 			page 13


DEFINED SYMBOLS
                            *ABS*:00000000 stm32f4xx_it.c
C:\Users\moham\AppData\Local\Temp\ccMYzP8h.s:21     .text.NMI_Handler:00000000 $t
C:\Users\moham\AppData\Local\Temp\ccMYzP8h.s:27     .text.NMI_Handler:00000000 NMI_Handler
C:\Users\moham\AppData\Local\Temp\ccMYzP8h.s:44     .text.HardFault_Handler:00000000 $t
C:\Users\moham\AppData\Local\Temp\ccMYzP8h.s:50     .text.HardFault_Handler:00000000 HardFault_Handler
C:\Users\moham\AppData\Local\Temp\ccMYzP8h.s:67     .text.MemManage_Handler:00000000 $t
C:\Users\moham\AppData\Local\Temp\ccMYzP8h.s:73     .text.MemManage_Handler:00000000 MemManage_Handler
C:\Users\moham\AppData\Local\Temp\ccMYzP8h.s:90     .text.BusFault_Handler:00000000 $t
C:\Users\moham\AppData\Local\Temp\ccMYzP8h.s:96     .text.BusFault_Handler:00000000 BusFault_Handler
C:\Users\moham\AppData\Local\Temp\ccMYzP8h.s:113    .text.UsageFault_Handler:00000000 $t
C:\Users\moham\AppData\Local\Temp\ccMYzP8h.s:119    .text.UsageFault_Handler:00000000 UsageFault_Handler
C:\Users\moham\AppData\Local\Temp\ccMYzP8h.s:136    .text.DebugMon_Handler:00000000 $t
C:\Users\moham\AppData\Local\Temp\ccMYzP8h.s:142    .text.DebugMon_Handler:00000000 DebugMon_Handler
C:\Users\moham\AppData\Local\Temp\ccMYzP8h.s:155    .text.ADC_IRQHandler:00000000 $t
C:\Users\moham\AppData\Local\Temp\ccMYzP8h.s:161    .text.ADC_IRQHandler:00000000 ADC_IRQHandler
C:\Users\moham\AppData\Local\Temp\ccMYzP8h.s:181    .text.ADC_IRQHandler:0000000c $d
C:\Users\moham\AppData\Local\Temp\ccMYzP8h.s:186    .text.USART1_IRQHandler:00000000 $t
C:\Users\moham\AppData\Local\Temp\ccMYzP8h.s:192    .text.USART1_IRQHandler:00000000 USART1_IRQHandler
C:\Users\moham\AppData\Local\Temp\ccMYzP8h.s:212    .text.USART1_IRQHandler:0000000c $d
C:\Users\moham\AppData\Local\Temp\ccMYzP8h.s:217    .text.TIM6_DAC_IRQHandler:00000000 $t
C:\Users\moham\AppData\Local\Temp\ccMYzP8h.s:223    .text.TIM6_DAC_IRQHandler:00000000 TIM6_DAC_IRQHandler
C:\Users\moham\AppData\Local\Temp\ccMYzP8h.s:243    .text.TIM6_DAC_IRQHandler:0000000c $d
C:\Users\moham\AppData\Local\Temp\ccMYzP8h.s:248    .text.DMA2_Stream0_IRQHandler:00000000 $t
C:\Users\moham\AppData\Local\Temp\ccMYzP8h.s:254    .text.DMA2_Stream0_IRQHandler:00000000 DMA2_Stream0_IRQHandler
C:\Users\moham\AppData\Local\Temp\ccMYzP8h.s:274    .text.DMA2_Stream0_IRQHandler:0000000c $d
C:\Users\moham\AppData\Local\Temp\ccMYzP8h.s:279    .text.OTG_HS_IRQHandler:00000000 $t
C:\Users\moham\AppData\Local\Temp\ccMYzP8h.s:285    .text.OTG_HS_IRQHandler:00000000 OTG_HS_IRQHandler
C:\Users\moham\AppData\Local\Temp\ccMYzP8h.s:305    .text.OTG_HS_IRQHandler:0000000c $d
C:\Users\moham\AppData\Local\Temp\ccMYzP8h.s:310    .text.LTDC_IRQHandler:00000000 $t
C:\Users\moham\AppData\Local\Temp\ccMYzP8h.s:316    .text.LTDC_IRQHandler:00000000 LTDC_IRQHandler
C:\Users\moham\AppData\Local\Temp\ccMYzP8h.s:336    .text.LTDC_IRQHandler:0000000c $d
C:\Users\moham\AppData\Local\Temp\ccMYzP8h.s:341    .text.DMA2D_IRQHandler:00000000 $t
C:\Users\moham\AppData\Local\Temp\ccMYzP8h.s:347    .text.DMA2D_IRQHandler:00000000 DMA2D_IRQHandler
C:\Users\moham\AppData\Local\Temp\ccMYzP8h.s:367    .text.DMA2D_IRQHandler:0000000c $d
C:\Users\moham\AppData\Local\Temp\ccMYzP8h.s:372    .text.EXTI0_IRQHandler:00000000 $t
C:\Users\moham\AppData\Local\Temp\ccMYzP8h.s:378    .text.EXTI0_IRQHandler:00000000 EXTI0_IRQHandler

UNDEFINED SYMBOLS
HAL_ADC_IRQHandler
hadc1
HAL_UART_IRQHandler
huart1
HAL_TIM_IRQHandler
htim6
HAL_DMA_IRQHandler
hdma_adc1
HAL_HCD_IRQHandler
hhcd_USB_OTG_HS
HAL_LTDC_IRQHandler
hltdc
HAL_DMA2D_IRQHandler
hdma2d
HAL_GPIO_EXTI_IRQHandler
