ARM GAS  /var/folders/qx/2_175_4n2s19vhvtspjhb3qh0000gn/T//ccEbqYA5.s 			page 1


   1              		.cpu cortex-m4
   2              		.arch armv7e-m
   3              		.fpu fpv4-sp-d16
   4              		.eabi_attribute 27, 1
   5              		.eabi_attribute 28, 1
   6              		.eabi_attribute 20, 1
   7              		.eabi_attribute 21, 1
   8              		.eabi_attribute 23, 3
   9              		.eabi_attribute 24, 1
  10              		.eabi_attribute 25, 1
  11              		.eabi_attribute 26, 1
  12              		.eabi_attribute 30, 1
  13              		.eabi_attribute 34, 1
  14              		.eabi_attribute 18, 4
  15              		.file	"lv_draw_arc.c"
  16              		.text
  17              	.Ltext0:
  18              		.cfi_sections	.debug_frame
  19              		.file 1 "Drivers/lvgl/src/draw/lv_draw_arc.c"
  20              		.section	.text.lv_draw_arc_dsc_init,"ax",%progbits
  21              		.align	1
  22              		.global	lv_draw_arc_dsc_init
  23              		.syntax unified
  24              		.thumb
  25              		.thumb_func
  27              	lv_draw_arc_dsc_init:
  28              	.LVL0:
  29              	.LFB193:
   1:Drivers/lvgl/src/draw/lv_draw_arc.c **** /**
   2:Drivers/lvgl/src/draw/lv_draw_arc.c ****  * @file lv_draw_arc.c
   3:Drivers/lvgl/src/draw/lv_draw_arc.c ****  *
   4:Drivers/lvgl/src/draw/lv_draw_arc.c ****  */
   5:Drivers/lvgl/src/draw/lv_draw_arc.c **** 
   6:Drivers/lvgl/src/draw/lv_draw_arc.c **** /*********************
   7:Drivers/lvgl/src/draw/lv_draw_arc.c ****  *      INCLUDES
   8:Drivers/lvgl/src/draw/lv_draw_arc.c ****  *********************/
   9:Drivers/lvgl/src/draw/lv_draw_arc.c **** #include "lv_draw_private.h"
  10:Drivers/lvgl/src/draw/lv_draw_arc.c **** #include "../core/lv_obj.h"
  11:Drivers/lvgl/src/draw/lv_draw_arc.c **** #include "lv_draw_arc.h"
  12:Drivers/lvgl/src/draw/lv_draw_arc.c **** #include "../core/lv_obj_event.h"
  13:Drivers/lvgl/src/draw/lv_draw_arc.c **** #include "../stdlib/lv_string.h"
  14:Drivers/lvgl/src/draw/lv_draw_arc.c **** 
  15:Drivers/lvgl/src/draw/lv_draw_arc.c **** /*********************
  16:Drivers/lvgl/src/draw/lv_draw_arc.c ****  *      DEFINES
  17:Drivers/lvgl/src/draw/lv_draw_arc.c ****  *********************/
  18:Drivers/lvgl/src/draw/lv_draw_arc.c **** 
  19:Drivers/lvgl/src/draw/lv_draw_arc.c **** /**********************
  20:Drivers/lvgl/src/draw/lv_draw_arc.c ****  *      TYPEDEFS
  21:Drivers/lvgl/src/draw/lv_draw_arc.c ****  **********************/
  22:Drivers/lvgl/src/draw/lv_draw_arc.c **** 
  23:Drivers/lvgl/src/draw/lv_draw_arc.c **** /**********************
  24:Drivers/lvgl/src/draw/lv_draw_arc.c ****  *  STATIC PROTOTYPES
  25:Drivers/lvgl/src/draw/lv_draw_arc.c ****  **********************/
  26:Drivers/lvgl/src/draw/lv_draw_arc.c **** 
  27:Drivers/lvgl/src/draw/lv_draw_arc.c **** /**********************
  28:Drivers/lvgl/src/draw/lv_draw_arc.c ****  *  STATIC VARIABLES
  29:Drivers/lvgl/src/draw/lv_draw_arc.c ****  **********************/
ARM GAS  /var/folders/qx/2_175_4n2s19vhvtspjhb3qh0000gn/T//ccEbqYA5.s 			page 2


  30:Drivers/lvgl/src/draw/lv_draw_arc.c **** 
  31:Drivers/lvgl/src/draw/lv_draw_arc.c **** /**********************
  32:Drivers/lvgl/src/draw/lv_draw_arc.c ****  *      MACROS
  33:Drivers/lvgl/src/draw/lv_draw_arc.c ****  **********************/
  34:Drivers/lvgl/src/draw/lv_draw_arc.c **** 
  35:Drivers/lvgl/src/draw/lv_draw_arc.c **** /**********************
  36:Drivers/lvgl/src/draw/lv_draw_arc.c ****  *   GLOBAL FUNCTIONS
  37:Drivers/lvgl/src/draw/lv_draw_arc.c ****  **********************/
  38:Drivers/lvgl/src/draw/lv_draw_arc.c **** 
  39:Drivers/lvgl/src/draw/lv_draw_arc.c **** void lv_draw_arc_dsc_init(lv_draw_arc_dsc_t * dsc)
  40:Drivers/lvgl/src/draw/lv_draw_arc.c **** {
  30              		.loc 1 40 1 view -0
  31              		.cfi_startproc
  32              		@ args = 0, pretend = 0, frame = 0
  33              		@ frame_needed = 0, uses_anonymous_args = 0
  34              		.loc 1 40 1 is_stmt 0 view .LVU1
  35 0000 10B5     		push	{r4, lr}
  36              	.LCFI0:
  37              		.cfi_def_cfa_offset 8
  38              		.cfi_offset 4, -8
  39              		.cfi_offset 14, -4
  40 0002 0446     		mov	r4, r0
  41:Drivers/lvgl/src/draw/lv_draw_arc.c ****     lv_memzero(dsc, sizeof(lv_draw_arc_dsc_t));
  41              		.loc 1 41 5 is_stmt 1 view .LVU2
  42              	.LVL1:
  43              	.LBB4:
  44              	.LBI4:
  45              		.file 2 "Drivers/lvgl/src/draw/../misc/../font/../draw/../misc/../stdlib/lv_string.h"
   1:Drivers/lvgl/src/draw/../misc/../font/../draw/../misc/../stdlib/lv_string.h **** /**
   2:Drivers/lvgl/src/draw/../misc/../font/../draw/../misc/../stdlib/lv_string.h ****  * @file lv_string.h
   3:Drivers/lvgl/src/draw/../misc/../font/../draw/../misc/../stdlib/lv_string.h ****  *
   4:Drivers/lvgl/src/draw/../misc/../font/../draw/../misc/../stdlib/lv_string.h ****  */
   5:Drivers/lvgl/src/draw/../misc/../font/../draw/../misc/../stdlib/lv_string.h **** 
   6:Drivers/lvgl/src/draw/../misc/../font/../draw/../misc/../stdlib/lv_string.h **** #ifndef LV_STRING_H
   7:Drivers/lvgl/src/draw/../misc/../font/../draw/../misc/../stdlib/lv_string.h **** #define LV_STRING_H
   8:Drivers/lvgl/src/draw/../misc/../font/../draw/../misc/../stdlib/lv_string.h **** 
   9:Drivers/lvgl/src/draw/../misc/../font/../draw/../misc/../stdlib/lv_string.h **** #ifdef __cplusplus
  10:Drivers/lvgl/src/draw/../misc/../font/../draw/../misc/../stdlib/lv_string.h **** extern "C" {
  11:Drivers/lvgl/src/draw/../misc/../font/../draw/../misc/../stdlib/lv_string.h **** #endif
  12:Drivers/lvgl/src/draw/../misc/../font/../draw/../misc/../stdlib/lv_string.h **** 
  13:Drivers/lvgl/src/draw/../misc/../font/../draw/../misc/../stdlib/lv_string.h **** /*********************
  14:Drivers/lvgl/src/draw/../misc/../font/../draw/../misc/../stdlib/lv_string.h ****  *      INCLUDES
  15:Drivers/lvgl/src/draw/../misc/../font/../draw/../misc/../stdlib/lv_string.h ****  *********************/
  16:Drivers/lvgl/src/draw/../misc/../font/../draw/../misc/../stdlib/lv_string.h **** #include "../lv_conf_internal.h"
  17:Drivers/lvgl/src/draw/../misc/../font/../draw/../misc/../stdlib/lv_string.h **** #include "../misc/lv_types.h"
  18:Drivers/lvgl/src/draw/../misc/../font/../draw/../misc/../stdlib/lv_string.h **** 
  19:Drivers/lvgl/src/draw/../misc/../font/../draw/../misc/../stdlib/lv_string.h **** /*********************
  20:Drivers/lvgl/src/draw/../misc/../font/../draw/../misc/../stdlib/lv_string.h ****  *      DEFINES
  21:Drivers/lvgl/src/draw/../misc/../font/../draw/../misc/../stdlib/lv_string.h ****  *********************/
  22:Drivers/lvgl/src/draw/../misc/../font/../draw/../misc/../stdlib/lv_string.h **** 
  23:Drivers/lvgl/src/draw/../misc/../font/../draw/../misc/../stdlib/lv_string.h **** /**********************
  24:Drivers/lvgl/src/draw/../misc/../font/../draw/../misc/../stdlib/lv_string.h ****  *      TYPEDEFS
  25:Drivers/lvgl/src/draw/../misc/../font/../draw/../misc/../stdlib/lv_string.h ****  **********************/
  26:Drivers/lvgl/src/draw/../misc/../font/../draw/../misc/../stdlib/lv_string.h **** 
  27:Drivers/lvgl/src/draw/../misc/../font/../draw/../misc/../stdlib/lv_string.h **** /**********************
  28:Drivers/lvgl/src/draw/../misc/../font/../draw/../misc/../stdlib/lv_string.h ****  * GLOBAL PROTOTYPES
  29:Drivers/lvgl/src/draw/../misc/../font/../draw/../misc/../stdlib/lv_string.h ****  **********************/
ARM GAS  /var/folders/qx/2_175_4n2s19vhvtspjhb3qh0000gn/T//ccEbqYA5.s 			page 3


  30:Drivers/lvgl/src/draw/../misc/../font/../draw/../misc/../stdlib/lv_string.h **** 
  31:Drivers/lvgl/src/draw/../misc/../font/../draw/../misc/../stdlib/lv_string.h **** /**
  32:Drivers/lvgl/src/draw/../misc/../font/../draw/../misc/../stdlib/lv_string.h ****  * @brief Copies a block of memory from a source address to a destination address.
  33:Drivers/lvgl/src/draw/../misc/../font/../draw/../misc/../stdlib/lv_string.h ****  * @param dst Pointer to the destination array where the content is to be copied.
  34:Drivers/lvgl/src/draw/../misc/../font/../draw/../misc/../stdlib/lv_string.h ****  * @param src Pointer to the source of data to be copied.
  35:Drivers/lvgl/src/draw/../misc/../font/../draw/../misc/../stdlib/lv_string.h ****  * @param len Number of bytes to copy.
  36:Drivers/lvgl/src/draw/../misc/../font/../draw/../misc/../stdlib/lv_string.h ****  * @return Pointer to the destination array.
  37:Drivers/lvgl/src/draw/../misc/../font/../draw/../misc/../stdlib/lv_string.h ****  * @note The function does not check for any overlapping of the source and destination memory block
  38:Drivers/lvgl/src/draw/../misc/../font/../draw/../misc/../stdlib/lv_string.h ****  */
  39:Drivers/lvgl/src/draw/../misc/../font/../draw/../misc/../stdlib/lv_string.h **** void * lv_memcpy(void * dst, const void * src, size_t len);
  40:Drivers/lvgl/src/draw/../misc/../font/../draw/../misc/../stdlib/lv_string.h **** 
  41:Drivers/lvgl/src/draw/../misc/../font/../draw/../misc/../stdlib/lv_string.h **** /**
  42:Drivers/lvgl/src/draw/../misc/../font/../draw/../misc/../stdlib/lv_string.h ****  * @brief Fills a block of memory with a specified value.
  43:Drivers/lvgl/src/draw/../misc/../font/../draw/../misc/../stdlib/lv_string.h ****  * @param dst Pointer to the destination array to fill with the specified value.
  44:Drivers/lvgl/src/draw/../misc/../font/../draw/../misc/../stdlib/lv_string.h ****  * @param v Value to be set. The value is passed as an int, but the function fills
  45:Drivers/lvgl/src/draw/../misc/../font/../draw/../misc/../stdlib/lv_string.h ****  *          the block of memory using the unsigned char conversion of this value.
  46:Drivers/lvgl/src/draw/../misc/../font/../draw/../misc/../stdlib/lv_string.h ****  * @param len Number of bytes to be set to the value.
  47:Drivers/lvgl/src/draw/../misc/../font/../draw/../misc/../stdlib/lv_string.h ****  */
  48:Drivers/lvgl/src/draw/../misc/../font/../draw/../misc/../stdlib/lv_string.h **** void lv_memset(void * dst, uint8_t v, size_t len);
  49:Drivers/lvgl/src/draw/../misc/../font/../draw/../misc/../stdlib/lv_string.h **** 
  50:Drivers/lvgl/src/draw/../misc/../font/../draw/../misc/../stdlib/lv_string.h **** /**
  51:Drivers/lvgl/src/draw/../misc/../font/../draw/../misc/../stdlib/lv_string.h ****  * @brief Move a block of memory from source to destination
  52:Drivers/lvgl/src/draw/../misc/../font/../draw/../misc/../stdlib/lv_string.h ****  * @param dst Pointer to the destination array where the content is to be copied.
  53:Drivers/lvgl/src/draw/../misc/../font/../draw/../misc/../stdlib/lv_string.h ****  * @param src Pointer to the source of data to be copied.
  54:Drivers/lvgl/src/draw/../misc/../font/../draw/../misc/../stdlib/lv_string.h ****  * @param len Number of bytes to copy
  55:Drivers/lvgl/src/draw/../misc/../font/../draw/../misc/../stdlib/lv_string.h ****  * @return Pointer to the destination array.
  56:Drivers/lvgl/src/draw/../misc/../font/../draw/../misc/../stdlib/lv_string.h ****  */
  57:Drivers/lvgl/src/draw/../misc/../font/../draw/../misc/../stdlib/lv_string.h **** void * lv_memmove(void * dst, const void * src, size_t len);
  58:Drivers/lvgl/src/draw/../misc/../font/../draw/../misc/../stdlib/lv_string.h **** 
  59:Drivers/lvgl/src/draw/../misc/../font/../draw/../misc/../stdlib/lv_string.h **** /**
  60:Drivers/lvgl/src/draw/../misc/../font/../draw/../misc/../stdlib/lv_string.h ****  * @brief This function will compare two memory blocks
  61:Drivers/lvgl/src/draw/../misc/../font/../draw/../misc/../stdlib/lv_string.h ****  * @param p1 Pointer to the first memory block
  62:Drivers/lvgl/src/draw/../misc/../font/../draw/../misc/../stdlib/lv_string.h ****  * @param p2 Pointer to the second memory block
  63:Drivers/lvgl/src/draw/../misc/../font/../draw/../misc/../stdlib/lv_string.h ****  * @param len Number of bytes to compare
  64:Drivers/lvgl/src/draw/../misc/../font/../draw/../misc/../stdlib/lv_string.h ****  * @return The difference between the value of the first unmatching byte.
  65:Drivers/lvgl/src/draw/../misc/../font/../draw/../misc/../stdlib/lv_string.h ****  */
  66:Drivers/lvgl/src/draw/../misc/../font/../draw/../misc/../stdlib/lv_string.h **** int lv_memcmp(const void * p1, const void * p2, size_t len);
  67:Drivers/lvgl/src/draw/../misc/../font/../draw/../misc/../stdlib/lv_string.h **** 
  68:Drivers/lvgl/src/draw/../misc/../font/../draw/../misc/../stdlib/lv_string.h **** /**
  69:Drivers/lvgl/src/draw/../misc/../font/../draw/../misc/../stdlib/lv_string.h ****  * Same as `memset(dst, 0x00, len)`.
  70:Drivers/lvgl/src/draw/../misc/../font/../draw/../misc/../stdlib/lv_string.h ****  * @param dst pointer to the destination buffer
  71:Drivers/lvgl/src/draw/../misc/../font/../draw/../misc/../stdlib/lv_string.h ****  * @param len number of byte to set
  72:Drivers/lvgl/src/draw/../misc/../font/../draw/../misc/../stdlib/lv_string.h ****  */
  73:Drivers/lvgl/src/draw/../misc/../font/../draw/../misc/../stdlib/lv_string.h **** static inline void lv_memzero(void * dst, size_t len)
  46              		.loc 2 73 20 view .LVU3
  47              	.LBB5:
  74:Drivers/lvgl/src/draw/../misc/../font/../draw/../misc/../stdlib/lv_string.h **** {
  75:Drivers/lvgl/src/draw/../misc/../font/../draw/../misc/../stdlib/lv_string.h ****     lv_memset(dst, 0x00, len);
  48              		.loc 2 75 5 view .LVU4
  49 0004 3C22     		movs	r2, #60
  50 0006 0021     		movs	r1, #0
  51 0008 FFF7FEFF 		bl	lv_memset
  52              	.LVL2:
  53              		.loc 2 75 5 is_stmt 0 view .LVU5
  54              	.LBE5:
  55              	.LBE4:
  42:Drivers/lvgl/src/draw/lv_draw_arc.c ****     dsc->width = 1;
ARM GAS  /var/folders/qx/2_175_4n2s19vhvtspjhb3qh0000gn/T//ccEbqYA5.s 			page 4


  56              		.loc 1 42 5 is_stmt 1 view .LVU6
  57              		.loc 1 42 16 is_stmt 0 view .LVU7
  58 000c 0123     		movs	r3, #1
  59 000e 2362     		str	r3, [r4, #32]
  43:Drivers/lvgl/src/draw/lv_draw_arc.c ****     dsc->opa = LV_OPA_COVER;
  60              		.loc 1 43 5 is_stmt 1 view .LVU8
  61              		.loc 1 43 14 is_stmt 0 view .LVU9
  62 0010 FF23     		movs	r3, #255
  63 0012 84F83A30 		strb	r3, [r4, #58]
  44:Drivers/lvgl/src/draw/lv_draw_arc.c ****     dsc->color = lv_color_black();
  64              		.loc 1 44 5 is_stmt 1 view .LVU10
  65              		.loc 1 44 18 is_stmt 0 view .LVU11
  66 0016 FFF7FEFF 		bl	lv_color_black
  67              	.LVL3:
  68 001a 2077     		strb	r0, [r4, #28]
  69 001c C0F30723 		ubfx	r3, r0, #8, #8
  70 0020 6377     		strb	r3, [r4, #29]
  71 0022 C0F30740 		ubfx	r0, r0, #16, #8
  72 0026 A077     		strb	r0, [r4, #30]
  45:Drivers/lvgl/src/draw/lv_draw_arc.c ****     dsc->base.dsc_size = sizeof(lv_draw_arc_dsc_t);
  73              		.loc 1 45 5 is_stmt 1 view .LVU12
  74              		.loc 1 45 24 is_stmt 0 view .LVU13
  75 0028 3C23     		movs	r3, #60
  76 002a 6361     		str	r3, [r4, #20]
  46:Drivers/lvgl/src/draw/lv_draw_arc.c **** }
  77              		.loc 1 46 1 view .LVU14
  78 002c 10BD     		pop	{r4, pc}
  79              		.loc 1 46 1 view .LVU15
  80              		.cfi_endproc
  81              	.LFE193:
  83              		.section	.text.lv_draw_task_get_arc_dsc,"ax",%progbits
  84              		.align	1
  85              		.global	lv_draw_task_get_arc_dsc
  86              		.syntax unified
  87              		.thumb
  88              		.thumb_func
  90              	lv_draw_task_get_arc_dsc:
  91              	.LVL4:
  92              	.LFB194:
  47:Drivers/lvgl/src/draw/lv_draw_arc.c **** 
  48:Drivers/lvgl/src/draw/lv_draw_arc.c **** lv_draw_arc_dsc_t * lv_draw_task_get_arc_dsc(lv_draw_task_t * task)
  49:Drivers/lvgl/src/draw/lv_draw_arc.c **** {
  93              		.loc 1 49 1 is_stmt 1 view -0
  94              		.cfi_startproc
  95              		@ args = 0, pretend = 0, frame = 0
  96              		@ frame_needed = 0, uses_anonymous_args = 0
  97              		@ link register save eliminated.
  50:Drivers/lvgl/src/draw/lv_draw_arc.c ****     return task->type == LV_DRAW_TASK_TYPE_ARC ? (lv_draw_arc_dsc_t *)task->draw_dsc : NULL;
  98              		.loc 1 50 5 view .LVU17
  99              		.loc 1 50 16 is_stmt 0 view .LVU18
 100 0000 0379     		ldrb	r3, [r0, #4]	@ zero_extendqisi2
 101              		.loc 1 50 86 view .LVU19
 102 0002 092B     		cmp	r3, #9
 103 0004 01D1     		bne	.L5
 104              		.loc 1 50 86 discriminator 1 view .LVU20
 105 0006 406D     		ldr	r0, [r0, #84]
 106              	.LVL5:
ARM GAS  /var/folders/qx/2_175_4n2s19vhvtspjhb3qh0000gn/T//ccEbqYA5.s 			page 5


 107              		.loc 1 50 86 discriminator 1 view .LVU21
 108 0008 7047     		bx	lr
 109              	.LVL6:
 110              	.L5:
 111              		.loc 1 50 86 discriminator 2 view .LVU22
 112 000a 0020     		movs	r0, #0
 113              	.LVL7:
  51:Drivers/lvgl/src/draw/lv_draw_arc.c **** }
 114              		.loc 1 51 1 view .LVU23
 115 000c 7047     		bx	lr
 116              		.cfi_endproc
 117              	.LFE194:
 119              		.section	.text.lv_draw_arc,"ax",%progbits
 120              		.align	1
 121              		.global	lv_draw_arc
 122              		.syntax unified
 123              		.thumb
 124              		.thumb_func
 126              	lv_draw_arc:
 127              	.LVL8:
 128              	.LFB195:
  52:Drivers/lvgl/src/draw/lv_draw_arc.c **** 
  53:Drivers/lvgl/src/draw/lv_draw_arc.c **** void lv_draw_arc(lv_layer_t * layer, const lv_draw_arc_dsc_t * dsc)
  54:Drivers/lvgl/src/draw/lv_draw_arc.c **** {
 129              		.loc 1 54 1 is_stmt 1 view -0
 130              		.cfi_startproc
 131              		@ args = 0, pretend = 0, frame = 16
 132              		@ frame_needed = 0, uses_anonymous_args = 0
  55:Drivers/lvgl/src/draw/lv_draw_arc.c ****     if(dsc->opa <= LV_OPA_MIN) return;
 133              		.loc 1 55 5 view .LVU25
 134              		.loc 1 55 11 is_stmt 0 view .LVU26
 135 0000 91F83A30 		ldrb	r3, [r1, #58]	@ zero_extendqisi2
 136              		.loc 1 55 7 view .LVU27
 137 0004 022B     		cmp	r3, #2
 138 0006 27D9     		bls	.L10
  54:Drivers/lvgl/src/draw/lv_draw_arc.c ****     if(dsc->opa <= LV_OPA_MIN) return;
 139              		.loc 1 54 1 view .LVU28
 140 0008 70B5     		push	{r4, r5, r6, lr}
 141              	.LCFI1:
 142              		.cfi_def_cfa_offset 16
 143              		.cfi_offset 4, -16
 144              		.cfi_offset 5, -12
 145              		.cfi_offset 6, -8
 146              		.cfi_offset 14, -4
 147 000a 84B0     		sub	sp, sp, #16
 148              	.LCFI2:
 149              		.cfi_def_cfa_offset 32
 150 000c 0546     		mov	r5, r0
 151 000e 0C46     		mov	r4, r1
  56:Drivers/lvgl/src/draw/lv_draw_arc.c ****     if(dsc->width == 0) return;
 152              		.loc 1 56 5 is_stmt 1 view .LVU29
 153              		.loc 1 56 11 is_stmt 0 view .LVU30
 154 0010 0B6A     		ldr	r3, [r1, #32]
 155              		.loc 1 56 7 view .LVU31
 156 0012 FBB1     		cbz	r3, .L6
  57:Drivers/lvgl/src/draw/lv_draw_arc.c ****     if(dsc->start_angle == dsc->end_angle) return;
 157              		.loc 1 57 5 is_stmt 1 view .LVU32
ARM GAS  /var/folders/qx/2_175_4n2s19vhvtspjhb3qh0000gn/T//ccEbqYA5.s 			page 6


 158              		.loc 1 57 11 is_stmt 0 view .LVU33
 159 0014 4A6A     		ldr	r2, [r1, #36]
 160              		.loc 1 57 31 view .LVU34
 161 0016 8B6A     		ldr	r3, [r1, #40]
 162              		.loc 1 57 7 view .LVU35
 163 0018 9A42     		cmp	r2, r3
 164 001a 1BD0     		beq	.L6
  58:Drivers/lvgl/src/draw/lv_draw_arc.c **** 
  59:Drivers/lvgl/src/draw/lv_draw_arc.c ****     LV_PROFILER_DRAW_BEGIN;
 165              		.loc 1 59 27 is_stmt 1 view .LVU36
  60:Drivers/lvgl/src/draw/lv_draw_arc.c ****     lv_area_t a;
 166              		.loc 1 60 5 view .LVU37
  61:Drivers/lvgl/src/draw/lv_draw_arc.c ****     a.x1 = dsc->center.x - dsc->radius;
 167              		.loc 1 61 5 view .LVU38
 168              		.loc 1 61 23 is_stmt 0 view .LVU39
 169 001c CA6A     		ldr	r2, [r1, #44]
 170              		.loc 1 61 31 view .LVU40
 171 001e 0B8F     		ldrh	r3, [r1, #56]
 172              		.loc 1 61 26 view .LVU41
 173 0020 D11A     		subs	r1, r2, r3
 174              	.LVL9:
 175              		.loc 1 61 10 view .LVU42
 176 0022 0091     		str	r1, [sp]
  62:Drivers/lvgl/src/draw/lv_draw_arc.c ****     a.y1 = dsc->center.y - dsc->radius;
 177              		.loc 1 62 5 is_stmt 1 view .LVU43
 178              		.loc 1 62 23 is_stmt 0 view .LVU44
 179 0024 216B     		ldr	r1, [r4, #48]
 180              		.loc 1 62 26 view .LVU45
 181 0026 C81A     		subs	r0, r1, r3
 182              	.LVL10:
 183              		.loc 1 62 10 view .LVU46
 184 0028 0190     		str	r0, [sp, #4]
  63:Drivers/lvgl/src/draw/lv_draw_arc.c ****     a.x2 = dsc->center.x + dsc->radius - 1;
 185              		.loc 1 63 5 is_stmt 1 view .LVU47
 186              		.loc 1 63 26 is_stmt 0 view .LVU48
 187 002a 1A44     		add	r2, r2, r3
 188              		.loc 1 63 40 view .LVU49
 189 002c 013A     		subs	r2, r2, #1
 190              		.loc 1 63 10 view .LVU50
 191 002e 0292     		str	r2, [sp, #8]
  64:Drivers/lvgl/src/draw/lv_draw_arc.c ****     a.y2 = dsc->center.y + dsc->radius - 1;
 192              		.loc 1 64 5 is_stmt 1 view .LVU51
 193              		.loc 1 64 26 is_stmt 0 view .LVU52
 194 0030 0B44     		add	r3, r3, r1
 195              		.loc 1 64 40 view .LVU53
 196 0032 013B     		subs	r3, r3, #1
 197              		.loc 1 64 10 view .LVU54
 198 0034 0393     		str	r3, [sp, #12]
  65:Drivers/lvgl/src/draw/lv_draw_arc.c ****     lv_draw_task_t * t = lv_draw_add_task(layer, &a, LV_DRAW_TASK_TYPE_ARC);
 199              		.loc 1 65 5 is_stmt 1 view .LVU55
 200              		.loc 1 65 26 is_stmt 0 view .LVU56
 201 0036 0922     		movs	r2, #9
 202 0038 6946     		mov	r1, sp
 203 003a 2846     		mov	r0, r5
 204 003c FFF7FEFF 		bl	lv_draw_add_task
 205              	.LVL11:
 206 0040 0646     		mov	r6, r0
ARM GAS  /var/folders/qx/2_175_4n2s19vhvtspjhb3qh0000gn/T//ccEbqYA5.s 			page 7


 207              	.LVL12:
  66:Drivers/lvgl/src/draw/lv_draw_arc.c **** 
  67:Drivers/lvgl/src/draw/lv_draw_arc.c ****     lv_memcpy(t->draw_dsc, dsc, sizeof(*dsc));
 208              		.loc 1 67 5 is_stmt 1 view .LVU57
 209 0042 3C22     		movs	r2, #60
 210 0044 2146     		mov	r1, r4
 211 0046 406D     		ldr	r0, [r0, #84]
 212              	.LVL13:
 213              		.loc 1 67 5 is_stmt 0 view .LVU58
 214 0048 FFF7FEFF 		bl	lv_memcpy
 215              	.LVL14:
  68:Drivers/lvgl/src/draw/lv_draw_arc.c **** 
  69:Drivers/lvgl/src/draw/lv_draw_arc.c ****     lv_draw_finalize_task_creation(layer, t);
 216              		.loc 1 69 5 is_stmt 1 view .LVU59
 217 004c 3146     		mov	r1, r6
 218 004e 2846     		mov	r0, r5
 219 0050 FFF7FEFF 		bl	lv_draw_finalize_task_creation
 220              	.LVL15:
  70:Drivers/lvgl/src/draw/lv_draw_arc.c **** 
  71:Drivers/lvgl/src/draw/lv_draw_arc.c ****     LV_PROFILER_DRAW_END;
 221              		.loc 1 71 25 view .LVU60
 222              	.L6:
  72:Drivers/lvgl/src/draw/lv_draw_arc.c **** }
 223              		.loc 1 72 1 is_stmt 0 view .LVU61
 224 0054 04B0     		add	sp, sp, #16
 225              	.LCFI3:
 226              		.cfi_def_cfa_offset 16
 227              		@ sp needed
 228 0056 70BD     		pop	{r4, r5, r6, pc}
 229              	.LVL16:
 230              	.L10:
 231              	.LCFI4:
 232              		.cfi_def_cfa_offset 0
 233              		.cfi_restore 4
 234              		.cfi_restore 5
 235              		.cfi_restore 6
 236              		.cfi_restore 14
 237              		.loc 1 72 1 view .LVU62
 238 0058 7047     		bx	lr
 239              		.cfi_endproc
 240              	.LFE195:
 242              		.section	.text.lv_draw_arc_get_area,"ax",%progbits
 243              		.align	1
 244              		.global	lv_draw_arc_get_area
 245              		.syntax unified
 246              		.thumb
 247              		.thumb_func
 249              	lv_draw_arc_get_area:
 250              	.LVL17:
 251              	.LFB196:
  73:Drivers/lvgl/src/draw/lv_draw_arc.c **** 
  74:Drivers/lvgl/src/draw/lv_draw_arc.c **** void lv_draw_arc_get_area(int32_t x, int32_t y, uint16_t radius,  lv_value_precise_t start_angle,
  75:Drivers/lvgl/src/draw/lv_draw_arc.c ****                           lv_value_precise_t end_angle,
  76:Drivers/lvgl/src/draw/lv_draw_arc.c ****                           int32_t w, bool rounded, lv_area_t * area)
  77:Drivers/lvgl/src/draw/lv_draw_arc.c **** {
 252              		.loc 1 77 1 is_stmt 1 view -0
 253              		.cfi_startproc
ARM GAS  /var/folders/qx/2_175_4n2s19vhvtspjhb3qh0000gn/T//ccEbqYA5.s 			page 8


 254              		@ args = 16, pretend = 0, frame = 16
 255              		@ frame_needed = 0, uses_anonymous_args = 0
 256              		.loc 1 77 1 is_stmt 0 view .LVU64
 257 0000 2DE9F04F 		push	{r4, r5, r6, r7, r8, r9, r10, fp, lr}
 258              	.LCFI5:
 259              		.cfi_def_cfa_offset 36
 260              		.cfi_offset 4, -36
 261              		.cfi_offset 5, -32
 262              		.cfi_offset 6, -28
 263              		.cfi_offset 7, -24
 264              		.cfi_offset 8, -20
 265              		.cfi_offset 9, -16
 266              		.cfi_offset 10, -12
 267              		.cfi_offset 11, -8
 268              		.cfi_offset 14, -4
 269 0004 85B0     		sub	sp, sp, #20
 270              	.LCFI6:
 271              		.cfi_def_cfa_offset 56
 272 0006 0746     		mov	r7, r0
 273 0008 8946     		mov	r9, r1
 274 000a 1546     		mov	r5, r2
 275 000c 1C46     		mov	r4, r3
 276 000e 0E9E     		ldr	r6, [sp, #56]
 277 0010 0F9B     		ldr	r3, [sp, #60]
 278              	.LVL18:
 279              		.loc 1 77 1 view .LVU65
 280 0012 9DF84010 		ldrb	r1, [sp, #64]	@ zero_extendqisi2
 281              	.LVL19:
 282              		.loc 1 77 1 view .LVU66
 283 0016 DDF844A0 		ldr	r10, [sp, #68]
  78:Drivers/lvgl/src/draw/lv_draw_arc.c ****     int32_t rout = radius;
 284              		.loc 1 78 5 is_stmt 1 view .LVU67
 285              	.LVL20:
  79:Drivers/lvgl/src/draw/lv_draw_arc.c ****     int32_t start_angle_int = (int32_t) start_angle;
 286              		.loc 1 79 5 view .LVU68
  80:Drivers/lvgl/src/draw/lv_draw_arc.c ****     int32_t end_angle_int = (int32_t) end_angle;
 287              		.loc 1 80 5 view .LVU69
  81:Drivers/lvgl/src/draw/lv_draw_arc.c **** 
  82:Drivers/lvgl/src/draw/lv_draw_arc.c ****     /*Special case: full arc invalidation */
  83:Drivers/lvgl/src/draw/lv_draw_arc.c ****     if(end_angle_int == start_angle_int + 360) {
 288              		.loc 1 83 5 view .LVU70
 289              		.loc 1 83 41 is_stmt 0 view .LVU71
 290 001a 04F5B472 		add	r2, r4, #360
 291              	.LVL21:
 292              		.loc 1 83 7 view .LVU72
 293 001e B242     		cmp	r2, r6
 294 0020 45D0     		beq	.L44
  84:Drivers/lvgl/src/draw/lv_draw_arc.c ****         area->x1 = x - rout;
  85:Drivers/lvgl/src/draw/lv_draw_arc.c ****         area->y1 = y - rout;
  86:Drivers/lvgl/src/draw/lv_draw_arc.c ****         area->x2 = x + rout;
  87:Drivers/lvgl/src/draw/lv_draw_arc.c ****         area->y2 = y + rout;
  88:Drivers/lvgl/src/draw/lv_draw_arc.c ****         return;
  89:Drivers/lvgl/src/draw/lv_draw_arc.c ****     }
  90:Drivers/lvgl/src/draw/lv_draw_arc.c **** 
  91:Drivers/lvgl/src/draw/lv_draw_arc.c ****     if(start_angle_int > 360) start_angle_int -= 360;
 295              		.loc 1 91 5 is_stmt 1 view .LVU73
 296              		.loc 1 91 7 is_stmt 0 view .LVU74
ARM GAS  /var/folders/qx/2_175_4n2s19vhvtspjhb3qh0000gn/T//ccEbqYA5.s 			page 9


 297 0022 B4F5B47F 		cmp	r4, #360
 298 0026 01DD     		ble	.L16
 299              		.loc 1 91 31 is_stmt 1 discriminator 1 view .LVU75
 300              		.loc 1 91 47 is_stmt 0 discriminator 1 view .LVU76
 301 0028 A4F5B474 		sub	r4, r4, #360
 302              	.LVL22:
 303              	.L16:
  92:Drivers/lvgl/src/draw/lv_draw_arc.c ****     if(end_angle_int > 360) end_angle_int -= 360;
 304              		.loc 1 92 5 is_stmt 1 view .LVU77
 305              		.loc 1 92 7 is_stmt 0 view .LVU78
 306 002c B6F5B47F 		cmp	r6, #360
 307 0030 01DD     		ble	.L17
 308              		.loc 1 92 29 is_stmt 1 discriminator 1 view .LVU79
 309              		.loc 1 92 43 is_stmt 0 discriminator 1 view .LVU80
 310 0032 A6F5B476 		sub	r6, r6, #360
 311              	.LVL23:
 312              	.L17:
  93:Drivers/lvgl/src/draw/lv_draw_arc.c **** 
  94:Drivers/lvgl/src/draw/lv_draw_arc.c ****     int32_t rin = radius - w;
 313              		.loc 1 94 5 is_stmt 1 view .LVU81
 314              		.loc 1 94 13 is_stmt 0 view .LVU82
 315 0036 A5EB030B 		sub	fp, r5, r3
 316              	.LVL24:
  95:Drivers/lvgl/src/draw/lv_draw_arc.c ****     int32_t extra_area = rounded ? w / 2 + 1 : 0;
 317              		.loc 1 95 5 is_stmt 1 view .LVU83
 318              		.loc 1 95 46 is_stmt 0 view .LVU84
 319 003a 0029     		cmp	r1, #0
 320 003c 45D0     		beq	.L39
 321              		.loc 1 95 38 discriminator 1 view .LVU85
 322 003e 03EBD378 		add	r8, r3, r3, lsr #31
 323 0042 4FEA6808 		asr	r8, r8, #1
 324              		.loc 1 95 46 discriminator 1 view .LVU86
 325 0046 08F10108 		add	r8, r8, #1
 326              	.L18:
 327              	.LVL25:
  96:Drivers/lvgl/src/draw/lv_draw_arc.c ****     uint8_t start_quarter = start_angle_int / 90;
 328              		.loc 1 96 5 is_stmt 1 view .LVU87
 329              		.loc 1 96 45 is_stmt 0 view .LVU88
 330 004a C04A     		ldr	r2, .L52
 331              	.LVL26:
 332              		.loc 1 96 45 view .LVU89
 333 004c 82FB0431 		smull	r3, r1, r2, r4
 334 0050 2144     		add	r1, r1, r4
 335 0052 E317     		asrs	r3, r4, #31
 336 0054 C3EBA113 		rsb	r3, r3, r1, asr #6
 337              		.loc 1 96 13 view .LVU90
 338 0058 DBB2     		uxtb	r3, r3
 339              	.LVL27:
  97:Drivers/lvgl/src/draw/lv_draw_arc.c ****     uint8_t end_quarter = end_angle_int / 90;
 340              		.loc 1 97 5 is_stmt 1 view .LVU91
 341              		.loc 1 97 41 is_stmt 0 view .LVU92
 342 005a 82FB0612 		smull	r1, r2, r2, r6
 343 005e 9119     		adds	r1, r2, r6
 344 0060 F217     		asrs	r2, r6, #31
 345 0062 C2EBA112 		rsb	r2, r2, r1, asr #6
 346              		.loc 1 97 13 view .LVU93
 347 0066 D2B2     		uxtb	r2, r2
ARM GAS  /var/folders/qx/2_175_4n2s19vhvtspjhb3qh0000gn/T//ccEbqYA5.s 			page 10


 348              	.LVL28:
  98:Drivers/lvgl/src/draw/lv_draw_arc.c **** 
  99:Drivers/lvgl/src/draw/lv_draw_arc.c ****     /*360 deg still counts as quarter 3 (360 / 90 would be 4)*/
 100:Drivers/lvgl/src/draw/lv_draw_arc.c ****     if(start_quarter == 4) start_quarter = 3;
 349              		.loc 1 100 5 is_stmt 1 view .LVU94
 350              		.loc 1 100 7 is_stmt 0 view .LVU95
 351 0068 042B     		cmp	r3, #4
 352 006a 31D0     		beq	.L45
 353              	.LVL29:
 354              	.L19:
 101:Drivers/lvgl/src/draw/lv_draw_arc.c ****     if(end_quarter == 4) end_quarter = 3;
 355              		.loc 1 101 5 is_stmt 1 view .LVU96
 356              		.loc 1 101 7 is_stmt 0 view .LVU97
 357 006c 042A     		cmp	r2, #4
 358 006e 31D0     		beq	.L46
 359              	.LVL30:
 360              	.L20:
 102:Drivers/lvgl/src/draw/lv_draw_arc.c **** 
 103:Drivers/lvgl/src/draw/lv_draw_arc.c ****     if(start_quarter == end_quarter && start_angle_int <= end_angle_int) {
 361              		.loc 1 103 5 is_stmt 1 view .LVU98
 362              		.loc 1 103 7 is_stmt 0 view .LVU99
 363 0070 9342     		cmp	r3, r2
 364 0072 31D0     		beq	.L47
 365              	.L21:
 104:Drivers/lvgl/src/draw/lv_draw_arc.c ****         if(start_quarter == 0) {
 105:Drivers/lvgl/src/draw/lv_draw_arc.c ****             area->y1 = y + ((lv_trigo_sin(start_angle_int) * rin) >> LV_TRIGO_SHIFT) - extra_area;
 106:Drivers/lvgl/src/draw/lv_draw_arc.c ****             area->x2 = x + ((lv_trigo_sin(start_angle_int + 90) * rout) >> LV_TRIGO_SHIFT) + extra_
 107:Drivers/lvgl/src/draw/lv_draw_arc.c **** 
 108:Drivers/lvgl/src/draw/lv_draw_arc.c ****             area->y2 = y + ((lv_trigo_sin(end_angle_int) * rout) >> LV_TRIGO_SHIFT) + extra_area;
 109:Drivers/lvgl/src/draw/lv_draw_arc.c ****             area->x1 = x + ((lv_trigo_sin(end_angle_int + 90) * rin) >> LV_TRIGO_SHIFT) - extra_are
 110:Drivers/lvgl/src/draw/lv_draw_arc.c ****         }
 111:Drivers/lvgl/src/draw/lv_draw_arc.c ****         else if(start_quarter == 1) {
 112:Drivers/lvgl/src/draw/lv_draw_arc.c ****             area->y2 = y + ((lv_trigo_sin(start_angle_int) * rout) >> LV_TRIGO_SHIFT) + extra_area;
 113:Drivers/lvgl/src/draw/lv_draw_arc.c ****             area->x2 = x + ((lv_trigo_sin(start_angle_int + 90) * rin) >> LV_TRIGO_SHIFT) + extra_a
 114:Drivers/lvgl/src/draw/lv_draw_arc.c **** 
 115:Drivers/lvgl/src/draw/lv_draw_arc.c ****             area->y1 = y + ((lv_trigo_sin(end_angle_int) * rin) >> LV_TRIGO_SHIFT) - extra_area;
 116:Drivers/lvgl/src/draw/lv_draw_arc.c ****             area->x1 = x + ((lv_trigo_sin(end_angle_int + 90) * rout) >> LV_TRIGO_SHIFT) - extra_ar
 117:Drivers/lvgl/src/draw/lv_draw_arc.c ****         }
 118:Drivers/lvgl/src/draw/lv_draw_arc.c ****         else if(start_quarter == 2) {
 119:Drivers/lvgl/src/draw/lv_draw_arc.c ****             area->x1 = x + ((lv_trigo_sin(start_angle_int + 90) * rout) >> LV_TRIGO_SHIFT) - extra_
 120:Drivers/lvgl/src/draw/lv_draw_arc.c ****             area->y2 = y + ((lv_trigo_sin(start_angle_int) * rin) >> LV_TRIGO_SHIFT) + extra_area;
 121:Drivers/lvgl/src/draw/lv_draw_arc.c **** 
 122:Drivers/lvgl/src/draw/lv_draw_arc.c ****             area->y1 = y + ((lv_trigo_sin(end_angle_int) * rout) >> LV_TRIGO_SHIFT) - extra_area;
 123:Drivers/lvgl/src/draw/lv_draw_arc.c ****             area->x2 = x + ((lv_trigo_sin(end_angle_int + 90) * rin) >> LV_TRIGO_SHIFT) + extra_are
 124:Drivers/lvgl/src/draw/lv_draw_arc.c ****         }
 125:Drivers/lvgl/src/draw/lv_draw_arc.c ****         else if(start_quarter == 3) {
 126:Drivers/lvgl/src/draw/lv_draw_arc.c ****             area->x1 = x + ((lv_trigo_sin(start_angle_int + 90) * rin) >> LV_TRIGO_SHIFT) - extra_a
 127:Drivers/lvgl/src/draw/lv_draw_arc.c ****             area->y1 = y + ((lv_trigo_sin(start_angle_int) * rout) >> LV_TRIGO_SHIFT) - extra_area;
 128:Drivers/lvgl/src/draw/lv_draw_arc.c **** 
 129:Drivers/lvgl/src/draw/lv_draw_arc.c ****             area->x2 = x + ((lv_trigo_sin(end_angle_int + 90) * rout) >> LV_TRIGO_SHIFT) + extra_ar
 130:Drivers/lvgl/src/draw/lv_draw_arc.c ****             area->y2 = y + ((lv_trigo_sin(end_angle_int) * rin) >> LV_TRIGO_SHIFT) + extra_area;
 131:Drivers/lvgl/src/draw/lv_draw_arc.c ****         }
 132:Drivers/lvgl/src/draw/lv_draw_arc.c ****     }
 133:Drivers/lvgl/src/draw/lv_draw_arc.c ****     else if(start_quarter == 0 && end_quarter == 1) {
 366              		.loc 1 133 10 is_stmt 1 view .LVU100
 367              		.loc 1 133 12 is_stmt 0 view .LVU101
 368 0074 13B9     		cbnz	r3, .L27
ARM GAS  /var/folders/qx/2_175_4n2s19vhvtspjhb3qh0000gn/T//ccEbqYA5.s 			page 11


 369              		.loc 1 133 32 discriminator 1 view .LVU102
 370 0076 012A     		cmp	r2, #1
 371 0078 00F0F280 		beq	.L48
 372              	.L27:
 134:Drivers/lvgl/src/draw/lv_draw_arc.c ****         area->x1 = x + ((lv_trigo_sin(end_angle_int + 90) * rout) >> LV_TRIGO_SHIFT) - extra_area;
 135:Drivers/lvgl/src/draw/lv_draw_arc.c ****         area->y1 = y + ((LV_MIN(lv_trigo_sin(end_angle_int),
 136:Drivers/lvgl/src/draw/lv_draw_arc.c ****                                 lv_trigo_sin(start_angle_int))  * rin) >> LV_TRIGO_SHIFT) - extra_a
 137:Drivers/lvgl/src/draw/lv_draw_arc.c ****         area->x2 = x + ((lv_trigo_sin(start_angle_int + 90) * rout) >> LV_TRIGO_SHIFT) + extra_area
 138:Drivers/lvgl/src/draw/lv_draw_arc.c ****         area->y2 = y + rout + extra_area;
 139:Drivers/lvgl/src/draw/lv_draw_arc.c ****     }
 140:Drivers/lvgl/src/draw/lv_draw_arc.c ****     else if(start_quarter == 1 && end_quarter == 2) {
 373              		.loc 1 140 10 is_stmt 1 view .LVU103
 374              		.loc 1 140 12 is_stmt 0 view .LVU104
 375 007c 012B     		cmp	r3, #1
 376 007e 00F02981 		beq	.L49
 377              	.L30:
 141:Drivers/lvgl/src/draw/lv_draw_arc.c ****         area->x1 = x - rout - extra_area;
 142:Drivers/lvgl/src/draw/lv_draw_arc.c ****         area->y1 = y + ((lv_trigo_sin(end_angle_int) * rout) >> LV_TRIGO_SHIFT) - extra_area;
 143:Drivers/lvgl/src/draw/lv_draw_arc.c ****         area->x2 = x + ((LV_MAX(lv_trigo_sin(start_angle_int + 90),
 144:Drivers/lvgl/src/draw/lv_draw_arc.c ****                                 lv_trigo_sin(end_angle_int + 90)) * rin) >> LV_TRIGO_SHIFT) + extra
 145:Drivers/lvgl/src/draw/lv_draw_arc.c ****         area->y2 = y + ((lv_trigo_sin(start_angle_int) * rout) >> LV_TRIGO_SHIFT) + extra_area;
 146:Drivers/lvgl/src/draw/lv_draw_arc.c ****     }
 147:Drivers/lvgl/src/draw/lv_draw_arc.c ****     else if(start_quarter == 2 && end_quarter == 3) {
 378              		.loc 1 147 10 is_stmt 1 view .LVU105
 379              		.loc 1 147 12 is_stmt 0 view .LVU106
 380 0082 022B     		cmp	r3, #2
 381 0084 00F06481 		beq	.L50
 382              	.L33:
 148:Drivers/lvgl/src/draw/lv_draw_arc.c ****         area->x1 = x + ((lv_trigo_sin(start_angle_int + 90) * rout) >> LV_TRIGO_SHIFT) - extra_area
 149:Drivers/lvgl/src/draw/lv_draw_arc.c ****         area->y1 = y - rout - extra_area;
 150:Drivers/lvgl/src/draw/lv_draw_arc.c ****         area->x2 = x + ((lv_trigo_sin(end_angle_int + 90) * rout) >> LV_TRIGO_SHIFT) + extra_area;
 151:Drivers/lvgl/src/draw/lv_draw_arc.c ****         area->y2 = y + (LV_MAX(lv_trigo_sin(end_angle_int) * rin,
 152:Drivers/lvgl/src/draw/lv_draw_arc.c ****                                lv_trigo_sin(start_angle_int) * rin) >> LV_TRIGO_SHIFT) + extra_area
 153:Drivers/lvgl/src/draw/lv_draw_arc.c ****     }
 154:Drivers/lvgl/src/draw/lv_draw_arc.c ****     else if(start_quarter == 3 && end_quarter == 0) {
 383              		.loc 1 154 10 is_stmt 1 view .LVU107
 384              		.loc 1 154 12 is_stmt 0 view .LVU108
 385 0088 032B     		cmp	r3, #3
 386 008a 00F0A381 		beq	.L51
 387              	.L36:
 155:Drivers/lvgl/src/draw/lv_draw_arc.c ****         area->x1 = x + ((LV_MIN(lv_trigo_sin(end_angle_int + 90),
 156:Drivers/lvgl/src/draw/lv_draw_arc.c ****                                 lv_trigo_sin(start_angle_int + 90)) * rin) >> LV_TRIGO_SHIFT) - ext
 157:Drivers/lvgl/src/draw/lv_draw_arc.c ****         area->y1 = y + ((lv_trigo_sin(start_angle_int) * rout) >> LV_TRIGO_SHIFT) - extra_area;
 158:Drivers/lvgl/src/draw/lv_draw_arc.c ****         area->x2 = x + rout + extra_area;
 159:Drivers/lvgl/src/draw/lv_draw_arc.c ****         area->y2 = y + ((lv_trigo_sin(end_angle_int) * rout) >> LV_TRIGO_SHIFT) + extra_area;
 160:Drivers/lvgl/src/draw/lv_draw_arc.c **** 
 161:Drivers/lvgl/src/draw/lv_draw_arc.c ****     }
 162:Drivers/lvgl/src/draw/lv_draw_arc.c ****     else {
 163:Drivers/lvgl/src/draw/lv_draw_arc.c ****         area->x1 = x - rout;
 388              		.loc 1 163 9 is_stmt 1 view .LVU109
 389              		.loc 1 163 22 is_stmt 0 view .LVU110
 390 008e 7B1B     		subs	r3, r7, r5
 391              	.LVL31:
 392              		.loc 1 163 18 view .LVU111
 393 0090 CAF80030 		str	r3, [r10]
 164:Drivers/lvgl/src/draw/lv_draw_arc.c ****         area->y1 = y - rout;
 394              		.loc 1 164 9 is_stmt 1 view .LVU112
ARM GAS  /var/folders/qx/2_175_4n2s19vhvtspjhb3qh0000gn/T//ccEbqYA5.s 			page 12


 395              		.loc 1 164 22 is_stmt 0 view .LVU113
 396 0094 A9EB0503 		sub	r3, r9, r5
 397              		.loc 1 164 18 view .LVU114
 398 0098 CAF80430 		str	r3, [r10, #4]
 165:Drivers/lvgl/src/draw/lv_draw_arc.c ****         area->x2 = x + rout;
 399              		.loc 1 165 9 is_stmt 1 view .LVU115
 400              		.loc 1 165 22 is_stmt 0 view .LVU116
 401 009c 2F44     		add	r7, r7, r5
 402              		.loc 1 165 18 view .LVU117
 403 009e CAF80870 		str	r7, [r10, #8]
 166:Drivers/lvgl/src/draw/lv_draw_arc.c ****         area->y2 = y + rout;
 404              		.loc 1 166 9 is_stmt 1 view .LVU118
 405              		.loc 1 166 22 is_stmt 0 view .LVU119
 406 00a2 4D44     		add	r5, r5, r9
 407              	.LVL32:
 408              		.loc 1 166 18 view .LVU120
 409 00a4 CAF80C50 		str	r5, [r10, #12]
 410              	.LVL33:
 411              	.L13:
 167:Drivers/lvgl/src/draw/lv_draw_arc.c ****     }
 168:Drivers/lvgl/src/draw/lv_draw_arc.c **** }
 412              		.loc 1 168 1 view .LVU121
 413 00a8 05B0     		add	sp, sp, #20
 414              	.LCFI7:
 415              		.cfi_remember_state
 416              		.cfi_def_cfa_offset 36
 417              		@ sp needed
 418 00aa BDE8F08F 		pop	{r4, r5, r6, r7, r8, r9, r10, fp, pc}
 419              	.LVL34:
 420              	.L44:
 421              	.LCFI8:
 422              		.cfi_restore_state
  84:Drivers/lvgl/src/draw/lv_draw_arc.c ****         area->y1 = y - rout;
 423              		.loc 1 84 9 is_stmt 1 view .LVU122
  84:Drivers/lvgl/src/draw/lv_draw_arc.c ****         area->y1 = y - rout;
 424              		.loc 1 84 22 is_stmt 0 view .LVU123
 425 00ae 431B     		subs	r3, r0, r5
  84:Drivers/lvgl/src/draw/lv_draw_arc.c ****         area->y1 = y - rout;
 426              		.loc 1 84 18 view .LVU124
 427 00b0 CAF80030 		str	r3, [r10]
  85:Drivers/lvgl/src/draw/lv_draw_arc.c ****         area->x2 = x + rout;
 428              		.loc 1 85 9 is_stmt 1 view .LVU125
  85:Drivers/lvgl/src/draw/lv_draw_arc.c ****         area->x2 = x + rout;
 429              		.loc 1 85 22 is_stmt 0 view .LVU126
 430 00b4 A9EB0503 		sub	r3, r9, r5
  85:Drivers/lvgl/src/draw/lv_draw_arc.c ****         area->x2 = x + rout;
 431              		.loc 1 85 18 view .LVU127
 432 00b8 CAF80430 		str	r3, [r10, #4]
  86:Drivers/lvgl/src/draw/lv_draw_arc.c ****         area->y2 = y + rout;
 433              		.loc 1 86 9 is_stmt 1 view .LVU128
  86:Drivers/lvgl/src/draw/lv_draw_arc.c ****         area->y2 = y + rout;
 434              		.loc 1 86 22 is_stmt 0 view .LVU129
 435 00bc 2F44     		add	r7, r7, r5
  86:Drivers/lvgl/src/draw/lv_draw_arc.c ****         area->y2 = y + rout;
 436              		.loc 1 86 18 view .LVU130
 437 00be CAF80870 		str	r7, [r10, #8]
  87:Drivers/lvgl/src/draw/lv_draw_arc.c ****         return;
ARM GAS  /var/folders/qx/2_175_4n2s19vhvtspjhb3qh0000gn/T//ccEbqYA5.s 			page 13


 438              		.loc 1 87 9 is_stmt 1 view .LVU131
  87:Drivers/lvgl/src/draw/lv_draw_arc.c ****         return;
 439              		.loc 1 87 22 is_stmt 0 view .LVU132
 440 00c2 4D44     		add	r5, r5, r9
 441              	.LVL35:
  87:Drivers/lvgl/src/draw/lv_draw_arc.c ****         return;
 442              		.loc 1 87 18 view .LVU133
 443 00c4 CAF80C50 		str	r5, [r10, #12]
  88:Drivers/lvgl/src/draw/lv_draw_arc.c ****     }
 444              		.loc 1 88 9 is_stmt 1 view .LVU134
 445 00c8 EEE7     		b	.L13
 446              	.LVL36:
 447              	.L39:
  95:Drivers/lvgl/src/draw/lv_draw_arc.c ****     uint8_t start_quarter = start_angle_int / 90;
 448              		.loc 1 95 46 is_stmt 0 discriminator 2 view .LVU135
 449 00ca 4FF00008 		mov	r8, #0
 450 00ce BCE7     		b	.L18
 451              	.LVL37:
 452              	.L45:
 100:Drivers/lvgl/src/draw/lv_draw_arc.c ****     if(end_quarter == 4) end_quarter = 3;
 453              		.loc 1 100 42 discriminator 1 view .LVU136
 454 00d0 0323     		movs	r3, #3
 455              	.LVL38:
 100:Drivers/lvgl/src/draw/lv_draw_arc.c ****     if(end_quarter == 4) end_quarter = 3;
 456              		.loc 1 100 42 discriminator 1 view .LVU137
 457 00d2 CBE7     		b	.L19
 458              	.LVL39:
 459              	.L46:
 101:Drivers/lvgl/src/draw/lv_draw_arc.c **** 
 460              		.loc 1 101 38 discriminator 1 view .LVU138
 461 00d4 0322     		movs	r2, #3
 462              	.LVL40:
 101:Drivers/lvgl/src/draw/lv_draw_arc.c **** 
 463              		.loc 1 101 38 discriminator 1 view .LVU139
 464 00d6 CBE7     		b	.L20
 465              	.LVL41:
 466              	.L47:
 103:Drivers/lvgl/src/draw/lv_draw_arc.c ****         if(start_quarter == 0) {
 467              		.loc 1 103 37 discriminator 1 view .LVU140
 468 00d8 B442     		cmp	r4, r6
 469 00da CBDC     		bgt	.L21
 104:Drivers/lvgl/src/draw/lv_draw_arc.c ****             area->y1 = y + ((lv_trigo_sin(start_angle_int) * rin) >> LV_TRIGO_SHIFT) - extra_area;
 470              		.loc 1 104 9 is_stmt 1 view .LVU141
 471 00dc 032B     		cmp	r3, #3
 472 00de E3D8     		bhi	.L13
 473 00e0 DFE803F0 		tbb	[pc, r3]
 474              	.LVL42:
 475              	.L23:
 476 00e4 02       		.byte	(.L26-.L23)/2
 477 00e5 31       		.byte	(.L25-.L23)/2
 478 00e6 60       		.byte	(.L24-.L23)/2
 479 00e7 8F       		.byte	(.L22-.L23)/2
 480              		.p2align 1
 481              	.L26:
 105:Drivers/lvgl/src/draw/lv_draw_arc.c ****             area->x2 = x + ((lv_trigo_sin(start_angle_int + 90) * rout) >> LV_TRIGO_SHIFT) + extra_
 482              		.loc 1 105 13 view .LVU142
 105:Drivers/lvgl/src/draw/lv_draw_arc.c ****             area->x2 = x + ((lv_trigo_sin(start_angle_int + 90) * rout) >> LV_TRIGO_SHIFT) + extra_
ARM GAS  /var/folders/qx/2_175_4n2s19vhvtspjhb3qh0000gn/T//ccEbqYA5.s 			page 14


 483              		.loc 1 105 30 is_stmt 0 view .LVU143
 484 00e8 20B2     		sxth	r0, r4
 485              	.LVL43:
 105:Drivers/lvgl/src/draw/lv_draw_arc.c ****             area->x2 = x + ((lv_trigo_sin(start_angle_int + 90) * rout) >> LV_TRIGO_SHIFT) + extra_
 486              		.loc 1 105 30 view .LVU144
 487 00ea FFF7FEFF 		bl	lv_trigo_sin
 488              	.LVL44:
 105:Drivers/lvgl/src/draw/lv_draw_arc.c ****             area->x2 = x + ((lv_trigo_sin(start_angle_int + 90) * rout) >> LV_TRIGO_SHIFT) + extra_
 489              		.loc 1 105 60 discriminator 1 view .LVU145
 490 00ee 0BFB00F3 		mul	r3, fp, r0
 105:Drivers/lvgl/src/draw/lv_draw_arc.c ****             area->x2 = x + ((lv_trigo_sin(start_angle_int + 90) * rout) >> LV_TRIGO_SHIFT) + extra_
 491              		.loc 1 105 26 discriminator 1 view .LVU146
 492 00f2 09EBE333 		add	r3, r9, r3, asr #15
 105:Drivers/lvgl/src/draw/lv_draw_arc.c ****             area->x2 = x + ((lv_trigo_sin(start_angle_int + 90) * rout) >> LV_TRIGO_SHIFT) + extra_
 493              		.loc 1 105 86 discriminator 1 view .LVU147
 494 00f6 A3EB0803 		sub	r3, r3, r8
 105:Drivers/lvgl/src/draw/lv_draw_arc.c ****             area->x2 = x + ((lv_trigo_sin(start_angle_int + 90) * rout) >> LV_TRIGO_SHIFT) + extra_
 495              		.loc 1 105 22 discriminator 1 view .LVU148
 496 00fa CAF80430 		str	r3, [r10, #4]
 106:Drivers/lvgl/src/draw/lv_draw_arc.c **** 
 497              		.loc 1 106 13 is_stmt 1 view .LVU149
 106:Drivers/lvgl/src/draw/lv_draw_arc.c **** 
 498              		.loc 1 106 59 is_stmt 0 view .LVU150
 499 00fe 04F15A00 		add	r0, r4, #90
 106:Drivers/lvgl/src/draw/lv_draw_arc.c **** 
 500              		.loc 1 106 30 view .LVU151
 501 0102 00B2     		sxth	r0, r0
 502 0104 FFF7FEFF 		bl	lv_trigo_sin
 503              	.LVL45:
 106:Drivers/lvgl/src/draw/lv_draw_arc.c **** 
 504              		.loc 1 106 65 discriminator 1 view .LVU152
 505 0108 05FB00F3 		mul	r3, r5, r0
 106:Drivers/lvgl/src/draw/lv_draw_arc.c **** 
 506              		.loc 1 106 26 discriminator 1 view .LVU153
 507 010c 07EBE333 		add	r3, r7, r3, asr #15
 106:Drivers/lvgl/src/draw/lv_draw_arc.c **** 
 508              		.loc 1 106 92 discriminator 1 view .LVU154
 509 0110 4344     		add	r3, r3, r8
 106:Drivers/lvgl/src/draw/lv_draw_arc.c **** 
 510              		.loc 1 106 22 discriminator 1 view .LVU155
 511 0112 CAF80830 		str	r3, [r10, #8]
 108:Drivers/lvgl/src/draw/lv_draw_arc.c ****             area->x1 = x + ((lv_trigo_sin(end_angle_int + 90) * rin) >> LV_TRIGO_SHIFT) - extra_are
 512              		.loc 1 108 13 is_stmt 1 view .LVU156
 108:Drivers/lvgl/src/draw/lv_draw_arc.c ****             area->x1 = x + ((lv_trigo_sin(end_angle_int + 90) * rin) >> LV_TRIGO_SHIFT) - extra_are
 513              		.loc 1 108 30 is_stmt 0 view .LVU157
 514 0116 30B2     		sxth	r0, r6
 515 0118 FFF7FEFF 		bl	lv_trigo_sin
 516              	.LVL46:
 108:Drivers/lvgl/src/draw/lv_draw_arc.c ****             area->x1 = x + ((lv_trigo_sin(end_angle_int + 90) * rin) >> LV_TRIGO_SHIFT) - extra_are
 517              		.loc 1 108 58 discriminator 1 view .LVU158
 518 011c 05FB00F3 		mul	r3, r5, r0
 108:Drivers/lvgl/src/draw/lv_draw_arc.c ****             area->x1 = x + ((lv_trigo_sin(end_angle_int + 90) * rin) >> LV_TRIGO_SHIFT) - extra_are
 519              		.loc 1 108 26 discriminator 1 view .LVU159
 520 0120 09EBE333 		add	r3, r9, r3, asr #15
 108:Drivers/lvgl/src/draw/lv_draw_arc.c ****             area->x1 = x + ((lv_trigo_sin(end_angle_int + 90) * rin) >> LV_TRIGO_SHIFT) - extra_are
 521              		.loc 1 108 85 discriminator 1 view .LVU160
 522 0124 4344     		add	r3, r3, r8
ARM GAS  /var/folders/qx/2_175_4n2s19vhvtspjhb3qh0000gn/T//ccEbqYA5.s 			page 15


 108:Drivers/lvgl/src/draw/lv_draw_arc.c ****             area->x1 = x + ((lv_trigo_sin(end_angle_int + 90) * rin) >> LV_TRIGO_SHIFT) - extra_are
 523              		.loc 1 108 22 discriminator 1 view .LVU161
 524 0126 CAF80C30 		str	r3, [r10, #12]
 109:Drivers/lvgl/src/draw/lv_draw_arc.c ****         }
 525              		.loc 1 109 13 is_stmt 1 view .LVU162
 109:Drivers/lvgl/src/draw/lv_draw_arc.c ****         }
 526              		.loc 1 109 57 is_stmt 0 view .LVU163
 527 012a 06F15A00 		add	r0, r6, #90
 109:Drivers/lvgl/src/draw/lv_draw_arc.c ****         }
 528              		.loc 1 109 30 view .LVU164
 529 012e 00B2     		sxth	r0, r0
 530 0130 FFF7FEFF 		bl	lv_trigo_sin
 531              	.LVL47:
 109:Drivers/lvgl/src/draw/lv_draw_arc.c ****         }
 532              		.loc 1 109 63 discriminator 1 view .LVU165
 533 0134 0BFB00F3 		mul	r3, fp, r0
 109:Drivers/lvgl/src/draw/lv_draw_arc.c ****         }
 534              		.loc 1 109 26 discriminator 1 view .LVU166
 535 0138 07EBE333 		add	r3, r7, r3, asr #15
 109:Drivers/lvgl/src/draw/lv_draw_arc.c ****         }
 536              		.loc 1 109 89 discriminator 1 view .LVU167
 537 013c A3EB0803 		sub	r3, r3, r8
 109:Drivers/lvgl/src/draw/lv_draw_arc.c ****         }
 538              		.loc 1 109 22 discriminator 1 view .LVU168
 539 0140 CAF80030 		str	r3, [r10]
 540 0144 B0E7     		b	.L13
 541              	.LVL48:
 542              	.L25:
 112:Drivers/lvgl/src/draw/lv_draw_arc.c ****             area->x2 = x + ((lv_trigo_sin(start_angle_int + 90) * rin) >> LV_TRIGO_SHIFT) + extra_a
 543              		.loc 1 112 13 is_stmt 1 view .LVU169
 112:Drivers/lvgl/src/draw/lv_draw_arc.c ****             area->x2 = x + ((lv_trigo_sin(start_angle_int + 90) * rin) >> LV_TRIGO_SHIFT) + extra_a
 544              		.loc 1 112 30 is_stmt 0 view .LVU170
 545 0146 20B2     		sxth	r0, r4
 546              	.LVL49:
 112:Drivers/lvgl/src/draw/lv_draw_arc.c ****             area->x2 = x + ((lv_trigo_sin(start_angle_int + 90) * rin) >> LV_TRIGO_SHIFT) + extra_a
 547              		.loc 1 112 30 view .LVU171
 548 0148 FFF7FEFF 		bl	lv_trigo_sin
 549              	.LVL50:
 112:Drivers/lvgl/src/draw/lv_draw_arc.c ****             area->x2 = x + ((lv_trigo_sin(start_angle_int + 90) * rin) >> LV_TRIGO_SHIFT) + extra_a
 550              		.loc 1 112 60 discriminator 1 view .LVU172
 551 014c 05FB00F3 		mul	r3, r5, r0
 112:Drivers/lvgl/src/draw/lv_draw_arc.c ****             area->x2 = x + ((lv_trigo_sin(start_angle_int + 90) * rin) >> LV_TRIGO_SHIFT) + extra_a
 552              		.loc 1 112 26 discriminator 1 view .LVU173
 553 0150 09EBE333 		add	r3, r9, r3, asr #15
 112:Drivers/lvgl/src/draw/lv_draw_arc.c ****             area->x2 = x + ((lv_trigo_sin(start_angle_int + 90) * rin) >> LV_TRIGO_SHIFT) + extra_a
 554              		.loc 1 112 87 discriminator 1 view .LVU174
 555 0154 4344     		add	r3, r3, r8
 112:Drivers/lvgl/src/draw/lv_draw_arc.c ****             area->x2 = x + ((lv_trigo_sin(start_angle_int + 90) * rin) >> LV_TRIGO_SHIFT) + extra_a
 556              		.loc 1 112 22 discriminator 1 view .LVU175
 557 0156 CAF80C30 		str	r3, [r10, #12]
 113:Drivers/lvgl/src/draw/lv_draw_arc.c **** 
 558              		.loc 1 113 13 is_stmt 1 view .LVU176
 113:Drivers/lvgl/src/draw/lv_draw_arc.c **** 
 559              		.loc 1 113 59 is_stmt 0 view .LVU177
 560 015a 04F15A00 		add	r0, r4, #90
 113:Drivers/lvgl/src/draw/lv_draw_arc.c **** 
 561              		.loc 1 113 30 view .LVU178
ARM GAS  /var/folders/qx/2_175_4n2s19vhvtspjhb3qh0000gn/T//ccEbqYA5.s 			page 16


 562 015e 00B2     		sxth	r0, r0
 563 0160 FFF7FEFF 		bl	lv_trigo_sin
 564              	.LVL51:
 113:Drivers/lvgl/src/draw/lv_draw_arc.c **** 
 565              		.loc 1 113 65 discriminator 1 view .LVU179
 566 0164 0BFB00F3 		mul	r3, fp, r0
 113:Drivers/lvgl/src/draw/lv_draw_arc.c **** 
 567              		.loc 1 113 26 discriminator 1 view .LVU180
 568 0168 07EBE333 		add	r3, r7, r3, asr #15
 113:Drivers/lvgl/src/draw/lv_draw_arc.c **** 
 569              		.loc 1 113 91 discriminator 1 view .LVU181
 570 016c 4344     		add	r3, r3, r8
 113:Drivers/lvgl/src/draw/lv_draw_arc.c **** 
 571              		.loc 1 113 22 discriminator 1 view .LVU182
 572 016e CAF80830 		str	r3, [r10, #8]
 115:Drivers/lvgl/src/draw/lv_draw_arc.c ****             area->x1 = x + ((lv_trigo_sin(end_angle_int + 90) * rout) >> LV_TRIGO_SHIFT) - extra_ar
 573              		.loc 1 115 13 is_stmt 1 view .LVU183
 115:Drivers/lvgl/src/draw/lv_draw_arc.c ****             area->x1 = x + ((lv_trigo_sin(end_angle_int + 90) * rout) >> LV_TRIGO_SHIFT) - extra_ar
 574              		.loc 1 115 30 is_stmt 0 view .LVU184
 575 0172 30B2     		sxth	r0, r6
 576 0174 FFF7FEFF 		bl	lv_trigo_sin
 577              	.LVL52:
 115:Drivers/lvgl/src/draw/lv_draw_arc.c ****             area->x1 = x + ((lv_trigo_sin(end_angle_int + 90) * rout) >> LV_TRIGO_SHIFT) - extra_ar
 578              		.loc 1 115 58 discriminator 1 view .LVU185
 579 0178 0BFB00F3 		mul	r3, fp, r0
 115:Drivers/lvgl/src/draw/lv_draw_arc.c ****             area->x1 = x + ((lv_trigo_sin(end_angle_int + 90) * rout) >> LV_TRIGO_SHIFT) - extra_ar
 580              		.loc 1 115 26 discriminator 1 view .LVU186
 581 017c 09EBE333 		add	r3, r9, r3, asr #15
 115:Drivers/lvgl/src/draw/lv_draw_arc.c ****             area->x1 = x + ((lv_trigo_sin(end_angle_int + 90) * rout) >> LV_TRIGO_SHIFT) - extra_ar
 582              		.loc 1 115 84 discriminator 1 view .LVU187
 583 0180 A3EB0803 		sub	r3, r3, r8
 115:Drivers/lvgl/src/draw/lv_draw_arc.c ****             area->x1 = x + ((lv_trigo_sin(end_angle_int + 90) * rout) >> LV_TRIGO_SHIFT) - extra_ar
 584              		.loc 1 115 22 discriminator 1 view .LVU188
 585 0184 CAF80430 		str	r3, [r10, #4]
 116:Drivers/lvgl/src/draw/lv_draw_arc.c ****         }
 586              		.loc 1 116 13 is_stmt 1 view .LVU189
 116:Drivers/lvgl/src/draw/lv_draw_arc.c ****         }
 587              		.loc 1 116 57 is_stmt 0 view .LVU190
 588 0188 06F15A00 		add	r0, r6, #90
 116:Drivers/lvgl/src/draw/lv_draw_arc.c ****         }
 589              		.loc 1 116 30 view .LVU191
 590 018c 00B2     		sxth	r0, r0
 591 018e FFF7FEFF 		bl	lv_trigo_sin
 592              	.LVL53:
 116:Drivers/lvgl/src/draw/lv_draw_arc.c ****         }
 593              		.loc 1 116 63 discriminator 1 view .LVU192
 594 0192 05FB00F3 		mul	r3, r5, r0
 116:Drivers/lvgl/src/draw/lv_draw_arc.c ****         }
 595              		.loc 1 116 26 discriminator 1 view .LVU193
 596 0196 07EBE333 		add	r3, r7, r3, asr #15
 116:Drivers/lvgl/src/draw/lv_draw_arc.c ****         }
 597              		.loc 1 116 90 discriminator 1 view .LVU194
 598 019a A3EB0803 		sub	r3, r3, r8
 116:Drivers/lvgl/src/draw/lv_draw_arc.c ****         }
 599              		.loc 1 116 22 discriminator 1 view .LVU195
 600 019e CAF80030 		str	r3, [r10]
 601 01a2 81E7     		b	.L13
ARM GAS  /var/folders/qx/2_175_4n2s19vhvtspjhb3qh0000gn/T//ccEbqYA5.s 			page 17


 602              	.LVL54:
 603              	.L24:
 119:Drivers/lvgl/src/draw/lv_draw_arc.c ****             area->y2 = y + ((lv_trigo_sin(start_angle_int) * rin) >> LV_TRIGO_SHIFT) + extra_area;
 604              		.loc 1 119 13 is_stmt 1 view .LVU196
 119:Drivers/lvgl/src/draw/lv_draw_arc.c ****             area->y2 = y + ((lv_trigo_sin(start_angle_int) * rin) >> LV_TRIGO_SHIFT) + extra_area;
 605              		.loc 1 119 59 is_stmt 0 view .LVU197
 606 01a4 04F15A00 		add	r0, r4, #90
 607              	.LVL55:
 119:Drivers/lvgl/src/draw/lv_draw_arc.c ****             area->y2 = y + ((lv_trigo_sin(start_angle_int) * rin) >> LV_TRIGO_SHIFT) + extra_area;
 608              		.loc 1 119 30 view .LVU198
 609 01a8 00B2     		sxth	r0, r0
 610 01aa FFF7FEFF 		bl	lv_trigo_sin
 611              	.LVL56:
 119:Drivers/lvgl/src/draw/lv_draw_arc.c ****             area->y2 = y + ((lv_trigo_sin(start_angle_int) * rin) >> LV_TRIGO_SHIFT) + extra_area;
 612              		.loc 1 119 65 discriminator 1 view .LVU199
 613 01ae 05FB00F3 		mul	r3, r5, r0
 119:Drivers/lvgl/src/draw/lv_draw_arc.c ****             area->y2 = y + ((lv_trigo_sin(start_angle_int) * rin) >> LV_TRIGO_SHIFT) + extra_area;
 614              		.loc 1 119 26 discriminator 1 view .LVU200
 615 01b2 07EBE333 		add	r3, r7, r3, asr #15
 119:Drivers/lvgl/src/draw/lv_draw_arc.c ****             area->y2 = y + ((lv_trigo_sin(start_angle_int) * rin) >> LV_TRIGO_SHIFT) + extra_area;
 616              		.loc 1 119 92 discriminator 1 view .LVU201
 617 01b6 A3EB0803 		sub	r3, r3, r8
 119:Drivers/lvgl/src/draw/lv_draw_arc.c ****             area->y2 = y + ((lv_trigo_sin(start_angle_int) * rin) >> LV_TRIGO_SHIFT) + extra_area;
 618              		.loc 1 119 22 discriminator 1 view .LVU202
 619 01ba CAF80030 		str	r3, [r10]
 120:Drivers/lvgl/src/draw/lv_draw_arc.c **** 
 620              		.loc 1 120 13 is_stmt 1 view .LVU203
 120:Drivers/lvgl/src/draw/lv_draw_arc.c **** 
 621              		.loc 1 120 30 is_stmt 0 view .LVU204
 622 01be 20B2     		sxth	r0, r4
 623 01c0 FFF7FEFF 		bl	lv_trigo_sin
 624              	.LVL57:
 120:Drivers/lvgl/src/draw/lv_draw_arc.c **** 
 625              		.loc 1 120 60 discriminator 1 view .LVU205
 626 01c4 0BFB00F3 		mul	r3, fp, r0
 120:Drivers/lvgl/src/draw/lv_draw_arc.c **** 
 627              		.loc 1 120 26 discriminator 1 view .LVU206
 628 01c8 09EBE333 		add	r3, r9, r3, asr #15
 120:Drivers/lvgl/src/draw/lv_draw_arc.c **** 
 629              		.loc 1 120 86 discriminator 1 view .LVU207
 630 01cc 4344     		add	r3, r3, r8
 120:Drivers/lvgl/src/draw/lv_draw_arc.c **** 
 631              		.loc 1 120 22 discriminator 1 view .LVU208
 632 01ce CAF80C30 		str	r3, [r10, #12]
 122:Drivers/lvgl/src/draw/lv_draw_arc.c ****             area->x2 = x + ((lv_trigo_sin(end_angle_int + 90) * rin) >> LV_TRIGO_SHIFT) + extra_are
 633              		.loc 1 122 13 is_stmt 1 view .LVU209
 122:Drivers/lvgl/src/draw/lv_draw_arc.c ****             area->x2 = x + ((lv_trigo_sin(end_angle_int + 90) * rin) >> LV_TRIGO_SHIFT) + extra_are
 634              		.loc 1 122 30 is_stmt 0 view .LVU210
 635 01d2 30B2     		sxth	r0, r6
 636 01d4 FFF7FEFF 		bl	lv_trigo_sin
 637              	.LVL58:
 122:Drivers/lvgl/src/draw/lv_draw_arc.c ****             area->x2 = x + ((lv_trigo_sin(end_angle_int + 90) * rin) >> LV_TRIGO_SHIFT) + extra_are
 638              		.loc 1 122 58 discriminator 1 view .LVU211
 639 01d8 05FB00F3 		mul	r3, r5, r0
 122:Drivers/lvgl/src/draw/lv_draw_arc.c ****             area->x2 = x + ((lv_trigo_sin(end_angle_int + 90) * rin) >> LV_TRIGO_SHIFT) + extra_are
 640              		.loc 1 122 26 discriminator 1 view .LVU212
 641 01dc 09EBE333 		add	r3, r9, r3, asr #15
ARM GAS  /var/folders/qx/2_175_4n2s19vhvtspjhb3qh0000gn/T//ccEbqYA5.s 			page 18


 122:Drivers/lvgl/src/draw/lv_draw_arc.c ****             area->x2 = x + ((lv_trigo_sin(end_angle_int + 90) * rin) >> LV_TRIGO_SHIFT) + extra_are
 642              		.loc 1 122 85 discriminator 1 view .LVU213
 643 01e0 A3EB0803 		sub	r3, r3, r8
 122:Drivers/lvgl/src/draw/lv_draw_arc.c ****             area->x2 = x + ((lv_trigo_sin(end_angle_int + 90) * rin) >> LV_TRIGO_SHIFT) + extra_are
 644              		.loc 1 122 22 discriminator 1 view .LVU214
 645 01e4 CAF80430 		str	r3, [r10, #4]
 123:Drivers/lvgl/src/draw/lv_draw_arc.c ****         }
 646              		.loc 1 123 13 is_stmt 1 view .LVU215
 123:Drivers/lvgl/src/draw/lv_draw_arc.c ****         }
 647              		.loc 1 123 57 is_stmt 0 view .LVU216
 648 01e8 06F15A00 		add	r0, r6, #90
 123:Drivers/lvgl/src/draw/lv_draw_arc.c ****         }
 649              		.loc 1 123 30 view .LVU217
 650 01ec 00B2     		sxth	r0, r0
 651 01ee FFF7FEFF 		bl	lv_trigo_sin
 652              	.LVL59:
 123:Drivers/lvgl/src/draw/lv_draw_arc.c ****         }
 653              		.loc 1 123 63 discriminator 1 view .LVU218
 654 01f2 0BFB00F3 		mul	r3, fp, r0
 123:Drivers/lvgl/src/draw/lv_draw_arc.c ****         }
 655              		.loc 1 123 26 discriminator 1 view .LVU219
 656 01f6 07EBE333 		add	r3, r7, r3, asr #15
 123:Drivers/lvgl/src/draw/lv_draw_arc.c ****         }
 657              		.loc 1 123 89 discriminator 1 view .LVU220
 658 01fa 4344     		add	r3, r3, r8
 123:Drivers/lvgl/src/draw/lv_draw_arc.c ****         }
 659              		.loc 1 123 22 discriminator 1 view .LVU221
 660 01fc CAF80830 		str	r3, [r10, #8]
 661 0200 52E7     		b	.L13
 662              	.LVL60:
 663              	.L22:
 126:Drivers/lvgl/src/draw/lv_draw_arc.c ****             area->y1 = y + ((lv_trigo_sin(start_angle_int) * rout) >> LV_TRIGO_SHIFT) - extra_area;
 664              		.loc 1 126 13 is_stmt 1 view .LVU222
 126:Drivers/lvgl/src/draw/lv_draw_arc.c ****             area->y1 = y + ((lv_trigo_sin(start_angle_int) * rout) >> LV_TRIGO_SHIFT) - extra_area;
 665              		.loc 1 126 59 is_stmt 0 view .LVU223
 666 0202 04F15A00 		add	r0, r4, #90
 667              	.LVL61:
 126:Drivers/lvgl/src/draw/lv_draw_arc.c ****             area->y1 = y + ((lv_trigo_sin(start_angle_int) * rout) >> LV_TRIGO_SHIFT) - extra_area;
 668              		.loc 1 126 30 view .LVU224
 669 0206 00B2     		sxth	r0, r0
 670 0208 FFF7FEFF 		bl	lv_trigo_sin
 671              	.LVL62:
 126:Drivers/lvgl/src/draw/lv_draw_arc.c ****             area->y1 = y + ((lv_trigo_sin(start_angle_int) * rout) >> LV_TRIGO_SHIFT) - extra_area;
 672              		.loc 1 126 65 discriminator 1 view .LVU225
 673 020c 0BFB00F3 		mul	r3, fp, r0
 126:Drivers/lvgl/src/draw/lv_draw_arc.c ****             area->y1 = y + ((lv_trigo_sin(start_angle_int) * rout) >> LV_TRIGO_SHIFT) - extra_area;
 674              		.loc 1 126 26 discriminator 1 view .LVU226
 675 0210 07EBE333 		add	r3, r7, r3, asr #15
 126:Drivers/lvgl/src/draw/lv_draw_arc.c ****             area->y1 = y + ((lv_trigo_sin(start_angle_int) * rout) >> LV_TRIGO_SHIFT) - extra_area;
 676              		.loc 1 126 91 discriminator 1 view .LVU227
 677 0214 A3EB0803 		sub	r3, r3, r8
 126:Drivers/lvgl/src/draw/lv_draw_arc.c ****             area->y1 = y + ((lv_trigo_sin(start_angle_int) * rout) >> LV_TRIGO_SHIFT) - extra_area;
 678              		.loc 1 126 22 discriminator 1 view .LVU228
 679 0218 CAF80030 		str	r3, [r10]
 127:Drivers/lvgl/src/draw/lv_draw_arc.c **** 
 680              		.loc 1 127 13 is_stmt 1 view .LVU229
 127:Drivers/lvgl/src/draw/lv_draw_arc.c **** 
ARM GAS  /var/folders/qx/2_175_4n2s19vhvtspjhb3qh0000gn/T//ccEbqYA5.s 			page 19


 681              		.loc 1 127 30 is_stmt 0 view .LVU230
 682 021c 20B2     		sxth	r0, r4
 683 021e FFF7FEFF 		bl	lv_trigo_sin
 684              	.LVL63:
 127:Drivers/lvgl/src/draw/lv_draw_arc.c **** 
 685              		.loc 1 127 60 discriminator 1 view .LVU231
 686 0222 05FB00F3 		mul	r3, r5, r0
 127:Drivers/lvgl/src/draw/lv_draw_arc.c **** 
 687              		.loc 1 127 26 discriminator 1 view .LVU232
 688 0226 09EBE333 		add	r3, r9, r3, asr #15
 127:Drivers/lvgl/src/draw/lv_draw_arc.c **** 
 689              		.loc 1 127 87 discriminator 1 view .LVU233
 690 022a A3EB0803 		sub	r3, r3, r8
 127:Drivers/lvgl/src/draw/lv_draw_arc.c **** 
 691              		.loc 1 127 22 discriminator 1 view .LVU234
 692 022e CAF80430 		str	r3, [r10, #4]
 129:Drivers/lvgl/src/draw/lv_draw_arc.c ****             area->y2 = y + ((lv_trigo_sin(end_angle_int) * rin) >> LV_TRIGO_SHIFT) + extra_area;
 693              		.loc 1 129 13 is_stmt 1 view .LVU235
 129:Drivers/lvgl/src/draw/lv_draw_arc.c ****             area->y2 = y + ((lv_trigo_sin(end_angle_int) * rin) >> LV_TRIGO_SHIFT) + extra_area;
 694              		.loc 1 129 57 is_stmt 0 view .LVU236
 695 0232 06F15A00 		add	r0, r6, #90
 129:Drivers/lvgl/src/draw/lv_draw_arc.c ****             area->y2 = y + ((lv_trigo_sin(end_angle_int) * rin) >> LV_TRIGO_SHIFT) + extra_area;
 696              		.loc 1 129 30 view .LVU237
 697 0236 00B2     		sxth	r0, r0
 698 0238 FFF7FEFF 		bl	lv_trigo_sin
 699              	.LVL64:
 129:Drivers/lvgl/src/draw/lv_draw_arc.c ****             area->y2 = y + ((lv_trigo_sin(end_angle_int) * rin) >> LV_TRIGO_SHIFT) + extra_area;
 700              		.loc 1 129 63 discriminator 1 view .LVU238
 701 023c 05FB00F3 		mul	r3, r5, r0
 129:Drivers/lvgl/src/draw/lv_draw_arc.c ****             area->y2 = y + ((lv_trigo_sin(end_angle_int) * rin) >> LV_TRIGO_SHIFT) + extra_area;
 702              		.loc 1 129 26 discriminator 1 view .LVU239
 703 0240 07EBE333 		add	r3, r7, r3, asr #15
 129:Drivers/lvgl/src/draw/lv_draw_arc.c ****             area->y2 = y + ((lv_trigo_sin(end_angle_int) * rin) >> LV_TRIGO_SHIFT) + extra_area;
 704              		.loc 1 129 90 discriminator 1 view .LVU240
 705 0244 4344     		add	r3, r3, r8
 129:Drivers/lvgl/src/draw/lv_draw_arc.c ****             area->y2 = y + ((lv_trigo_sin(end_angle_int) * rin) >> LV_TRIGO_SHIFT) + extra_area;
 706              		.loc 1 129 22 discriminator 1 view .LVU241
 707 0246 CAF80830 		str	r3, [r10, #8]
 130:Drivers/lvgl/src/draw/lv_draw_arc.c ****         }
 708              		.loc 1 130 13 is_stmt 1 view .LVU242
 130:Drivers/lvgl/src/draw/lv_draw_arc.c ****         }
 709              		.loc 1 130 30 is_stmt 0 view .LVU243
 710 024a 30B2     		sxth	r0, r6
 711 024c FFF7FEFF 		bl	lv_trigo_sin
 712              	.LVL65:
 130:Drivers/lvgl/src/draw/lv_draw_arc.c ****         }
 713              		.loc 1 130 58 discriminator 1 view .LVU244
 714 0250 0BFB00F3 		mul	r3, fp, r0
 130:Drivers/lvgl/src/draw/lv_draw_arc.c ****         }
 715              		.loc 1 130 26 discriminator 1 view .LVU245
 716 0254 09EBE333 		add	r3, r9, r3, asr #15
 130:Drivers/lvgl/src/draw/lv_draw_arc.c ****         }
 717              		.loc 1 130 84 discriminator 1 view .LVU246
 718 0258 4344     		add	r3, r3, r8
 130:Drivers/lvgl/src/draw/lv_draw_arc.c ****         }
 719              		.loc 1 130 22 discriminator 1 view .LVU247
 720 025a CAF80C30 		str	r3, [r10, #12]
ARM GAS  /var/folders/qx/2_175_4n2s19vhvtspjhb3qh0000gn/T//ccEbqYA5.s 			page 20


 721 025e 23E7     		b	.L13
 722              	.LVL66:
 723              	.L48:
 134:Drivers/lvgl/src/draw/lv_draw_arc.c ****         area->y1 = y + ((LV_MIN(lv_trigo_sin(end_angle_int),
 724              		.loc 1 134 9 is_stmt 1 view .LVU248
 134:Drivers/lvgl/src/draw/lv_draw_arc.c ****         area->y1 = y + ((LV_MIN(lv_trigo_sin(end_angle_int),
 725              		.loc 1 134 53 is_stmt 0 view .LVU249
 726 0260 06F15A00 		add	r0, r6, #90
 727              	.LVL67:
 134:Drivers/lvgl/src/draw/lv_draw_arc.c ****         area->y1 = y + ((LV_MIN(lv_trigo_sin(end_angle_int),
 728              		.loc 1 134 26 view .LVU250
 729 0264 00B2     		sxth	r0, r0
 730 0266 FFF7FEFF 		bl	lv_trigo_sin
 731              	.LVL68:
 134:Drivers/lvgl/src/draw/lv_draw_arc.c ****         area->y1 = y + ((LV_MIN(lv_trigo_sin(end_angle_int),
 732              		.loc 1 134 59 discriminator 1 view .LVU251
 733 026a 05FB00F3 		mul	r3, r5, r0
 134:Drivers/lvgl/src/draw/lv_draw_arc.c ****         area->y1 = y + ((LV_MIN(lv_trigo_sin(end_angle_int),
 734              		.loc 1 134 22 discriminator 1 view .LVU252
 735 026e 07EBE333 		add	r3, r7, r3, asr #15
 134:Drivers/lvgl/src/draw/lv_draw_arc.c ****         area->y1 = y + ((LV_MIN(lv_trigo_sin(end_angle_int),
 736              		.loc 1 134 86 discriminator 1 view .LVU253
 737 0272 A3EB0803 		sub	r3, r3, r8
 134:Drivers/lvgl/src/draw/lv_draw_arc.c ****         area->y1 = y + ((LV_MIN(lv_trigo_sin(end_angle_int),
 738              		.loc 1 134 18 discriminator 1 view .LVU254
 739 0276 CAF80030 		str	r3, [r10]
 135:Drivers/lvgl/src/draw/lv_draw_arc.c ****                                 lv_trigo_sin(start_angle_int))  * rin) >> LV_TRIGO_SHIFT) - extra_a
 740              		.loc 1 135 9 is_stmt 1 view .LVU255
 135:Drivers/lvgl/src/draw/lv_draw_arc.c ****                                 lv_trigo_sin(start_angle_int))  * rin) >> LV_TRIGO_SHIFT) - extra_a
 741              		.loc 1 135 26 is_stmt 0 view .LVU256
 742 027a 36B2     		sxth	r6, r6
 743              	.LVL69:
 135:Drivers/lvgl/src/draw/lv_draw_arc.c ****                                 lv_trigo_sin(start_angle_int))  * rin) >> LV_TRIGO_SHIFT) - extra_a
 744              		.loc 1 135 26 view .LVU257
 745 027c 3046     		mov	r0, r6
 746 027e FFF7FEFF 		bl	lv_trigo_sin
 747              	.LVL70:
 748 0282 0190     		str	r0, [sp, #4]
 135:Drivers/lvgl/src/draw/lv_draw_arc.c ****                                 lv_trigo_sin(start_angle_int))  * rin) >> LV_TRIGO_SHIFT) - extra_a
 749              		.loc 1 135 26 discriminator 1 view .LVU258
 750 0284 23B2     		sxth	r3, r4
 751 0286 0293     		str	r3, [sp, #8]
 752 0288 1846     		mov	r0, r3
 753 028a FFF7FEFF 		bl	lv_trigo_sin
 754              	.LVL71:
 135:Drivers/lvgl/src/draw/lv_draw_arc.c ****                                 lv_trigo_sin(start_angle_int))  * rin) >> LV_TRIGO_SHIFT) - extra_a
 755              		.loc 1 135 26 discriminator 2 view .LVU259
 756 028e 019B     		ldr	r3, [sp, #4]
 757 0290 8342     		cmp	r3, r0
 758 0292 1BDA     		bge	.L28
 135:Drivers/lvgl/src/draw/lv_draw_arc.c ****                                 lv_trigo_sin(start_angle_int))  * rin) >> LV_TRIGO_SHIFT) - extra_a
 759              		.loc 1 135 26 discriminator 1 view .LVU260
 760 0294 3046     		mov	r0, r6
 761 0296 FFF7FEFF 		bl	lv_trigo_sin
 762              	.LVL72:
 763              	.L29:
 136:Drivers/lvgl/src/draw/lv_draw_arc.c ****         area->x2 = x + ((lv_trigo_sin(start_angle_int + 90) * rout) >> LV_TRIGO_SHIFT) + extra_area
ARM GAS  /var/folders/qx/2_175_4n2s19vhvtspjhb3qh0000gn/T//ccEbqYA5.s 			page 21


 764              		.loc 1 136 65 view .LVU261
 765 029a 0BFB00F3 		mul	r3, fp, r0
 135:Drivers/lvgl/src/draw/lv_draw_arc.c ****                                 lv_trigo_sin(start_angle_int))  * rin) >> LV_TRIGO_SHIFT) - extra_a
 766              		.loc 1 135 22 view .LVU262
 767 029e 09EBE333 		add	r3, r9, r3, asr #15
 136:Drivers/lvgl/src/draw/lv_draw_arc.c ****         area->x2 = x + ((lv_trigo_sin(start_angle_int + 90) * rout) >> LV_TRIGO_SHIFT) + extra_area
 768              		.loc 1 136 91 view .LVU263
 769 02a2 A3EB0803 		sub	r3, r3, r8
 135:Drivers/lvgl/src/draw/lv_draw_arc.c ****                                 lv_trigo_sin(start_angle_int))  * rin) >> LV_TRIGO_SHIFT) - extra_a
 770              		.loc 1 135 18 view .LVU264
 771 02a6 CAF80430 		str	r3, [r10, #4]
 137:Drivers/lvgl/src/draw/lv_draw_arc.c ****         area->y2 = y + rout + extra_area;
 772              		.loc 1 137 9 is_stmt 1 view .LVU265
 137:Drivers/lvgl/src/draw/lv_draw_arc.c ****         area->y2 = y + rout + extra_area;
 773              		.loc 1 137 55 is_stmt 0 view .LVU266
 774 02aa 04F15A00 		add	r0, r4, #90
 137:Drivers/lvgl/src/draw/lv_draw_arc.c ****         area->y2 = y + rout + extra_area;
 775              		.loc 1 137 26 view .LVU267
 776 02ae 00B2     		sxth	r0, r0
 777 02b0 FFF7FEFF 		bl	lv_trigo_sin
 778              	.LVL73:
 137:Drivers/lvgl/src/draw/lv_draw_arc.c ****         area->y2 = y + rout + extra_area;
 779              		.loc 1 137 61 discriminator 1 view .LVU268
 780 02b4 05FB00F3 		mul	r3, r5, r0
 137:Drivers/lvgl/src/draw/lv_draw_arc.c ****         area->y2 = y + rout + extra_area;
 781              		.loc 1 137 22 discriminator 1 view .LVU269
 782 02b8 07EBE333 		add	r3, r7, r3, asr #15
 137:Drivers/lvgl/src/draw/lv_draw_arc.c ****         area->y2 = y + rout + extra_area;
 783              		.loc 1 137 88 discriminator 1 view .LVU270
 784 02bc 4344     		add	r3, r3, r8
 137:Drivers/lvgl/src/draw/lv_draw_arc.c ****         area->y2 = y + rout + extra_area;
 785              		.loc 1 137 18 discriminator 1 view .LVU271
 786 02be CAF80830 		str	r3, [r10, #8]
 138:Drivers/lvgl/src/draw/lv_draw_arc.c ****     }
 787              		.loc 1 138 9 is_stmt 1 view .LVU272
 138:Drivers/lvgl/src/draw/lv_draw_arc.c ****     }
 788              		.loc 1 138 22 is_stmt 0 view .LVU273
 789 02c2 4D44     		add	r5, r5, r9
 790              	.LVL74:
 138:Drivers/lvgl/src/draw/lv_draw_arc.c ****     }
 791              		.loc 1 138 29 view .LVU274
 792 02c4 4544     		add	r5, r5, r8
 138:Drivers/lvgl/src/draw/lv_draw_arc.c ****     }
 793              		.loc 1 138 18 view .LVU275
 794 02c6 CAF80C50 		str	r5, [r10, #12]
 795 02ca EDE6     		b	.L13
 796              	.LVL75:
 797              	.L28:
 135:Drivers/lvgl/src/draw/lv_draw_arc.c ****                                 lv_trigo_sin(start_angle_int))  * rin) >> LV_TRIGO_SHIFT) - extra_a
 798              		.loc 1 135 26 discriminator 2 view .LVU276
 799 02cc 0298     		ldr	r0, [sp, #8]
 800 02ce FFF7FEFF 		bl	lv_trigo_sin
 801              	.LVL76:
 802 02d2 E2E7     		b	.L29
 803              	.LVL77:
 804              	.L49:
 140:Drivers/lvgl/src/draw/lv_draw_arc.c ****         area->x1 = x - rout - extra_area;
ARM GAS  /var/folders/qx/2_175_4n2s19vhvtspjhb3qh0000gn/T//ccEbqYA5.s 			page 22


 805              		.loc 1 140 32 discriminator 1 view .LVU277
 806 02d4 022A     		cmp	r2, #2
 807 02d6 7FF4D4AE 		bne	.L30
 141:Drivers/lvgl/src/draw/lv_draw_arc.c ****         area->y1 = y + ((lv_trigo_sin(end_angle_int) * rout) >> LV_TRIGO_SHIFT) - extra_area;
 808              		.loc 1 141 9 is_stmt 1 view .LVU278
 141:Drivers/lvgl/src/draw/lv_draw_arc.c ****         area->y1 = y + ((lv_trigo_sin(end_angle_int) * rout) >> LV_TRIGO_SHIFT) - extra_area;
 809              		.loc 1 141 22 is_stmt 0 view .LVU279
 810 02da 7B1B     		subs	r3, r7, r5
 811              	.LVL78:
 141:Drivers/lvgl/src/draw/lv_draw_arc.c ****         area->y1 = y + ((lv_trigo_sin(end_angle_int) * rout) >> LV_TRIGO_SHIFT) - extra_area;
 812              		.loc 1 141 29 view .LVU280
 813 02dc A3EB0803 		sub	r3, r3, r8
 141:Drivers/lvgl/src/draw/lv_draw_arc.c ****         area->y1 = y + ((lv_trigo_sin(end_angle_int) * rout) >> LV_TRIGO_SHIFT) - extra_area;
 814              		.loc 1 141 18 view .LVU281
 815 02e0 CAF80030 		str	r3, [r10]
 142:Drivers/lvgl/src/draw/lv_draw_arc.c ****         area->x2 = x + ((LV_MAX(lv_trigo_sin(start_angle_int + 90),
 816              		.loc 1 142 9 is_stmt 1 view .LVU282
 142:Drivers/lvgl/src/draw/lv_draw_arc.c ****         area->x2 = x + ((LV_MAX(lv_trigo_sin(start_angle_int + 90),
 817              		.loc 1 142 26 is_stmt 0 view .LVU283
 818 02e4 30B2     		sxth	r0, r6
 819              	.LVL79:
 142:Drivers/lvgl/src/draw/lv_draw_arc.c ****         area->x2 = x + ((LV_MAX(lv_trigo_sin(start_angle_int + 90),
 820              		.loc 1 142 26 view .LVU284
 821 02e6 FFF7FEFF 		bl	lv_trigo_sin
 822              	.LVL80:
 142:Drivers/lvgl/src/draw/lv_draw_arc.c ****         area->x2 = x + ((LV_MAX(lv_trigo_sin(start_angle_int + 90),
 823              		.loc 1 142 54 discriminator 1 view .LVU285
 824 02ea 05FB00F3 		mul	r3, r5, r0
 142:Drivers/lvgl/src/draw/lv_draw_arc.c ****         area->x2 = x + ((LV_MAX(lv_trigo_sin(start_angle_int + 90),
 825              		.loc 1 142 22 discriminator 1 view .LVU286
 826 02ee 09EBE333 		add	r3, r9, r3, asr #15
 142:Drivers/lvgl/src/draw/lv_draw_arc.c ****         area->x2 = x + ((LV_MAX(lv_trigo_sin(start_angle_int + 90),
 827              		.loc 1 142 81 discriminator 1 view .LVU287
 828 02f2 A3EB0803 		sub	r3, r3, r8
 142:Drivers/lvgl/src/draw/lv_draw_arc.c ****         area->x2 = x + ((LV_MAX(lv_trigo_sin(start_angle_int + 90),
 829              		.loc 1 142 18 discriminator 1 view .LVU288
 830 02f6 CAF80430 		str	r3, [r10, #4]
 143:Drivers/lvgl/src/draw/lv_draw_arc.c ****                                 lv_trigo_sin(end_angle_int + 90)) * rin) >> LV_TRIGO_SHIFT) + extra
 831              		.loc 1 143 9 is_stmt 1 view .LVU289
 143:Drivers/lvgl/src/draw/lv_draw_arc.c ****                                 lv_trigo_sin(end_angle_int + 90)) * rin) >> LV_TRIGO_SHIFT) + extra
 832              		.loc 1 143 26 is_stmt 0 view .LVU290
 833 02fa 04F15A03 		add	r3, r4, #90
 834 02fe 1BB2     		sxth	r3, r3
 835 0300 0193     		str	r3, [sp, #4]
 836 0302 1846     		mov	r0, r3
 837 0304 FFF7FEFF 		bl	lv_trigo_sin
 838              	.LVL81:
 839 0308 0290     		str	r0, [sp, #8]
 143:Drivers/lvgl/src/draw/lv_draw_arc.c ****                                 lv_trigo_sin(end_angle_int + 90)) * rin) >> LV_TRIGO_SHIFT) + extra
 840              		.loc 1 143 26 discriminator 1 view .LVU291
 841 030a 5A36     		adds	r6, r6, #90
 842              	.LVL82:
 143:Drivers/lvgl/src/draw/lv_draw_arc.c ****                                 lv_trigo_sin(end_angle_int + 90)) * rin) >> LV_TRIGO_SHIFT) + extra
 843              		.loc 1 143 26 discriminator 1 view .LVU292
 844 030c 36B2     		sxth	r6, r6
 845              	.LVL83:
 143:Drivers/lvgl/src/draw/lv_draw_arc.c ****                                 lv_trigo_sin(end_angle_int + 90)) * rin) >> LV_TRIGO_SHIFT) + extra
ARM GAS  /var/folders/qx/2_175_4n2s19vhvtspjhb3qh0000gn/T//ccEbqYA5.s 			page 23


 846              		.loc 1 143 26 discriminator 1 view .LVU293
 847 030e 3046     		mov	r0, r6
 848 0310 FFF7FEFF 		bl	lv_trigo_sin
 849              	.LVL84:
 143:Drivers/lvgl/src/draw/lv_draw_arc.c ****                                 lv_trigo_sin(end_angle_int + 90)) * rin) >> LV_TRIGO_SHIFT) + extra
 850              		.loc 1 143 26 discriminator 2 view .LVU294
 851 0314 029A     		ldr	r2, [sp, #8]
 852 0316 8242     		cmp	r2, r0
 853 0318 14DD     		ble	.L31
 143:Drivers/lvgl/src/draw/lv_draw_arc.c ****                                 lv_trigo_sin(end_angle_int + 90)) * rin) >> LV_TRIGO_SHIFT) + extra
 854              		.loc 1 143 26 discriminator 1 view .LVU295
 855 031a 0198     		ldr	r0, [sp, #4]
 856 031c FFF7FEFF 		bl	lv_trigo_sin
 857              	.LVL85:
 858              	.L32:
 144:Drivers/lvgl/src/draw/lv_draw_arc.c ****         area->y2 = y + ((lv_trigo_sin(start_angle_int) * rout) >> LV_TRIGO_SHIFT) + extra_area;
 859              		.loc 1 144 67 view .LVU296
 860 0320 0BFB00F3 		mul	r3, fp, r0
 143:Drivers/lvgl/src/draw/lv_draw_arc.c ****                                 lv_trigo_sin(end_angle_int + 90)) * rin) >> LV_TRIGO_SHIFT) + extra
 861              		.loc 1 143 22 view .LVU297
 862 0324 07EBE333 		add	r3, r7, r3, asr #15
 144:Drivers/lvgl/src/draw/lv_draw_arc.c ****         area->y2 = y + ((lv_trigo_sin(start_angle_int) * rout) >> LV_TRIGO_SHIFT) + extra_area;
 863              		.loc 1 144 93 view .LVU298
 864 0328 4344     		add	r3, r3, r8
 143:Drivers/lvgl/src/draw/lv_draw_arc.c ****                                 lv_trigo_sin(end_angle_int + 90)) * rin) >> LV_TRIGO_SHIFT) + extra
 865              		.loc 1 143 18 view .LVU299
 866 032a CAF80830 		str	r3, [r10, #8]
 145:Drivers/lvgl/src/draw/lv_draw_arc.c ****     }
 867              		.loc 1 145 9 is_stmt 1 view .LVU300
 145:Drivers/lvgl/src/draw/lv_draw_arc.c ****     }
 868              		.loc 1 145 26 is_stmt 0 view .LVU301
 869 032e 20B2     		sxth	r0, r4
 870 0330 FFF7FEFF 		bl	lv_trigo_sin
 871              	.LVL86:
 145:Drivers/lvgl/src/draw/lv_draw_arc.c ****     }
 872              		.loc 1 145 56 discriminator 1 view .LVU302
 873 0334 05FB00F3 		mul	r3, r5, r0
 145:Drivers/lvgl/src/draw/lv_draw_arc.c ****     }
 874              		.loc 1 145 22 discriminator 1 view .LVU303
 875 0338 09EBE333 		add	r3, r9, r3, asr #15
 145:Drivers/lvgl/src/draw/lv_draw_arc.c ****     }
 876              		.loc 1 145 83 discriminator 1 view .LVU304
 877 033c 4344     		add	r3, r3, r8
 145:Drivers/lvgl/src/draw/lv_draw_arc.c ****     }
 878              		.loc 1 145 18 discriminator 1 view .LVU305
 879 033e CAF80C30 		str	r3, [r10, #12]
 145:Drivers/lvgl/src/draw/lv_draw_arc.c ****     }
 880              		.loc 1 145 18 view .LVU306
 881 0342 B1E6     		b	.L13
 882              	.L31:
 143:Drivers/lvgl/src/draw/lv_draw_arc.c ****                                 lv_trigo_sin(end_angle_int + 90)) * rin) >> LV_TRIGO_SHIFT) + extra
 883              		.loc 1 143 26 discriminator 2 view .LVU307
 884 0344 3046     		mov	r0, r6
 885 0346 FFF7FEFF 		bl	lv_trigo_sin
 886              	.LVL87:
 887 034a E9E7     		b	.L32
 888              	.L53:
ARM GAS  /var/folders/qx/2_175_4n2s19vhvtspjhb3qh0000gn/T//ccEbqYA5.s 			page 24


 889              		.align	2
 890              	.L52:
 891 034c B7600BB6 		.word	-1240768329
 892              	.LVL88:
 893              	.L50:
 147:Drivers/lvgl/src/draw/lv_draw_arc.c ****         area->x1 = x + ((lv_trigo_sin(start_angle_int + 90) * rout) >> LV_TRIGO_SHIFT) - extra_area
 894              		.loc 1 147 32 discriminator 1 view .LVU308
 895 0350 032A     		cmp	r2, #3
 896 0352 7FF499AE 		bne	.L33
 148:Drivers/lvgl/src/draw/lv_draw_arc.c ****         area->y1 = y - rout - extra_area;
 897              		.loc 1 148 9 is_stmt 1 view .LVU309
 148:Drivers/lvgl/src/draw/lv_draw_arc.c ****         area->y1 = y - rout - extra_area;
 898              		.loc 1 148 55 is_stmt 0 view .LVU310
 899 0356 04F15A00 		add	r0, r4, #90
 900              	.LVL89:
 148:Drivers/lvgl/src/draw/lv_draw_arc.c ****         area->y1 = y - rout - extra_area;
 901              		.loc 1 148 26 view .LVU311
 902 035a 00B2     		sxth	r0, r0
 903 035c FFF7FEFF 		bl	lv_trigo_sin
 904              	.LVL90:
 148:Drivers/lvgl/src/draw/lv_draw_arc.c ****         area->y1 = y - rout - extra_area;
 905              		.loc 1 148 61 discriminator 1 view .LVU312
 906 0360 05FB00F3 		mul	r3, r5, r0
 148:Drivers/lvgl/src/draw/lv_draw_arc.c ****         area->y1 = y - rout - extra_area;
 907              		.loc 1 148 22 discriminator 1 view .LVU313
 908 0364 07EBE333 		add	r3, r7, r3, asr #15
 148:Drivers/lvgl/src/draw/lv_draw_arc.c ****         area->y1 = y - rout - extra_area;
 909              		.loc 1 148 88 discriminator 1 view .LVU314
 910 0368 A3EB0803 		sub	r3, r3, r8
 148:Drivers/lvgl/src/draw/lv_draw_arc.c ****         area->y1 = y - rout - extra_area;
 911              		.loc 1 148 18 discriminator 1 view .LVU315
 912 036c CAF80030 		str	r3, [r10]
 149:Drivers/lvgl/src/draw/lv_draw_arc.c ****         area->x2 = x + ((lv_trigo_sin(end_angle_int + 90) * rout) >> LV_TRIGO_SHIFT) + extra_area;
 913              		.loc 1 149 9 is_stmt 1 view .LVU316
 149:Drivers/lvgl/src/draw/lv_draw_arc.c ****         area->x2 = x + ((lv_trigo_sin(end_angle_int + 90) * rout) >> LV_TRIGO_SHIFT) + extra_area;
 914              		.loc 1 149 22 is_stmt 0 view .LVU317
 915 0370 A9EB0503 		sub	r3, r9, r5
 149:Drivers/lvgl/src/draw/lv_draw_arc.c ****         area->x2 = x + ((lv_trigo_sin(end_angle_int + 90) * rout) >> LV_TRIGO_SHIFT) + extra_area;
 916              		.loc 1 149 29 view .LVU318
 917 0374 A3EB0803 		sub	r3, r3, r8
 149:Drivers/lvgl/src/draw/lv_draw_arc.c ****         area->x2 = x + ((lv_trigo_sin(end_angle_int + 90) * rout) >> LV_TRIGO_SHIFT) + extra_area;
 918              		.loc 1 149 18 view .LVU319
 919 0378 CAF80430 		str	r3, [r10, #4]
 150:Drivers/lvgl/src/draw/lv_draw_arc.c ****         area->y2 = y + (LV_MAX(lv_trigo_sin(end_angle_int) * rin,
 920              		.loc 1 150 9 is_stmt 1 view .LVU320
 150:Drivers/lvgl/src/draw/lv_draw_arc.c ****         area->y2 = y + (LV_MAX(lv_trigo_sin(end_angle_int) * rin,
 921              		.loc 1 150 53 is_stmt 0 view .LVU321
 922 037c 06F15A00 		add	r0, r6, #90
 150:Drivers/lvgl/src/draw/lv_draw_arc.c ****         area->y2 = y + (LV_MAX(lv_trigo_sin(end_angle_int) * rin,
 923              		.loc 1 150 26 view .LVU322
 924 0380 00B2     		sxth	r0, r0
 925 0382 FFF7FEFF 		bl	lv_trigo_sin
 926              	.LVL91:
 150:Drivers/lvgl/src/draw/lv_draw_arc.c ****         area->y2 = y + (LV_MAX(lv_trigo_sin(end_angle_int) * rin,
 927              		.loc 1 150 59 discriminator 1 view .LVU323
 928 0386 05FB00F3 		mul	r3, r5, r0
 150:Drivers/lvgl/src/draw/lv_draw_arc.c ****         area->y2 = y + (LV_MAX(lv_trigo_sin(end_angle_int) * rin,
ARM GAS  /var/folders/qx/2_175_4n2s19vhvtspjhb3qh0000gn/T//ccEbqYA5.s 			page 25


 929              		.loc 1 150 22 discriminator 1 view .LVU324
 930 038a 07EBE333 		add	r3, r7, r3, asr #15
 150:Drivers/lvgl/src/draw/lv_draw_arc.c ****         area->y2 = y + (LV_MAX(lv_trigo_sin(end_angle_int) * rin,
 931              		.loc 1 150 86 discriminator 1 view .LVU325
 932 038e 4344     		add	r3, r3, r8
 150:Drivers/lvgl/src/draw/lv_draw_arc.c ****         area->y2 = y + (LV_MAX(lv_trigo_sin(end_angle_int) * rin,
 933              		.loc 1 150 18 discriminator 1 view .LVU326
 934 0390 CAF80830 		str	r3, [r10, #8]
 151:Drivers/lvgl/src/draw/lv_draw_arc.c ****                                lv_trigo_sin(start_angle_int) * rin) >> LV_TRIGO_SHIFT) + extra_area
 935              		.loc 1 151 9 is_stmt 1 view .LVU327
 151:Drivers/lvgl/src/draw/lv_draw_arc.c ****                                lv_trigo_sin(start_angle_int) * rin) >> LV_TRIGO_SHIFT) + extra_area
 936              		.loc 1 151 25 is_stmt 0 view .LVU328
 937 0394 36B2     		sxth	r6, r6
 938              	.LVL92:
 151:Drivers/lvgl/src/draw/lv_draw_arc.c ****                                lv_trigo_sin(start_angle_int) * rin) >> LV_TRIGO_SHIFT) + extra_area
 939              		.loc 1 151 25 view .LVU329
 940 0396 3046     		mov	r0, r6
 941 0398 FFF7FEFF 		bl	lv_trigo_sin
 942              	.LVL93:
 151:Drivers/lvgl/src/draw/lv_draw_arc.c ****                                lv_trigo_sin(start_angle_int) * rin) >> LV_TRIGO_SHIFT) + extra_area
 943              		.loc 1 151 25 discriminator 1 view .LVU330
 944 039c 0BFB00F5 		mul	r5, fp, r0
 945              	.LVL94:
 151:Drivers/lvgl/src/draw/lv_draw_arc.c ****                                lv_trigo_sin(start_angle_int) * rin) >> LV_TRIGO_SHIFT) + extra_area
 946              		.loc 1 151 25 discriminator 1 view .LVU331
 947 03a0 24B2     		sxth	r4, r4
 948              	.LVL95:
 151:Drivers/lvgl/src/draw/lv_draw_arc.c ****                                lv_trigo_sin(start_angle_int) * rin) >> LV_TRIGO_SHIFT) + extra_area
 949              		.loc 1 151 25 discriminator 1 view .LVU332
 950 03a2 2046     		mov	r0, r4
 951 03a4 FFF7FEFF 		bl	lv_trigo_sin
 952              	.LVL96:
 151:Drivers/lvgl/src/draw/lv_draw_arc.c ****                                lv_trigo_sin(start_angle_int) * rin) >> LV_TRIGO_SHIFT) + extra_area
 953              		.loc 1 151 25 discriminator 2 view .LVU333
 954 03a8 0BFB00F0 		mul	r0, fp, r0
 152:Drivers/lvgl/src/draw/lv_draw_arc.c ****     }
 955              		.loc 1 152 69 view .LVU334
 956 03ac 8542     		cmp	r5, r0
 957 03ae 0ADD     		ble	.L34
 151:Drivers/lvgl/src/draw/lv_draw_arc.c ****                                lv_trigo_sin(start_angle_int) * rin) >> LV_TRIGO_SHIFT) + extra_area
 958              		.loc 1 151 25 view .LVU335
 959 03b0 3046     		mov	r0, r6
 960 03b2 FFF7FEFF 		bl	lv_trigo_sin
 961              	.LVL97:
 151:Drivers/lvgl/src/draw/lv_draw_arc.c ****                                lv_trigo_sin(start_angle_int) * rin) >> LV_TRIGO_SHIFT) + extra_area
 962              		.loc 1 151 25 discriminator 1 view .LVU336
 963 03b6 0BFB00F3 		mul	r3, fp, r0
 152:Drivers/lvgl/src/draw/lv_draw_arc.c ****     }
 964              		.loc 1 152 69 discriminator 1 view .LVU337
 965 03ba DB13     		asrs	r3, r3, #15
 966              	.L35:
 151:Drivers/lvgl/src/draw/lv_draw_arc.c ****                                lv_trigo_sin(start_angle_int) * rin) >> LV_TRIGO_SHIFT) + extra_area
 967              		.loc 1 151 22 view .LVU338
 968 03bc 4B44     		add	r3, r3, r9
 152:Drivers/lvgl/src/draw/lv_draw_arc.c ****     }
 969              		.loc 1 152 88 view .LVU339
 970 03be 4344     		add	r3, r3, r8
ARM GAS  /var/folders/qx/2_175_4n2s19vhvtspjhb3qh0000gn/T//ccEbqYA5.s 			page 26


 151:Drivers/lvgl/src/draw/lv_draw_arc.c ****                                lv_trigo_sin(start_angle_int) * rin) >> LV_TRIGO_SHIFT) + extra_area
 971              		.loc 1 151 18 view .LVU340
 972 03c0 CAF80C30 		str	r3, [r10, #12]
 973 03c4 70E6     		b	.L13
 974              	.L34:
 151:Drivers/lvgl/src/draw/lv_draw_arc.c ****                                lv_trigo_sin(start_angle_int) * rin) >> LV_TRIGO_SHIFT) + extra_area
 975              		.loc 1 151 25 view .LVU341
 976 03c6 2046     		mov	r0, r4
 977 03c8 FFF7FEFF 		bl	lv_trigo_sin
 978              	.LVL98:
 151:Drivers/lvgl/src/draw/lv_draw_arc.c ****                                lv_trigo_sin(start_angle_int) * rin) >> LV_TRIGO_SHIFT) + extra_area
 979              		.loc 1 151 25 discriminator 1 view .LVU342
 980 03cc 0BFB00F3 		mul	r3, fp, r0
 152:Drivers/lvgl/src/draw/lv_draw_arc.c ****     }
 981              		.loc 1 152 69 discriminator 2 view .LVU343
 982 03d0 DB13     		asrs	r3, r3, #15
 983 03d2 F3E7     		b	.L35
 984              	.LVL99:
 985              	.L51:
 154:Drivers/lvgl/src/draw/lv_draw_arc.c ****         area->x1 = x + ((LV_MIN(lv_trigo_sin(end_angle_int + 90),
 986              		.loc 1 154 32 discriminator 1 view .LVU344
 987 03d4 002A     		cmp	r2, #0
 988 03d6 7FF45AAE 		bne	.L36
 155:Drivers/lvgl/src/draw/lv_draw_arc.c ****                                 lv_trigo_sin(start_angle_int + 90)) * rin) >> LV_TRIGO_SHIFT) - ext
 989              		.loc 1 155 9 is_stmt 1 view .LVU345
 155:Drivers/lvgl/src/draw/lv_draw_arc.c ****                                 lv_trigo_sin(start_angle_int + 90)) * rin) >> LV_TRIGO_SHIFT) - ext
 990              		.loc 1 155 26 is_stmt 0 view .LVU346
 991 03da 06F15A03 		add	r3, r6, #90
 992              	.LVL100:
 155:Drivers/lvgl/src/draw/lv_draw_arc.c ****                                 lv_trigo_sin(start_angle_int + 90)) * rin) >> LV_TRIGO_SHIFT) - ext
 993              		.loc 1 155 26 view .LVU347
 994 03de 1BB2     		sxth	r3, r3
 995 03e0 0193     		str	r3, [sp, #4]
 996 03e2 1846     		mov	r0, r3
 997              	.LVL101:
 155:Drivers/lvgl/src/draw/lv_draw_arc.c ****                                 lv_trigo_sin(start_angle_int + 90)) * rin) >> LV_TRIGO_SHIFT) - ext
 998              		.loc 1 155 26 view .LVU348
 999 03e4 FFF7FEFF 		bl	lv_trigo_sin
 1000              	.LVL102:
 155:Drivers/lvgl/src/draw/lv_draw_arc.c ****                                 lv_trigo_sin(start_angle_int + 90)) * rin) >> LV_TRIGO_SHIFT) - ext
 1001              		.loc 1 155 26 view .LVU349
 1002 03e8 0290     		str	r0, [sp, #8]
 155:Drivers/lvgl/src/draw/lv_draw_arc.c ****                                 lv_trigo_sin(start_angle_int + 90)) * rin) >> LV_TRIGO_SHIFT) - ext
 1003              		.loc 1 155 26 discriminator 1 view .LVU350
 1004 03ea 04F15A03 		add	r3, r4, #90
 1005 03ee 1BB2     		sxth	r3, r3
 1006 03f0 0393     		str	r3, [sp, #12]
 1007 03f2 1846     		mov	r0, r3
 1008 03f4 FFF7FEFF 		bl	lv_trigo_sin
 1009              	.LVL103:
 155:Drivers/lvgl/src/draw/lv_draw_arc.c ****                                 lv_trigo_sin(start_angle_int + 90)) * rin) >> LV_TRIGO_SHIFT) - ext
 1010              		.loc 1 155 26 discriminator 2 view .LVU351
 1011 03f8 029A     		ldr	r2, [sp, #8]
 1012 03fa 8242     		cmp	r2, r0
 1013 03fc 24DA     		bge	.L37
 155:Drivers/lvgl/src/draw/lv_draw_arc.c ****                                 lv_trigo_sin(start_angle_int + 90)) * rin) >> LV_TRIGO_SHIFT) - ext
 1014              		.loc 1 155 26 discriminator 1 view .LVU352
ARM GAS  /var/folders/qx/2_175_4n2s19vhvtspjhb3qh0000gn/T//ccEbqYA5.s 			page 27


 1015 03fe 0198     		ldr	r0, [sp, #4]
 1016 0400 FFF7FEFF 		bl	lv_trigo_sin
 1017              	.LVL104:
 1018              	.L38:
 156:Drivers/lvgl/src/draw/lv_draw_arc.c ****         area->y1 = y + ((lv_trigo_sin(start_angle_int) * rout) >> LV_TRIGO_SHIFT) - extra_area;
 1019              		.loc 1 156 69 view .LVU353
 1020 0404 0BFB00F3 		mul	r3, fp, r0
 155:Drivers/lvgl/src/draw/lv_draw_arc.c ****                                 lv_trigo_sin(start_angle_int + 90)) * rin) >> LV_TRIGO_SHIFT) - ext
 1021              		.loc 1 155 22 view .LVU354
 1022 0408 07EBE333 		add	r3, r7, r3, asr #15
 156:Drivers/lvgl/src/draw/lv_draw_arc.c ****         area->y1 = y + ((lv_trigo_sin(start_angle_int) * rout) >> LV_TRIGO_SHIFT) - extra_area;
 1023              		.loc 1 156 95 view .LVU355
 1024 040c A3EB0803 		sub	r3, r3, r8
 155:Drivers/lvgl/src/draw/lv_draw_arc.c ****                                 lv_trigo_sin(start_angle_int + 90)) * rin) >> LV_TRIGO_SHIFT) - ext
 1025              		.loc 1 155 18 view .LVU356
 1026 0410 CAF80030 		str	r3, [r10]
 157:Drivers/lvgl/src/draw/lv_draw_arc.c ****         area->x2 = x + rout + extra_area;
 1027              		.loc 1 157 9 is_stmt 1 view .LVU357
 157:Drivers/lvgl/src/draw/lv_draw_arc.c ****         area->x2 = x + rout + extra_area;
 1028              		.loc 1 157 26 is_stmt 0 view .LVU358
 1029 0414 20B2     		sxth	r0, r4
 1030 0416 FFF7FEFF 		bl	lv_trigo_sin
 1031              	.LVL105:
 157:Drivers/lvgl/src/draw/lv_draw_arc.c ****         area->x2 = x + rout + extra_area;
 1032              		.loc 1 157 56 discriminator 1 view .LVU359
 1033 041a 05FB00F3 		mul	r3, r5, r0
 157:Drivers/lvgl/src/draw/lv_draw_arc.c ****         area->x2 = x + rout + extra_area;
 1034              		.loc 1 157 22 discriminator 1 view .LVU360
 1035 041e 09EBE333 		add	r3, r9, r3, asr #15
 157:Drivers/lvgl/src/draw/lv_draw_arc.c ****         area->x2 = x + rout + extra_area;
 1036              		.loc 1 157 83 discriminator 1 view .LVU361
 1037 0422 A3EB0803 		sub	r3, r3, r8
 157:Drivers/lvgl/src/draw/lv_draw_arc.c ****         area->x2 = x + rout + extra_area;
 1038              		.loc 1 157 18 discriminator 1 view .LVU362
 1039 0426 CAF80430 		str	r3, [r10, #4]
 158:Drivers/lvgl/src/draw/lv_draw_arc.c ****         area->y2 = y + ((lv_trigo_sin(end_angle_int) * rout) >> LV_TRIGO_SHIFT) + extra_area;
 1040              		.loc 1 158 9 is_stmt 1 view .LVU363
 158:Drivers/lvgl/src/draw/lv_draw_arc.c ****         area->y2 = y + ((lv_trigo_sin(end_angle_int) * rout) >> LV_TRIGO_SHIFT) + extra_area;
 1041              		.loc 1 158 22 is_stmt 0 view .LVU364
 1042 042a 2F44     		add	r7, r7, r5
 1043              	.LVL106:
 158:Drivers/lvgl/src/draw/lv_draw_arc.c ****         area->y2 = y + ((lv_trigo_sin(end_angle_int) * rout) >> LV_TRIGO_SHIFT) + extra_area;
 1044              		.loc 1 158 29 view .LVU365
 1045 042c 4744     		add	r7, r7, r8
 158:Drivers/lvgl/src/draw/lv_draw_arc.c ****         area->y2 = y + ((lv_trigo_sin(end_angle_int) * rout) >> LV_TRIGO_SHIFT) + extra_area;
 1046              		.loc 1 158 18 view .LVU366
 1047 042e CAF80870 		str	r7, [r10, #8]
 159:Drivers/lvgl/src/draw/lv_draw_arc.c **** 
 1048              		.loc 1 159 9 is_stmt 1 view .LVU367
 159:Drivers/lvgl/src/draw/lv_draw_arc.c **** 
 1049              		.loc 1 159 26 is_stmt 0 view .LVU368
 1050 0432 30B2     		sxth	r0, r6
 1051 0434 FFF7FEFF 		bl	lv_trigo_sin
 1052              	.LVL107:
 159:Drivers/lvgl/src/draw/lv_draw_arc.c **** 
 1053              		.loc 1 159 54 discriminator 1 view .LVU369
 1054 0438 05FB00F3 		mul	r3, r5, r0
ARM GAS  /var/folders/qx/2_175_4n2s19vhvtspjhb3qh0000gn/T//ccEbqYA5.s 			page 28


 159:Drivers/lvgl/src/draw/lv_draw_arc.c **** 
 1055              		.loc 1 159 22 discriminator 1 view .LVU370
 1056 043c 09EBE333 		add	r3, r9, r3, asr #15
 159:Drivers/lvgl/src/draw/lv_draw_arc.c **** 
 1057              		.loc 1 159 81 discriminator 1 view .LVU371
 1058 0440 4344     		add	r3, r3, r8
 159:Drivers/lvgl/src/draw/lv_draw_arc.c **** 
 1059              		.loc 1 159 18 discriminator 1 view .LVU372
 1060 0442 CAF80C30 		str	r3, [r10, #12]
 159:Drivers/lvgl/src/draw/lv_draw_arc.c **** 
 1061              		.loc 1 159 18 view .LVU373
 1062 0446 2FE6     		b	.L13
 1063              	.LVL108:
 1064              	.L37:
 155:Drivers/lvgl/src/draw/lv_draw_arc.c ****                                 lv_trigo_sin(start_angle_int + 90)) * rin) >> LV_TRIGO_SHIFT) - ext
 1065              		.loc 1 155 26 discriminator 2 view .LVU374
 1066 0448 0398     		ldr	r0, [sp, #12]
 1067 044a FFF7FEFF 		bl	lv_trigo_sin
 1068              	.LVL109:
 1069 044e D9E7     		b	.L38
 1070              		.cfi_endproc
 1071              	.LFE196:
 1073              		.text
 1074              	.Letext0:
 1075              		.file 3 "/Applications/ArmGNUToolchain/14.3.rel1/arm-none-eabi/arm-none-eabi/include/machine/_defa
 1076              		.file 4 "/Applications/ArmGNUToolchain/14.3.rel1/arm-none-eabi/arm-none-eabi/include/sys/_stdint.h
 1077              		.file 5 "/Applications/ArmGNUToolchain/14.3.rel1/arm-none-eabi/lib/gcc/arm-none-eabi/14.3.1/includ
 1078              		.file 6 "Drivers/lvgl/src/draw/../misc/lv_types.h"
 1079              		.file 7 "Drivers/lvgl/src/draw/lv_draw.h"
 1080              		.file 8 "Drivers/lvgl/src/draw/lv_draw_private.h"
 1081              		.file 9 "Drivers/lvgl/src/draw/../misc/../font/../draw/lv_draw_buf.h"
 1082              		.file 10 "Drivers/lvgl/src/draw/../misc/../font/../draw/../misc/lv_area.h"
 1083              		.file 11 "Drivers/lvgl/src/draw/../misc/../font/../draw/../misc/lv_color.h"
 1084              		.file 12 "Drivers/lvgl/src/draw/../misc/../font/../draw/lv_image_dsc.h"
 1085              		.file 13 "Drivers/lvgl/src/draw/../core/../draw/lv_draw_arc.h"
 1086              		.file 14 "Drivers/lvgl/src/draw/../misc/../font/../draw/../misc/lv_math.h"
ARM GAS  /var/folders/qx/2_175_4n2s19vhvtspjhb3qh0000gn/T//ccEbqYA5.s 			page 29


DEFINED SYMBOLS
                            *ABS*:00000000 lv_draw_arc.c
/var/folders/qx/2_175_4n2s19vhvtspjhb3qh0000gn/T//ccEbqYA5.s:21     .text.lv_draw_arc_dsc_init:00000000 $t
/var/folders/qx/2_175_4n2s19vhvtspjhb3qh0000gn/T//ccEbqYA5.s:27     .text.lv_draw_arc_dsc_init:00000000 lv_draw_arc_dsc_init
/var/folders/qx/2_175_4n2s19vhvtspjhb3qh0000gn/T//ccEbqYA5.s:84     .text.lv_draw_task_get_arc_dsc:00000000 $t
/var/folders/qx/2_175_4n2s19vhvtspjhb3qh0000gn/T//ccEbqYA5.s:90     .text.lv_draw_task_get_arc_dsc:00000000 lv_draw_task_get_arc_dsc
/var/folders/qx/2_175_4n2s19vhvtspjhb3qh0000gn/T//ccEbqYA5.s:120    .text.lv_draw_arc:00000000 $t
/var/folders/qx/2_175_4n2s19vhvtspjhb3qh0000gn/T//ccEbqYA5.s:126    .text.lv_draw_arc:00000000 lv_draw_arc
/var/folders/qx/2_175_4n2s19vhvtspjhb3qh0000gn/T//ccEbqYA5.s:243    .text.lv_draw_arc_get_area:00000000 $t
/var/folders/qx/2_175_4n2s19vhvtspjhb3qh0000gn/T//ccEbqYA5.s:249    .text.lv_draw_arc_get_area:00000000 lv_draw_arc_get_area
/var/folders/qx/2_175_4n2s19vhvtspjhb3qh0000gn/T//ccEbqYA5.s:476    .text.lv_draw_arc_get_area:000000e4 $d
/var/folders/qx/2_175_4n2s19vhvtspjhb3qh0000gn/T//ccEbqYA5.s:480    .text.lv_draw_arc_get_area:000000e8 $t
/var/folders/qx/2_175_4n2s19vhvtspjhb3qh0000gn/T//ccEbqYA5.s:891    .text.lv_draw_arc_get_area:0000034c $d
/var/folders/qx/2_175_4n2s19vhvtspjhb3qh0000gn/T//ccEbqYA5.s:895    .text.lv_draw_arc_get_area:00000350 $t

UNDEFINED SYMBOLS
lv_memset
lv_color_black
lv_draw_add_task
lv_memcpy
lv_draw_finalize_task_creation
lv_trigo_sin
