ARM GAS  C:\Users\moham\AppData\Local\Temp\ccrAsOzQ.s 			page 1


   1              		.cpu cortex-m4
   2              		.arch armv7e-m
   3              		.fpu fpv4-sp-d16
   4              		.eabi_attribute 27, 1
   5              		.eabi_attribute 28, 1
   6              		.eabi_attribute 20, 1
   7              		.eabi_attribute 21, 1
   8              		.eabi_attribute 23, 3
   9              		.eabi_attribute 24, 1
  10              		.eabi_attribute 25, 1
  11              		.eabi_attribute 26, 1
  12              		.eabi_attribute 30, 1
  13              		.eabi_attribute 34, 1
  14              		.eabi_attribute 18, 4
  15              		.file	"stm32f4xx_hal_i2c_ex.c"
  16              		.text
  17              	.Ltext0:
  18              		.cfi_sections	.debug_frame
  19              		.file 1 "Drivers/STM32F4xx_HAL_Driver/Src/stm32f4xx_hal_i2c_ex.c"
  20              		.section	.rodata.HAL_I2CEx_ConfigAnalogFilter.str1.4,"aMS",%progbits,1
  21              		.align	2
  22              	.LC0:
  23 0000 44726976 		.ascii	"Drivers/STM32F4xx_HAL_Driver/Src/stm32f4xx_hal_i2c_"
  23      6572732F 
  23      53544D33 
  23      32463478 
  23      785F4841 
  24 0033 65782E63 		.ascii	"ex.c\000"
  24      00
  25              		.section	.text.HAL_I2CEx_ConfigAnalogFilter,"ax",%progbits
  26              		.align	1
  27              		.global	HAL_I2CEx_ConfigAnalogFilter
  28              		.syntax unified
  29              		.thumb
  30              		.thumb_func
  32              	HAL_I2CEx_ConfigAnalogFilter:
  33              	.LVL0:
  34              	.LFB134:
   1:Drivers/STM32F4xx_HAL_Driver/Src/stm32f4xx_hal_i2c_ex.c **** /**
   2:Drivers/STM32F4xx_HAL_Driver/Src/stm32f4xx_hal_i2c_ex.c ****   ******************************************************************************
   3:Drivers/STM32F4xx_HAL_Driver/Src/stm32f4xx_hal_i2c_ex.c ****   * @file    stm32f4xx_hal_i2c_ex.c
   4:Drivers/STM32F4xx_HAL_Driver/Src/stm32f4xx_hal_i2c_ex.c ****   * @author  MCD Application Team
   5:Drivers/STM32F4xx_HAL_Driver/Src/stm32f4xx_hal_i2c_ex.c ****   * @brief   I2C Extension HAL module driver.
   6:Drivers/STM32F4xx_HAL_Driver/Src/stm32f4xx_hal_i2c_ex.c ****   *          This file provides firmware functions to manage the following
   7:Drivers/STM32F4xx_HAL_Driver/Src/stm32f4xx_hal_i2c_ex.c ****   *          functionalities of I2C extension peripheral:
   8:Drivers/STM32F4xx_HAL_Driver/Src/stm32f4xx_hal_i2c_ex.c ****   *           + Extension features functions
   9:Drivers/STM32F4xx_HAL_Driver/Src/stm32f4xx_hal_i2c_ex.c ****   *
  10:Drivers/STM32F4xx_HAL_Driver/Src/stm32f4xx_hal_i2c_ex.c ****   ******************************************************************************
  11:Drivers/STM32F4xx_HAL_Driver/Src/stm32f4xx_hal_i2c_ex.c ****   * @attention
  12:Drivers/STM32F4xx_HAL_Driver/Src/stm32f4xx_hal_i2c_ex.c ****   *
  13:Drivers/STM32F4xx_HAL_Driver/Src/stm32f4xx_hal_i2c_ex.c ****   * Copyright (c) 2016 STMicroelectronics.
  14:Drivers/STM32F4xx_HAL_Driver/Src/stm32f4xx_hal_i2c_ex.c ****   * All rights reserved.
  15:Drivers/STM32F4xx_HAL_Driver/Src/stm32f4xx_hal_i2c_ex.c ****   *
  16:Drivers/STM32F4xx_HAL_Driver/Src/stm32f4xx_hal_i2c_ex.c ****   * This software is licensed under terms that can be found in the LICENSE file
  17:Drivers/STM32F4xx_HAL_Driver/Src/stm32f4xx_hal_i2c_ex.c ****   * in the root directory of this software component.
  18:Drivers/STM32F4xx_HAL_Driver/Src/stm32f4xx_hal_i2c_ex.c ****   * If no LICENSE file comes with this software, it is provided AS-IS.
  19:Drivers/STM32F4xx_HAL_Driver/Src/stm32f4xx_hal_i2c_ex.c ****   *
ARM GAS  C:\Users\moham\AppData\Local\Temp\ccrAsOzQ.s 			page 2


  20:Drivers/STM32F4xx_HAL_Driver/Src/stm32f4xx_hal_i2c_ex.c ****   ******************************************************************************
  21:Drivers/STM32F4xx_HAL_Driver/Src/stm32f4xx_hal_i2c_ex.c ****   @verbatim
  22:Drivers/STM32F4xx_HAL_Driver/Src/stm32f4xx_hal_i2c_ex.c ****   ==============================================================================
  23:Drivers/STM32F4xx_HAL_Driver/Src/stm32f4xx_hal_i2c_ex.c ****                ##### I2C peripheral extension features  #####
  24:Drivers/STM32F4xx_HAL_Driver/Src/stm32f4xx_hal_i2c_ex.c ****   ==============================================================================
  25:Drivers/STM32F4xx_HAL_Driver/Src/stm32f4xx_hal_i2c_ex.c **** 
  26:Drivers/STM32F4xx_HAL_Driver/Src/stm32f4xx_hal_i2c_ex.c ****   [..] Comparing to other previous devices, the I2C interface for STM32F427xx/437xx/
  27:Drivers/STM32F4xx_HAL_Driver/Src/stm32f4xx_hal_i2c_ex.c ****        429xx/439xx devices contains the following additional features :
  28:Drivers/STM32F4xx_HAL_Driver/Src/stm32f4xx_hal_i2c_ex.c **** 
  29:Drivers/STM32F4xx_HAL_Driver/Src/stm32f4xx_hal_i2c_ex.c ****        (+) Possibility to disable or enable Analog Noise Filter
  30:Drivers/STM32F4xx_HAL_Driver/Src/stm32f4xx_hal_i2c_ex.c ****        (+) Use of a configured Digital Noise Filter
  31:Drivers/STM32F4xx_HAL_Driver/Src/stm32f4xx_hal_i2c_ex.c **** 
  32:Drivers/STM32F4xx_HAL_Driver/Src/stm32f4xx_hal_i2c_ex.c ****                      ##### How to use this driver #####
  33:Drivers/STM32F4xx_HAL_Driver/Src/stm32f4xx_hal_i2c_ex.c ****   ==============================================================================
  34:Drivers/STM32F4xx_HAL_Driver/Src/stm32f4xx_hal_i2c_ex.c ****   [..] This driver provides functions to configure Noise Filter
  35:Drivers/STM32F4xx_HAL_Driver/Src/stm32f4xx_hal_i2c_ex.c ****     (#) Configure I2C Analog noise filter using the function HAL_I2C_AnalogFilter_Config()
  36:Drivers/STM32F4xx_HAL_Driver/Src/stm32f4xx_hal_i2c_ex.c ****     (#) Configure I2C Digital noise filter using the function HAL_I2C_DigitalFilter_Config()
  37:Drivers/STM32F4xx_HAL_Driver/Src/stm32f4xx_hal_i2c_ex.c **** 
  38:Drivers/STM32F4xx_HAL_Driver/Src/stm32f4xx_hal_i2c_ex.c ****   @endverbatim
  39:Drivers/STM32F4xx_HAL_Driver/Src/stm32f4xx_hal_i2c_ex.c ****   */
  40:Drivers/STM32F4xx_HAL_Driver/Src/stm32f4xx_hal_i2c_ex.c **** 
  41:Drivers/STM32F4xx_HAL_Driver/Src/stm32f4xx_hal_i2c_ex.c **** /* Includes ------------------------------------------------------------------*/
  42:Drivers/STM32F4xx_HAL_Driver/Src/stm32f4xx_hal_i2c_ex.c **** #include "stm32f4xx_hal.h"
  43:Drivers/STM32F4xx_HAL_Driver/Src/stm32f4xx_hal_i2c_ex.c **** 
  44:Drivers/STM32F4xx_HAL_Driver/Src/stm32f4xx_hal_i2c_ex.c **** /** @addtogroup STM32F4xx_HAL_Driver
  45:Drivers/STM32F4xx_HAL_Driver/Src/stm32f4xx_hal_i2c_ex.c ****   * @{
  46:Drivers/STM32F4xx_HAL_Driver/Src/stm32f4xx_hal_i2c_ex.c ****   */
  47:Drivers/STM32F4xx_HAL_Driver/Src/stm32f4xx_hal_i2c_ex.c **** 
  48:Drivers/STM32F4xx_HAL_Driver/Src/stm32f4xx_hal_i2c_ex.c **** /** @defgroup I2CEx I2CEx
  49:Drivers/STM32F4xx_HAL_Driver/Src/stm32f4xx_hal_i2c_ex.c ****   * @brief I2C HAL module driver
  50:Drivers/STM32F4xx_HAL_Driver/Src/stm32f4xx_hal_i2c_ex.c ****   * @{
  51:Drivers/STM32F4xx_HAL_Driver/Src/stm32f4xx_hal_i2c_ex.c ****   */
  52:Drivers/STM32F4xx_HAL_Driver/Src/stm32f4xx_hal_i2c_ex.c **** 
  53:Drivers/STM32F4xx_HAL_Driver/Src/stm32f4xx_hal_i2c_ex.c **** #ifdef HAL_I2C_MODULE_ENABLED
  54:Drivers/STM32F4xx_HAL_Driver/Src/stm32f4xx_hal_i2c_ex.c **** 
  55:Drivers/STM32F4xx_HAL_Driver/Src/stm32f4xx_hal_i2c_ex.c **** #if  defined(I2C_FLTR_ANOFF)&&defined(I2C_FLTR_DNF)
  56:Drivers/STM32F4xx_HAL_Driver/Src/stm32f4xx_hal_i2c_ex.c **** /* Private typedef -----------------------------------------------------------*/
  57:Drivers/STM32F4xx_HAL_Driver/Src/stm32f4xx_hal_i2c_ex.c **** /* Private define ------------------------------------------------------------*/
  58:Drivers/STM32F4xx_HAL_Driver/Src/stm32f4xx_hal_i2c_ex.c **** /* Private macro -------------------------------------------------------------*/
  59:Drivers/STM32F4xx_HAL_Driver/Src/stm32f4xx_hal_i2c_ex.c **** /* Private variables ---------------------------------------------------------*/
  60:Drivers/STM32F4xx_HAL_Driver/Src/stm32f4xx_hal_i2c_ex.c **** /* Private function prototypes -----------------------------------------------*/
  61:Drivers/STM32F4xx_HAL_Driver/Src/stm32f4xx_hal_i2c_ex.c **** /* Exported functions --------------------------------------------------------*/
  62:Drivers/STM32F4xx_HAL_Driver/Src/stm32f4xx_hal_i2c_ex.c **** /** @defgroup I2CEx_Exported_Functions I2C Exported Functions
  63:Drivers/STM32F4xx_HAL_Driver/Src/stm32f4xx_hal_i2c_ex.c ****   * @{
  64:Drivers/STM32F4xx_HAL_Driver/Src/stm32f4xx_hal_i2c_ex.c ****   */
  65:Drivers/STM32F4xx_HAL_Driver/Src/stm32f4xx_hal_i2c_ex.c **** 
  66:Drivers/STM32F4xx_HAL_Driver/Src/stm32f4xx_hal_i2c_ex.c **** 
  67:Drivers/STM32F4xx_HAL_Driver/Src/stm32f4xx_hal_i2c_ex.c **** /** @defgroup I2CEx_Exported_Functions_Group1 Extension features functions
  68:Drivers/STM32F4xx_HAL_Driver/Src/stm32f4xx_hal_i2c_ex.c ****  *  @brief   Extension features functions
  69:Drivers/STM32F4xx_HAL_Driver/Src/stm32f4xx_hal_i2c_ex.c ****  *
  70:Drivers/STM32F4xx_HAL_Driver/Src/stm32f4xx_hal_i2c_ex.c **** @verbatim
  71:Drivers/STM32F4xx_HAL_Driver/Src/stm32f4xx_hal_i2c_ex.c ****  ===============================================================================
  72:Drivers/STM32F4xx_HAL_Driver/Src/stm32f4xx_hal_i2c_ex.c ****                       ##### Extension features functions #####
  73:Drivers/STM32F4xx_HAL_Driver/Src/stm32f4xx_hal_i2c_ex.c ****  ===============================================================================
  74:Drivers/STM32F4xx_HAL_Driver/Src/stm32f4xx_hal_i2c_ex.c ****     [..] This section provides functions allowing to:
  75:Drivers/STM32F4xx_HAL_Driver/Src/stm32f4xx_hal_i2c_ex.c ****       (+) Configure Noise Filters
  76:Drivers/STM32F4xx_HAL_Driver/Src/stm32f4xx_hal_i2c_ex.c **** 
ARM GAS  C:\Users\moham\AppData\Local\Temp\ccrAsOzQ.s 			page 3


  77:Drivers/STM32F4xx_HAL_Driver/Src/stm32f4xx_hal_i2c_ex.c **** @endverbatim
  78:Drivers/STM32F4xx_HAL_Driver/Src/stm32f4xx_hal_i2c_ex.c ****   * @{
  79:Drivers/STM32F4xx_HAL_Driver/Src/stm32f4xx_hal_i2c_ex.c ****   */
  80:Drivers/STM32F4xx_HAL_Driver/Src/stm32f4xx_hal_i2c_ex.c **** 
  81:Drivers/STM32F4xx_HAL_Driver/Src/stm32f4xx_hal_i2c_ex.c **** /**
  82:Drivers/STM32F4xx_HAL_Driver/Src/stm32f4xx_hal_i2c_ex.c ****   * @brief  Configures I2C Analog noise filter.
  83:Drivers/STM32F4xx_HAL_Driver/Src/stm32f4xx_hal_i2c_ex.c ****   * @param  hi2c pointer to a I2C_HandleTypeDef structure that contains
  84:Drivers/STM32F4xx_HAL_Driver/Src/stm32f4xx_hal_i2c_ex.c ****   *                the configuration information for the specified I2Cx peripheral.
  85:Drivers/STM32F4xx_HAL_Driver/Src/stm32f4xx_hal_i2c_ex.c ****   * @param  AnalogFilter new state of the Analog filter.
  86:Drivers/STM32F4xx_HAL_Driver/Src/stm32f4xx_hal_i2c_ex.c ****   * @retval HAL status
  87:Drivers/STM32F4xx_HAL_Driver/Src/stm32f4xx_hal_i2c_ex.c ****   */
  88:Drivers/STM32F4xx_HAL_Driver/Src/stm32f4xx_hal_i2c_ex.c **** HAL_StatusTypeDef HAL_I2CEx_ConfigAnalogFilter(I2C_HandleTypeDef *hi2c, uint32_t AnalogFilter)
  89:Drivers/STM32F4xx_HAL_Driver/Src/stm32f4xx_hal_i2c_ex.c **** {
  35              		.loc 1 89 1 view -0
  36              		.cfi_startproc
  37              		@ args = 0, pretend = 0, frame = 0
  38              		@ frame_needed = 0, uses_anonymous_args = 0
  39              		.loc 1 89 1 is_stmt 0 view .LVU1
  40 0000 38B5     		push	{r3, r4, r5, lr}
  41              	.LCFI0:
  42              		.cfi_def_cfa_offset 16
  43              		.cfi_offset 3, -16
  44              		.cfi_offset 4, -12
  45              		.cfi_offset 5, -8
  46              		.cfi_offset 14, -4
  47 0002 0446     		mov	r4, r0
  48 0004 0D46     		mov	r5, r1
  90:Drivers/STM32F4xx_HAL_Driver/Src/stm32f4xx_hal_i2c_ex.c ****   /* Check the parameters */
  91:Drivers/STM32F4xx_HAL_Driver/Src/stm32f4xx_hal_i2c_ex.c ****   assert_param(IS_I2C_ALL_INSTANCE(hi2c->Instance));
  49              		.loc 1 91 3 is_stmt 1 view .LVU2
  50 0006 0368     		ldr	r3, [r0]
  51 0008 1B4A     		ldr	r2, .L9
  52 000a 9342     		cmp	r3, r2
  53 000c 0BD0     		beq	.L2
  54              		.loc 1 91 3 is_stmt 0 discriminator 1 view .LVU3
  55 000e 02F58062 		add	r2, r2, #1024
  56 0012 9342     		cmp	r3, r2
  57 0014 07D0     		beq	.L2
  58              		.loc 1 91 3 discriminator 2 view .LVU4
  59 0016 02F58062 		add	r2, r2, #1024
  60 001a 9342     		cmp	r3, r2
  61 001c 03D0     		beq	.L2
  62              		.loc 1 91 3 discriminator 3 view .LVU5
  63 001e 5B21     		movs	r1, #91
  64              	.LVL1:
  65              		.loc 1 91 3 discriminator 3 view .LVU6
  66 0020 1648     		ldr	r0, .L9+4
  67              	.LVL2:
  68              		.loc 1 91 3 discriminator 3 view .LVU7
  69 0022 FFF7FEFF 		bl	assert_failed
  70              	.LVL3:
  71              	.L2:
  92:Drivers/STM32F4xx_HAL_Driver/Src/stm32f4xx_hal_i2c_ex.c ****   assert_param(IS_I2C_ANALOG_FILTER(AnalogFilter));
  72              		.loc 1 92 3 is_stmt 1 view .LVU8
  73 0026 0DB1     		cbz	r5, .L3
  74              		.loc 1 92 3 is_stmt 0 discriminator 1 view .LVU9
  75 0028 102D     		cmp	r5, #16
ARM GAS  C:\Users\moham\AppData\Local\Temp\ccrAsOzQ.s 			page 4


  76 002a 05D1     		bne	.L7
  77              	.L3:
  93:Drivers/STM32F4xx_HAL_Driver/Src/stm32f4xx_hal_i2c_ex.c **** 
  94:Drivers/STM32F4xx_HAL_Driver/Src/stm32f4xx_hal_i2c_ex.c ****   if (hi2c->State == HAL_I2C_STATE_READY)
  78              		.loc 1 94 3 is_stmt 1 view .LVU10
  79              		.loc 1 94 11 is_stmt 0 view .LVU11
  80 002c 94F83D30 		ldrb	r3, [r4, #61]	@ zero_extendqisi2
  81              		.loc 1 94 6 view .LVU12
  82 0030 202B     		cmp	r3, #32
  83 0032 06D0     		beq	.L8
  95:Drivers/STM32F4xx_HAL_Driver/Src/stm32f4xx_hal_i2c_ex.c ****   {
  96:Drivers/STM32F4xx_HAL_Driver/Src/stm32f4xx_hal_i2c_ex.c ****     hi2c->State = HAL_I2C_STATE_BUSY;
  97:Drivers/STM32F4xx_HAL_Driver/Src/stm32f4xx_hal_i2c_ex.c **** 
  98:Drivers/STM32F4xx_HAL_Driver/Src/stm32f4xx_hal_i2c_ex.c ****     /* Disable the selected I2C peripheral */
  99:Drivers/STM32F4xx_HAL_Driver/Src/stm32f4xx_hal_i2c_ex.c ****     __HAL_I2C_DISABLE(hi2c);
 100:Drivers/STM32F4xx_HAL_Driver/Src/stm32f4xx_hal_i2c_ex.c **** 
 101:Drivers/STM32F4xx_HAL_Driver/Src/stm32f4xx_hal_i2c_ex.c ****     /* Reset I2Cx ANOFF bit */
 102:Drivers/STM32F4xx_HAL_Driver/Src/stm32f4xx_hal_i2c_ex.c ****     hi2c->Instance->FLTR &= ~(I2C_FLTR_ANOFF);
 103:Drivers/STM32F4xx_HAL_Driver/Src/stm32f4xx_hal_i2c_ex.c **** 
 104:Drivers/STM32F4xx_HAL_Driver/Src/stm32f4xx_hal_i2c_ex.c ****     /* Disable the analog filter */
 105:Drivers/STM32F4xx_HAL_Driver/Src/stm32f4xx_hal_i2c_ex.c ****     hi2c->Instance->FLTR |= AnalogFilter;
 106:Drivers/STM32F4xx_HAL_Driver/Src/stm32f4xx_hal_i2c_ex.c **** 
 107:Drivers/STM32F4xx_HAL_Driver/Src/stm32f4xx_hal_i2c_ex.c ****     __HAL_I2C_ENABLE(hi2c);
 108:Drivers/STM32F4xx_HAL_Driver/Src/stm32f4xx_hal_i2c_ex.c **** 
 109:Drivers/STM32F4xx_HAL_Driver/Src/stm32f4xx_hal_i2c_ex.c ****     hi2c->State = HAL_I2C_STATE_READY;
 110:Drivers/STM32F4xx_HAL_Driver/Src/stm32f4xx_hal_i2c_ex.c **** 
 111:Drivers/STM32F4xx_HAL_Driver/Src/stm32f4xx_hal_i2c_ex.c ****     return HAL_OK;
 112:Drivers/STM32F4xx_HAL_Driver/Src/stm32f4xx_hal_i2c_ex.c ****   }
 113:Drivers/STM32F4xx_HAL_Driver/Src/stm32f4xx_hal_i2c_ex.c ****   else
 114:Drivers/STM32F4xx_HAL_Driver/Src/stm32f4xx_hal_i2c_ex.c ****   {
 115:Drivers/STM32F4xx_HAL_Driver/Src/stm32f4xx_hal_i2c_ex.c ****     return HAL_BUSY;
  84              		.loc 1 115 12 view .LVU13
  85 0034 0220     		movs	r0, #2
  86              	.L4:
 116:Drivers/STM32F4xx_HAL_Driver/Src/stm32f4xx_hal_i2c_ex.c ****   }
 117:Drivers/STM32F4xx_HAL_Driver/Src/stm32f4xx_hal_i2c_ex.c **** }
  87              		.loc 1 117 1 view .LVU14
  88 0036 38BD     		pop	{r3, r4, r5, pc}
  89              	.LVL4:
  90              	.L7:
  92:Drivers/STM32F4xx_HAL_Driver/Src/stm32f4xx_hal_i2c_ex.c **** 
  91              		.loc 1 92 3 discriminator 2 view .LVU15
  92 0038 5C21     		movs	r1, #92
  93 003a 1048     		ldr	r0, .L9+4
  94 003c FFF7FEFF 		bl	assert_failed
  95              	.LVL5:
  96 0040 F4E7     		b	.L3
  97              	.L8:
  96:Drivers/STM32F4xx_HAL_Driver/Src/stm32f4xx_hal_i2c_ex.c **** 
  98              		.loc 1 96 5 is_stmt 1 view .LVU16
  96:Drivers/STM32F4xx_HAL_Driver/Src/stm32f4xx_hal_i2c_ex.c **** 
  99              		.loc 1 96 17 is_stmt 0 view .LVU17
 100 0042 2423     		movs	r3, #36
 101 0044 84F83D30 		strb	r3, [r4, #61]
  99:Drivers/STM32F4xx_HAL_Driver/Src/stm32f4xx_hal_i2c_ex.c **** 
 102              		.loc 1 99 5 is_stmt 1 view .LVU18
 103 0048 2268     		ldr	r2, [r4]
ARM GAS  C:\Users\moham\AppData\Local\Temp\ccrAsOzQ.s 			page 5


 104 004a 1368     		ldr	r3, [r2]
 105 004c 23F00103 		bic	r3, r3, #1
 106 0050 1360     		str	r3, [r2]
 102:Drivers/STM32F4xx_HAL_Driver/Src/stm32f4xx_hal_i2c_ex.c **** 
 107              		.loc 1 102 5 view .LVU19
 102:Drivers/STM32F4xx_HAL_Driver/Src/stm32f4xx_hal_i2c_ex.c **** 
 108              		.loc 1 102 9 is_stmt 0 view .LVU20
 109 0052 2268     		ldr	r2, [r4]
 102:Drivers/STM32F4xx_HAL_Driver/Src/stm32f4xx_hal_i2c_ex.c **** 
 110              		.loc 1 102 19 view .LVU21
 111 0054 536A     		ldr	r3, [r2, #36]
 102:Drivers/STM32F4xx_HAL_Driver/Src/stm32f4xx_hal_i2c_ex.c **** 
 112              		.loc 1 102 26 view .LVU22
 113 0056 23F01003 		bic	r3, r3, #16
 114 005a 5362     		str	r3, [r2, #36]
 105:Drivers/STM32F4xx_HAL_Driver/Src/stm32f4xx_hal_i2c_ex.c **** 
 115              		.loc 1 105 5 is_stmt 1 view .LVU23
 105:Drivers/STM32F4xx_HAL_Driver/Src/stm32f4xx_hal_i2c_ex.c **** 
 116              		.loc 1 105 9 is_stmt 0 view .LVU24
 117 005c 2268     		ldr	r2, [r4]
 105:Drivers/STM32F4xx_HAL_Driver/Src/stm32f4xx_hal_i2c_ex.c **** 
 118              		.loc 1 105 19 view .LVU25
 119 005e 536A     		ldr	r3, [r2, #36]
 105:Drivers/STM32F4xx_HAL_Driver/Src/stm32f4xx_hal_i2c_ex.c **** 
 120              		.loc 1 105 26 view .LVU26
 121 0060 2B43     		orrs	r3, r3, r5
 122 0062 5362     		str	r3, [r2, #36]
 107:Drivers/STM32F4xx_HAL_Driver/Src/stm32f4xx_hal_i2c_ex.c **** 
 123              		.loc 1 107 5 is_stmt 1 view .LVU27
 124 0064 2268     		ldr	r2, [r4]
 125 0066 1368     		ldr	r3, [r2]
 126 0068 43F00103 		orr	r3, r3, #1
 127 006c 1360     		str	r3, [r2]
 109:Drivers/STM32F4xx_HAL_Driver/Src/stm32f4xx_hal_i2c_ex.c **** 
 128              		.loc 1 109 5 view .LVU28
 109:Drivers/STM32F4xx_HAL_Driver/Src/stm32f4xx_hal_i2c_ex.c **** 
 129              		.loc 1 109 17 is_stmt 0 view .LVU29
 130 006e 2023     		movs	r3, #32
 131 0070 84F83D30 		strb	r3, [r4, #61]
 111:Drivers/STM32F4xx_HAL_Driver/Src/stm32f4xx_hal_i2c_ex.c ****   }
 132              		.loc 1 111 5 is_stmt 1 view .LVU30
 111:Drivers/STM32F4xx_HAL_Driver/Src/stm32f4xx_hal_i2c_ex.c ****   }
 133              		.loc 1 111 12 is_stmt 0 view .LVU31
 134 0074 0020     		movs	r0, #0
 135 0076 DEE7     		b	.L4
 136              	.L10:
 137              		.align	2
 138              	.L9:
 139 0078 00540040 		.word	1073763328
 140 007c 00000000 		.word	.LC0
 141              		.cfi_endproc
 142              	.LFE134:
 144              		.section	.text.HAL_I2CEx_ConfigDigitalFilter,"ax",%progbits
 145              		.align	1
 146              		.global	HAL_I2CEx_ConfigDigitalFilter
 147              		.syntax unified
 148              		.thumb
ARM GAS  C:\Users\moham\AppData\Local\Temp\ccrAsOzQ.s 			page 6


 149              		.thumb_func
 151              	HAL_I2CEx_ConfigDigitalFilter:
 152              	.LVL6:
 153              	.LFB135:
 118:Drivers/STM32F4xx_HAL_Driver/Src/stm32f4xx_hal_i2c_ex.c **** 
 119:Drivers/STM32F4xx_HAL_Driver/Src/stm32f4xx_hal_i2c_ex.c **** /**
 120:Drivers/STM32F4xx_HAL_Driver/Src/stm32f4xx_hal_i2c_ex.c ****   * @brief  Configures I2C Digital noise filter.
 121:Drivers/STM32F4xx_HAL_Driver/Src/stm32f4xx_hal_i2c_ex.c ****   * @param  hi2c pointer to a I2C_HandleTypeDef structure that contains
 122:Drivers/STM32F4xx_HAL_Driver/Src/stm32f4xx_hal_i2c_ex.c ****   *                the configuration information for the specified I2Cx peripheral.
 123:Drivers/STM32F4xx_HAL_Driver/Src/stm32f4xx_hal_i2c_ex.c ****   * @param  DigitalFilter Coefficient of digital noise filter between 0x00 and 0x0F.
 124:Drivers/STM32F4xx_HAL_Driver/Src/stm32f4xx_hal_i2c_ex.c ****   * @retval HAL status
 125:Drivers/STM32F4xx_HAL_Driver/Src/stm32f4xx_hal_i2c_ex.c ****   */
 126:Drivers/STM32F4xx_HAL_Driver/Src/stm32f4xx_hal_i2c_ex.c **** HAL_StatusTypeDef HAL_I2CEx_ConfigDigitalFilter(I2C_HandleTypeDef *hi2c, uint32_t DigitalFilter)
 127:Drivers/STM32F4xx_HAL_Driver/Src/stm32f4xx_hal_i2c_ex.c **** {
 154              		.loc 1 127 1 is_stmt 1 view -0
 155              		.cfi_startproc
 156              		@ args = 0, pretend = 0, frame = 0
 157              		@ frame_needed = 0, uses_anonymous_args = 0
 158              		.loc 1 127 1 is_stmt 0 view .LVU33
 159 0000 38B5     		push	{r3, r4, r5, lr}
 160              	.LCFI1:
 161              		.cfi_def_cfa_offset 16
 162              		.cfi_offset 3, -16
 163              		.cfi_offset 4, -12
 164              		.cfi_offset 5, -8
 165              		.cfi_offset 14, -4
 166 0002 0446     		mov	r4, r0
 167 0004 0D46     		mov	r5, r1
 128:Drivers/STM32F4xx_HAL_Driver/Src/stm32f4xx_hal_i2c_ex.c ****   uint16_t tmpreg = 0;
 168              		.loc 1 128 3 is_stmt 1 view .LVU34
 169              	.LVL7:
 129:Drivers/STM32F4xx_HAL_Driver/Src/stm32f4xx_hal_i2c_ex.c **** 
 130:Drivers/STM32F4xx_HAL_Driver/Src/stm32f4xx_hal_i2c_ex.c ****   /* Check the parameters */
 131:Drivers/STM32F4xx_HAL_Driver/Src/stm32f4xx_hal_i2c_ex.c ****   assert_param(IS_I2C_ALL_INSTANCE(hi2c->Instance));
 170              		.loc 1 131 3 view .LVU35
 171 0006 0368     		ldr	r3, [r0]
 172 0008 1B4A     		ldr	r2, .L19
 173 000a 9342     		cmp	r3, r2
 174 000c 0BD0     		beq	.L12
 175              		.loc 1 131 3 is_stmt 0 discriminator 1 view .LVU36
 176 000e 02F58062 		add	r2, r2, #1024
 177 0012 9342     		cmp	r3, r2
 178 0014 07D0     		beq	.L12
 179              		.loc 1 131 3 discriminator 2 view .LVU37
 180 0016 02F58062 		add	r2, r2, #1024
 181 001a 9342     		cmp	r3, r2
 182 001c 03D0     		beq	.L12
 183              		.loc 1 131 3 discriminator 3 view .LVU38
 184 001e 8321     		movs	r1, #131
 185              	.LVL8:
 186              		.loc 1 131 3 discriminator 3 view .LVU39
 187 0020 1648     		ldr	r0, .L19+4
 188              	.LVL9:
 189              		.loc 1 131 3 discriminator 3 view .LVU40
 190 0022 FFF7FEFF 		bl	assert_failed
 191              	.LVL10:
 192              	.L12:
ARM GAS  C:\Users\moham\AppData\Local\Temp\ccrAsOzQ.s 			page 7


 132:Drivers/STM32F4xx_HAL_Driver/Src/stm32f4xx_hal_i2c_ex.c ****   assert_param(IS_I2C_DIGITAL_FILTER(DigitalFilter));
 193              		.loc 1 132 3 is_stmt 1 view .LVU41
 194 0026 0F2D     		cmp	r5, #15
 195 0028 05D8     		bhi	.L17
 196              	.L13:
 133:Drivers/STM32F4xx_HAL_Driver/Src/stm32f4xx_hal_i2c_ex.c **** 
 134:Drivers/STM32F4xx_HAL_Driver/Src/stm32f4xx_hal_i2c_ex.c ****   if (hi2c->State == HAL_I2C_STATE_READY)
 197              		.loc 1 134 3 view .LVU42
 198              		.loc 1 134 11 is_stmt 0 view .LVU43
 199 002a 94F83D30 		ldrb	r3, [r4, #61]	@ zero_extendqisi2
 200              		.loc 1 134 6 view .LVU44
 201 002e 202B     		cmp	r3, #32
 202 0030 06D0     		beq	.L18
 135:Drivers/STM32F4xx_HAL_Driver/Src/stm32f4xx_hal_i2c_ex.c ****   {
 136:Drivers/STM32F4xx_HAL_Driver/Src/stm32f4xx_hal_i2c_ex.c ****     hi2c->State = HAL_I2C_STATE_BUSY;
 137:Drivers/STM32F4xx_HAL_Driver/Src/stm32f4xx_hal_i2c_ex.c **** 
 138:Drivers/STM32F4xx_HAL_Driver/Src/stm32f4xx_hal_i2c_ex.c ****     /* Disable the selected I2C peripheral */
 139:Drivers/STM32F4xx_HAL_Driver/Src/stm32f4xx_hal_i2c_ex.c ****     __HAL_I2C_DISABLE(hi2c);
 140:Drivers/STM32F4xx_HAL_Driver/Src/stm32f4xx_hal_i2c_ex.c **** 
 141:Drivers/STM32F4xx_HAL_Driver/Src/stm32f4xx_hal_i2c_ex.c ****     /* Get the old register value */
 142:Drivers/STM32F4xx_HAL_Driver/Src/stm32f4xx_hal_i2c_ex.c ****     tmpreg = hi2c->Instance->FLTR;
 143:Drivers/STM32F4xx_HAL_Driver/Src/stm32f4xx_hal_i2c_ex.c **** 
 144:Drivers/STM32F4xx_HAL_Driver/Src/stm32f4xx_hal_i2c_ex.c ****     /* Reset I2Cx DNF bit [3:0] */
 145:Drivers/STM32F4xx_HAL_Driver/Src/stm32f4xx_hal_i2c_ex.c ****     tmpreg &= ~(I2C_FLTR_DNF);
 146:Drivers/STM32F4xx_HAL_Driver/Src/stm32f4xx_hal_i2c_ex.c **** 
 147:Drivers/STM32F4xx_HAL_Driver/Src/stm32f4xx_hal_i2c_ex.c ****     /* Set I2Cx DNF coefficient */
 148:Drivers/STM32F4xx_HAL_Driver/Src/stm32f4xx_hal_i2c_ex.c ****     tmpreg |= DigitalFilter;
 149:Drivers/STM32F4xx_HAL_Driver/Src/stm32f4xx_hal_i2c_ex.c **** 
 150:Drivers/STM32F4xx_HAL_Driver/Src/stm32f4xx_hal_i2c_ex.c ****     /* Store the new register value */
 151:Drivers/STM32F4xx_HAL_Driver/Src/stm32f4xx_hal_i2c_ex.c ****     hi2c->Instance->FLTR = tmpreg;
 152:Drivers/STM32F4xx_HAL_Driver/Src/stm32f4xx_hal_i2c_ex.c **** 
 153:Drivers/STM32F4xx_HAL_Driver/Src/stm32f4xx_hal_i2c_ex.c ****     __HAL_I2C_ENABLE(hi2c);
 154:Drivers/STM32F4xx_HAL_Driver/Src/stm32f4xx_hal_i2c_ex.c **** 
 155:Drivers/STM32F4xx_HAL_Driver/Src/stm32f4xx_hal_i2c_ex.c ****     hi2c->State = HAL_I2C_STATE_READY;
 156:Drivers/STM32F4xx_HAL_Driver/Src/stm32f4xx_hal_i2c_ex.c **** 
 157:Drivers/STM32F4xx_HAL_Driver/Src/stm32f4xx_hal_i2c_ex.c ****     return HAL_OK;
 158:Drivers/STM32F4xx_HAL_Driver/Src/stm32f4xx_hal_i2c_ex.c ****   }
 159:Drivers/STM32F4xx_HAL_Driver/Src/stm32f4xx_hal_i2c_ex.c ****   else
 160:Drivers/STM32F4xx_HAL_Driver/Src/stm32f4xx_hal_i2c_ex.c ****   {
 161:Drivers/STM32F4xx_HAL_Driver/Src/stm32f4xx_hal_i2c_ex.c ****     return HAL_BUSY;
 203              		.loc 1 161 12 view .LVU45
 204 0032 0220     		movs	r0, #2
 205              	.LVL11:
 206              	.L14:
 162:Drivers/STM32F4xx_HAL_Driver/Src/stm32f4xx_hal_i2c_ex.c ****   }
 163:Drivers/STM32F4xx_HAL_Driver/Src/stm32f4xx_hal_i2c_ex.c **** }
 207              		.loc 1 163 1 view .LVU46
 208 0034 38BD     		pop	{r3, r4, r5, pc}
 209              	.LVL12:
 210              	.L17:
 132:Drivers/STM32F4xx_HAL_Driver/Src/stm32f4xx_hal_i2c_ex.c **** 
 211              		.loc 1 132 3 discriminator 1 view .LVU47
 212 0036 8421     		movs	r1, #132
 213 0038 1048     		ldr	r0, .L19+4
 214 003a FFF7FEFF 		bl	assert_failed
 215              	.LVL13:
 216 003e F4E7     		b	.L13
ARM GAS  C:\Users\moham\AppData\Local\Temp\ccrAsOzQ.s 			page 8


 217              	.L18:
 136:Drivers/STM32F4xx_HAL_Driver/Src/stm32f4xx_hal_i2c_ex.c **** 
 218              		.loc 1 136 5 is_stmt 1 view .LVU48
 136:Drivers/STM32F4xx_HAL_Driver/Src/stm32f4xx_hal_i2c_ex.c **** 
 219              		.loc 1 136 17 is_stmt 0 view .LVU49
 220 0040 2423     		movs	r3, #36
 221 0042 84F83D30 		strb	r3, [r4, #61]
 139:Drivers/STM32F4xx_HAL_Driver/Src/stm32f4xx_hal_i2c_ex.c **** 
 222              		.loc 1 139 5 is_stmt 1 view .LVU50
 223 0046 2268     		ldr	r2, [r4]
 224 0048 1368     		ldr	r3, [r2]
 225 004a 23F00103 		bic	r3, r3, #1
 226 004e 1360     		str	r3, [r2]
 142:Drivers/STM32F4xx_HAL_Driver/Src/stm32f4xx_hal_i2c_ex.c **** 
 227              		.loc 1 142 5 view .LVU51
 142:Drivers/STM32F4xx_HAL_Driver/Src/stm32f4xx_hal_i2c_ex.c **** 
 228              		.loc 1 142 18 is_stmt 0 view .LVU52
 229 0050 2268     		ldr	r2, [r4]
 142:Drivers/STM32F4xx_HAL_Driver/Src/stm32f4xx_hal_i2c_ex.c **** 
 230              		.loc 1 142 28 view .LVU53
 231 0052 536A     		ldr	r3, [r2, #36]
 142:Drivers/STM32F4xx_HAL_Driver/Src/stm32f4xx_hal_i2c_ex.c **** 
 232              		.loc 1 142 12 view .LVU54
 233 0054 9BB2     		uxth	r3, r3
 234              	.LVL14:
 145:Drivers/STM32F4xx_HAL_Driver/Src/stm32f4xx_hal_i2c_ex.c **** 
 235              		.loc 1 145 5 is_stmt 1 view .LVU55
 145:Drivers/STM32F4xx_HAL_Driver/Src/stm32f4xx_hal_i2c_ex.c **** 
 236              		.loc 1 145 12 is_stmt 0 view .LVU56
 237 0056 23F00F03 		bic	r3, r3, #15
 238              	.LVL15:
 148:Drivers/STM32F4xx_HAL_Driver/Src/stm32f4xx_hal_i2c_ex.c **** 
 239              		.loc 1 148 5 is_stmt 1 view .LVU57
 148:Drivers/STM32F4xx_HAL_Driver/Src/stm32f4xx_hal_i2c_ex.c **** 
 240              		.loc 1 148 12 is_stmt 0 view .LVU58
 241 005a 43EA0501 		orr	r1, r3, r5
 242 005e 89B2     		uxth	r1, r1
 243              	.LVL16:
 151:Drivers/STM32F4xx_HAL_Driver/Src/stm32f4xx_hal_i2c_ex.c **** 
 244              		.loc 1 151 5 is_stmt 1 view .LVU59
 151:Drivers/STM32F4xx_HAL_Driver/Src/stm32f4xx_hal_i2c_ex.c **** 
 245              		.loc 1 151 26 is_stmt 0 view .LVU60
 246 0060 5162     		str	r1, [r2, #36]
 153:Drivers/STM32F4xx_HAL_Driver/Src/stm32f4xx_hal_i2c_ex.c **** 
 247              		.loc 1 153 5 is_stmt 1 view .LVU61
 248 0062 2268     		ldr	r2, [r4]
 249 0064 1368     		ldr	r3, [r2]
 250 0066 43F00103 		orr	r3, r3, #1
 251 006a 1360     		str	r3, [r2]
 155:Drivers/STM32F4xx_HAL_Driver/Src/stm32f4xx_hal_i2c_ex.c **** 
 252              		.loc 1 155 5 view .LVU62
 155:Drivers/STM32F4xx_HAL_Driver/Src/stm32f4xx_hal_i2c_ex.c **** 
 253              		.loc 1 155 17 is_stmt 0 view .LVU63
 254 006c 2023     		movs	r3, #32
 255 006e 84F83D30 		strb	r3, [r4, #61]
 157:Drivers/STM32F4xx_HAL_Driver/Src/stm32f4xx_hal_i2c_ex.c ****   }
 256              		.loc 1 157 5 is_stmt 1 view .LVU64
ARM GAS  C:\Users\moham\AppData\Local\Temp\ccrAsOzQ.s 			page 9


 157:Drivers/STM32F4xx_HAL_Driver/Src/stm32f4xx_hal_i2c_ex.c ****   }
 257              		.loc 1 157 12 is_stmt 0 view .LVU65
 258 0072 0020     		movs	r0, #0
 259 0074 DEE7     		b	.L14
 260              	.L20:
 261 0076 00BF     		.align	2
 262              	.L19:
 263 0078 00540040 		.word	1073763328
 264 007c 00000000 		.word	.LC0
 265              		.cfi_endproc
 266              	.LFE135:
 268              		.text
 269              	.Letext0:
 270              		.file 2 "C:/Program Files (x86)/Arm GNU Toolchain arm-none-eabi/14.3 rel1/arm-none-eabi/include/ma
 271              		.file 3 "C:/Program Files (x86)/Arm GNU Toolchain arm-none-eabi/14.3 rel1/arm-none-eabi/include/sy
 272              		.file 4 "Drivers/CMSIS/Device/ST/STM32F4xx/Include/stm32f429xx.h"
 273              		.file 5 "Drivers/STM32F4xx_HAL_Driver/Inc/stm32f4xx_hal_def.h"
 274              		.file 6 "Drivers/STM32F4xx_HAL_Driver/Inc/stm32f4xx_hal_dma.h"
 275              		.file 7 "Drivers/STM32F4xx_HAL_Driver/Inc/stm32f4xx_hal_i2c.h"
 276              		.file 8 "Core/Inc/stm32f4xx_hal_conf.h"
ARM GAS  C:\Users\moham\AppData\Local\Temp\ccrAsOzQ.s 			page 10


DEFINED SYMBOLS
                            *ABS*:00000000 stm32f4xx_hal_i2c_ex.c
C:\Users\moham\AppData\Local\Temp\ccrAsOzQ.s:21     .rodata.HAL_I2CEx_ConfigAnalogFilter.str1.4:00000000 $d
C:\Users\moham\AppData\Local\Temp\ccrAsOzQ.s:26     .text.HAL_I2CEx_ConfigAnalogFilter:00000000 $t
C:\Users\moham\AppData\Local\Temp\ccrAsOzQ.s:32     .text.HAL_I2CEx_ConfigAnalogFilter:00000000 HAL_I2CEx_ConfigAnalogFilter
C:\Users\moham\AppData\Local\Temp\ccrAsOzQ.s:139    .text.HAL_I2CEx_ConfigAnalogFilter:00000078 $d
C:\Users\moham\AppData\Local\Temp\ccrAsOzQ.s:145    .text.HAL_I2CEx_ConfigDigitalFilter:00000000 $t
C:\Users\moham\AppData\Local\Temp\ccrAsOzQ.s:151    .text.HAL_I2CEx_ConfigDigitalFilter:00000000 HAL_I2CEx_ConfigDigitalFilter
C:\Users\moham\AppData\Local\Temp\ccrAsOzQ.s:263    .text.HAL_I2CEx_ConfigDigitalFilter:00000078 $d

UNDEFINED SYMBOLS
assert_failed
